2023-10-20 10:37:18.603 [info] Extension host with pid 2734 started
2023-10-20 10:37:18.603 [info] Skipping acquiring lock for /home/ene/.config/Code - OSS/User/workspaceStorage/d7c96ed335ac508038779b4dda49f48b.
2023-10-20 10:37:18.863 [info] ExtensionService#_doActivateExtension vscode.emmet, startup: false, activationEvent: 'onLanguage'
2023-10-20 10:37:19.053 [info] ExtensionService#_doActivateExtension vscode.git-base, startup: true, activationEvent: '*', root cause: vscode.git
2023-10-20 10:37:19.084 [info] ExtensionService#_doActivateExtension vscode.git, startup: true, activationEvent: '*'
2023-10-20 10:37:19.141 [info] ExtensionService#_doActivateExtension vscode.github, startup: true, activationEvent: '*'
2023-10-20 10:37:19.244 [info] Eager extensions activated
2023-10-20 10:37:19.332 [info] ExtensionService#_doActivateExtension vscode.debug-auto-launch, startup: false, activationEvent: 'onStartupFinished'
2023-10-20 10:37:19.336 [info] ExtensionService#_doActivateExtension vscode.merge-conflict, startup: false, activationEvent: 'onStartupFinished'
2023-10-20 10:37:19.672 [warning] [Decorations] CAPPING events from decorations provider vscode.git 2969
2023-10-20 10:37:20.403 [warning] [Decorations] CAPPING events from decorations provider vscode.git 2970
2023-10-20 10:37:23.166 [warning] [Decorations] CAPPING events from decorations provider vscode.git 2971
2023-10-20 10:37:28.323 [warning] [Decorations] CAPPING events from decorations provider vscode.git 2971
2023-10-20 10:37:33.434 [warning] [Decorations] CAPPING events from decorations provider vscode.git 2971
2023-10-20 10:37:38.545 [warning] [Decorations] CAPPING events from decorations provider vscode.git 2935
2023-10-20 10:37:43.645 [warning] [Decorations] CAPPING events from decorations provider vscode.git 2935
2023-10-20 10:37:48.751 [warning] [Decorations] CAPPING events from decorations provider vscode.git 2934
2023-10-20 10:37:53.873 [warning] [Decorations] CAPPING events from decorations provider vscode.git 2933
2023-10-20 10:37:58.999 [warning] [Decorations] CAPPING events from decorations provider vscode.git 2933
2023-10-20 10:38:04.145 [warning] [Decorations] CAPPING events from decorations provider vscode.git 2933
2023-10-20 10:39:11.402 [warning] [Decorations] CAPPING events from decorations provider vscode.git 2933
2023-10-20 10:39:16.501 [warning] [Decorations] CAPPING events from decorations provider vscode.git 2934
2023-10-20 10:39:21.642 [warning] [Decorations] CAPPING events from decorations provider vscode.git 2934
2023-10-20 10:39:26.815 [warning] [Decorations] CAPPING events from decorations provider vscode.git 2934
2023-10-20 10:39:42.865 [warning] [Decorations] CAPPING events from decorations provider vscode.git 2934
2023-10-20 10:39:48.025 [warning] [Decorations] CAPPING events from decorations provider vscode.git 2934
2023-10-20 10:39:50.924 [info] ExtensionService#_doActivateExtension vscode.npm, startup: false, activationEvent: 'onTerminalQuickFixRequest:ms-vscode.npm-command'
2023-10-20 10:39:53.182 [warning] [Decorations] CAPPING events from decorations provider vscode.git 2934
2023-10-20 10:39:58.347 [warning] [Decorations] CAPPING events from decorations provider vscode.git 2934
2023-10-20 10:40:04.460 [error] {"message":"Failed to execute git","stdout":"","stderr":"fatal: not a git repository (or any parent up to mount point /)\nStopping at filesystem boundary (GIT_DISCOVERY_ACROSS_FILESYSTEM not set).\n","exitCode":128,"gitErrorCode":"NotAGitRepository","gitCommand":"remote","gitArgs":["remote","--verbose"]}
2023-10-20 10:41:18.346 [warning] [Decorations] CAPPING events from decorations provider vscode.git 2934
2023-10-20 10:41:18.859 [warning] [Decorations] CAPPING events from decorations provider vscode.git 2934
2023-10-20 10:41:20.517 [warning] [Decorations] CAPPING events from decorations provider vscode.git 2934
2023-10-20 10:41:25.650 [warning] [Decorations] CAPPING events from decorations provider vscode.git 2934
