2023-10-18 19:54:43.486 [info] Extension host with pid 7732 started
2023-10-18 19:54:43.687 [info] ExtensionService#_doActivateExtension vscode.git-base, startup: true, activationEvent: '*', root cause: vscode.git
2023-10-18 19:54:43.698 [info] ExtensionService#_doActivateExtension vscode.git, startup: true, activationEvent: '*'
2023-10-18 19:54:43.740 [info] ExtensionService#_doActivateExtension vscode.github, startup: true, activationEvent: '*'
2023-10-18 19:54:43.799 [info] Eager extensions activated
2023-10-18 19:54:43.831 [info] ExtensionService#_doActivateExtension vscode.debug-auto-launch, startup: false, activationEvent: 'onStartupFinished'
2023-10-18 19:54:43.835 [info] ExtensionService#_doActivateExtension vscode.merge-conflict, startup: false, activationEvent: 'onStartupFinished'
2023-10-18 19:54:51.132 [info] Extension host terminating: renderer closed the MessagePort
2023-10-18 19:54:51.143 [info] Extension host with pid 7732 exiting with code 0
2023-10-18 19:54:52.742 [info] Extension host with pid 7769 started
2023-10-18 19:54:52.742 [info] Skipping acquiring lock for /home/ene/.config/Code - OSS/User/workspaceStorage/d7c96ed335ac508038779b4dda49f48b.
2023-10-18 19:54:52.899 [info] ExtensionService#_doActivateExtension vscode.emmet, startup: false, activationEvent: 'onLanguage'
2023-10-18 19:54:52.970 [info] ExtensionService#_doActivateExtension vscode.git-base, startup: true, activationEvent: '*', root cause: vscode.git
2023-10-18 19:54:52.982 [info] ExtensionService#_doActivateExtension vscode.git, startup: true, activationEvent: '*'
2023-10-18 19:54:53.023 [info] ExtensionService#_doActivateExtension vscode.github, startup: true, activationEvent: '*'
2023-10-18 19:54:53.096 [info] Eager extensions activated
2023-10-18 19:54:53.266 [info] ExtensionService#_doActivateExtension vscode.debug-auto-launch, startup: false, activationEvent: 'onStartupFinished'
2023-10-18 19:54:53.271 [info] ExtensionService#_doActivateExtension vscode.merge-conflict, startup: false, activationEvent: 'onStartupFinished'
2023-10-18 19:54:53.444 [warning] [Decorations] CAPPING events from decorations provider vscode.git 2898
2023-10-18 19:54:54.290 [warning] [Decorations] CAPPING events from decorations provider vscode.git 2898
2023-10-18 19:54:57.427 [warning] [Decorations] CAPPING events from decorations provider vscode.git 2879
2023-10-18 19:55:02.592 [warning] [Decorations] CAPPING events from decorations provider vscode.git 2879
2023-10-18 19:55:07.750 [warning] [Decorations] CAPPING events from decorations provider vscode.git 2879
2023-10-18 19:55:09.325 [info] ExtensionService#_doActivateExtension vscode.css-language-features, startup: false, activationEvent: 'onLanguage:css'
2023-10-18 19:55:12.914 [warning] [Decorations] CAPPING events from decorations provider vscode.git 2879
2023-10-18 19:55:18.068 [warning] [Decorations] CAPPING events from decorations provider vscode.git 2879
2023-10-18 19:55:23.199 [warning] [Decorations] CAPPING events from decorations provider vscode.git 2877
2023-10-18 19:55:28.333 [warning] [Decorations] CAPPING events from decorations provider vscode.git 2877
2023-10-18 19:55:33.498 [warning] [Decorations] CAPPING events from decorations provider vscode.git 2877
2023-10-18 19:55:38.661 [warning] [Decorations] CAPPING events from decorations provider vscode.git 2878
2023-10-18 19:55:43.815 [warning] [Decorations] CAPPING events from decorations provider vscode.git 2879
2023-10-18 19:55:52.325 [warning] [Decorations] CAPPING events from decorations provider vscode.git 2878
2023-10-18 19:55:57.428 [warning] [Decorations] CAPPING events from decorations provider vscode.git 2878
2023-10-18 19:56:02.582 [warning] [Decorations] CAPPING events from decorations provider vscode.git 2878
2023-10-18 19:56:07.801 [warning] [Decorations] CAPPING events from decorations provider vscode.git 2878
2023-10-18 19:56:12.939 [warning] [Decorations] CAPPING events from decorations provider vscode.git 2878
2023-10-18 19:56:18.066 [warning] [Decorations] CAPPING events from decorations provider vscode.git 2878
2023-10-18 19:56:23.188 [warning] [Decorations] CAPPING events from decorations provider vscode.git 2879
2023-10-18 19:57:15.970 [warning] [Decorations] CAPPING events from decorations provider vscode.git 2879
2023-10-18 19:57:21.118 [warning] [Decorations] CAPPING events from decorations provider vscode.git 2879
2023-10-18 19:57:26.209 [warning] [Decorations] CAPPING events from decorations provider vscode.git 2879
2023-10-18 19:57:31.414 [warning] [Decorations] CAPPING events from decorations provider vscode.git 2879
2023-10-18 19:57:36.601 [warning] [Decorations] CAPPING events from decorations provider vscode.git 2879
2023-10-18 20:00:01.800 [warning] [Decorations] CAPPING events from decorations provider vscode.git 2879
2023-10-18 20:00:06.951 [warning] [Decorations] CAPPING events from decorations provider vscode.git 2879
2023-10-18 20:00:17.246 [warning] [Decorations] CAPPING events from decorations provider vscode.git 2879
2023-10-18 20:00:35.071 [warning] [Decorations] CAPPING events from decorations provider vscode.git 2879
2023-10-18 20:00:40.233 [warning] [Decorations] CAPPING events from decorations provider vscode.git 2879
2023-10-18 20:00:45.350 [warning] [Decorations] CAPPING events from decorations provider vscode.git 2880
2023-10-18 20:01:06.600 [warning] [Decorations] CAPPING events from decorations provider vscode.git 2879
2023-10-18 20:01:11.747 [warning] [Decorations] CAPPING events from decorations provider vscode.git 2879
2023-10-18 20:01:16.860 [warning] [Decorations] CAPPING events from decorations provider vscode.git 2879
2023-10-18 20:01:22.016 [warning] [Decorations] CAPPING events from decorations provider vscode.git 2880
2023-10-18 20:01:33.093 [warning] [Decorations] CAPPING events from decorations provider vscode.git 2880
2023-10-18 20:01:38.238 [warning] [Decorations] CAPPING events from decorations provider vscode.git 2880
2023-10-18 20:01:43.405 [warning] [Decorations] CAPPING events from decorations provider vscode.git 2880
2023-10-18 20:01:48.583 [warning] [Decorations] CAPPING events from decorations provider vscode.git 2880
2023-10-18 20:01:53.755 [warning] [Decorations] CAPPING events from decorations provider vscode.git 2880
2023-10-18 20:01:58.926 [warning] [Decorations] CAPPING events from decorations provider vscode.git 2880
2023-10-18 20:02:04.053 [warning] [Decorations] CAPPING events from decorations provider vscode.git 2880
2023-10-18 20:02:09.247 [warning] [Decorations] CAPPING events from decorations provider vscode.git 2880
2023-10-18 20:02:14.375 [warning] [Decorations] CAPPING events from decorations provider vscode.git 2880
2023-10-18 20:02:19.540 [warning] [Decorations] CAPPING events from decorations provider vscode.git 2880
2023-10-18 20:02:24.680 [warning] [Decorations] CAPPING events from decorations provider vscode.git 2881
2023-10-18 20:02:29.811 [warning] [Decorations] CAPPING events from decorations provider vscode.git 2881
2023-10-18 20:02:34.959 [warning] [Decorations] CAPPING events from decorations provider vscode.git 2882
2023-10-18 20:02:40.120 [warning] [Decorations] CAPPING events from decorations provider vscode.git 2882
2023-10-18 20:02:45.274 [warning] [Decorations] CAPPING events from decorations provider vscode.git 2883
2023-10-18 20:02:50.569 [warning] [Decorations] CAPPING events from decorations provider vscode.git 2883
2023-10-18 20:02:55.737 [warning] [Decorations] CAPPING events from decorations provider vscode.git 2883
2023-10-18 20:03:00.900 [warning] [Decorations] CAPPING events from decorations provider vscode.git 2883
2023-10-18 20:03:06.055 [warning] [Decorations] CAPPING events from decorations provider vscode.git 2883
2023-10-18 20:03:11.228 [warning] [Decorations] CAPPING events from decorations provider vscode.git 2883
2023-10-18 20:03:16.371 [warning] [Decorations] CAPPING events from decorations provider vscode.git 2883
2023-10-18 20:03:21.533 [warning] [Decorations] CAPPING events from decorations provider vscode.git 2883
2023-10-18 20:03:26.680 [warning] [Decorations] CAPPING events from decorations provider vscode.git 2883
2023-10-18 20:03:31.817 [warning] [Decorations] CAPPING events from decorations provider vscode.git 2883
2023-10-18 20:03:36.947 [warning] [Decorations] CAPPING events from decorations provider vscode.git 2883
2023-10-18 20:03:42.111 [warning] [Decorations] CAPPING events from decorations provider vscode.git 2883
2023-10-18 20:03:47.265 [warning] [Decorations] CAPPING events from decorations provider vscode.git 2883
2023-10-18 20:03:52.383 [warning] [Decorations] CAPPING events from decorations provider vscode.git 2883
2023-10-18 20:03:57.582 [warning] [Decorations] CAPPING events from decorations provider vscode.git 2883
2023-10-18 20:04:02.692 [warning] [Decorations] CAPPING events from decorations provider vscode.git 2883
2023-10-18 20:04:07.835 [warning] [Decorations] CAPPING events from decorations provider vscode.git 2883
2023-10-18 20:04:12.954 [warning] [Decorations] CAPPING events from decorations provider vscode.git 2883
2023-10-18 20:04:12.964 [info] ExtensionService#_doActivateExtension vscode.extension-editing, startup: false, activationEvent: 'onLanguage:json'
2023-10-18 20:04:12.976 [info] ExtensionService#_doActivateExtension vscode.json-language-features, startup: false, activationEvent: 'onLanguage:json'
2023-10-18 20:04:13.003 [info] ExtensionService#_doActivateExtension vscode.npm, startup: false, activationEvent: 'onLanguage:json'
2023-10-18 20:04:18.048 [warning] [Decorations] CAPPING events from decorations provider vscode.git 2884
2023-10-18 20:04:23.208 [warning] [Decorations] CAPPING events from decorations provider vscode.git 2884
2023-10-18 20:04:28.371 [warning] [Decorations] CAPPING events from decorations provider vscode.git 2884
2023-10-18 20:04:33.527 [warning] [Decorations] CAPPING events from decorations provider vscode.git 2884
2023-10-18 20:04:38.695 [warning] [Decorations] CAPPING events from decorations provider vscode.git 2884
2023-10-18 20:04:43.870 [warning] [Decorations] CAPPING events from decorations provider vscode.git 2884
2023-10-18 20:04:48.977 [warning] [Decorations] CAPPING events from decorations provider vscode.git 2884
2023-10-18 20:04:54.093 [warning] [Decorations] CAPPING events from decorations provider vscode.git 2884
2023-10-18 20:04:59.264 [warning] [Decorations] CAPPING events from decorations provider vscode.git 2884
2023-10-18 20:05:04.386 [warning] [Decorations] CAPPING events from decorations provider vscode.git 2884
2023-10-18 20:05:09.556 [warning] [Decorations] CAPPING events from decorations provider vscode.git 2884
2023-10-18 20:05:14.723 [warning] [Decorations] CAPPING events from decorations provider vscode.git 2884
2023-10-18 20:05:19.881 [warning] [Decorations] CAPPING events from decorations provider vscode.git 2884
2023-10-18 20:05:25.068 [warning] [Decorations] CAPPING events from decorations provider vscode.git 2884
2023-10-18 20:05:30.221 [warning] [Decorations] CAPPING events from decorations provider vscode.git 2884
2023-10-18 20:05:35.391 [warning] [Decorations] CAPPING events from decorations provider vscode.git 2884
2023-10-18 20:05:40.534 [warning] [Decorations] CAPPING events from decorations provider vscode.git 2884
2023-10-18 20:05:45.667 [warning] [Decorations] CAPPING events from decorations provider vscode.git 2884
2023-10-18 20:05:50.836 [warning] [Decorations] CAPPING events from decorations provider vscode.git 2884
2023-10-18 20:05:55.991 [warning] [Decorations] CAPPING events from decorations provider vscode.git 2884
2023-10-18 20:06:01.145 [warning] [Decorations] CAPPING events from decorations provider vscode.git 2884
2023-10-18 20:06:06.294 [warning] [Decorations] CAPPING events from decorations provider vscode.git 2884
2023-10-18 20:06:11.459 [warning] [Decorations] CAPPING events from decorations provider vscode.git 2884
2023-10-18 20:06:16.630 [warning] [Decorations] CAPPING events from decorations provider vscode.git 2884
2023-10-18 20:06:21.784 [warning] [Decorations] CAPPING events from decorations provider vscode.git 2884
2023-10-18 20:06:26.945 [warning] [Decorations] CAPPING events from decorations provider vscode.git 2884
2023-10-18 20:06:48.087 [warning] [Decorations] CAPPING events from decorations provider vscode.git 2885
2023-10-18 20:06:53.250 [warning] [Decorations] CAPPING events from decorations provider vscode.git 2884
2023-10-18 20:06:58.400 [warning] [Decorations] CAPPING events from decorations provider vscode.git 2884
2023-10-18 20:07:03.562 [warning] [Decorations] CAPPING events from decorations provider vscode.git 2884
2023-10-18 20:07:08.720 [warning] [Decorations] CAPPING events from decorations provider vscode.git 2884
2023-10-18 20:07:13.877 [warning] [Decorations] CAPPING events from decorations provider vscode.git 2884
2023-10-18 20:07:19.038 [warning] [Decorations] CAPPING events from decorations provider vscode.git 2884
2023-10-18 20:07:24.197 [warning] [Decorations] CAPPING events from decorations provider vscode.git 2884
2023-10-18 20:07:29.350 [warning] [Decorations] CAPPING events from decorations provider vscode.git 2884
2023-10-18 20:07:34.517 [warning] [Decorations] CAPPING events from decorations provider vscode.git 2885
2023-10-18 20:07:39.682 [warning] [Decorations] CAPPING events from decorations provider vscode.git 2885
2023-10-18 20:07:44.838 [warning] [Decorations] CAPPING events from decorations provider vscode.git 2885
2023-10-18 20:07:50.019 [warning] [Decorations] CAPPING events from decorations provider vscode.git 2885
2023-10-18 20:07:55.192 [warning] [Decorations] CAPPING events from decorations provider vscode.git 2885
2023-10-18 20:08:00.351 [warning] [Decorations] CAPPING events from decorations provider vscode.git 2885
2023-10-18 20:08:05.505 [warning] [Decorations] CAPPING events from decorations provider vscode.git 2885
2023-10-18 20:08:10.678 [warning] [Decorations] CAPPING events from decorations provider vscode.git 2885
2023-10-18 20:08:15.853 [warning] [Decorations] CAPPING events from decorations provider vscode.git 2885
2023-10-18 20:08:21.030 [warning] [Decorations] CAPPING events from decorations provider vscode.git 2885
2023-10-18 20:08:26.203 [warning] [Decorations] CAPPING events from decorations provider vscode.git 2885
2023-10-18 20:08:31.374 [warning] [Decorations] CAPPING events from decorations provider vscode.git 2885
2023-10-18 20:08:36.501 [warning] [Decorations] CAPPING events from decorations provider vscode.git 2885
2023-10-18 20:08:41.689 [warning] [Decorations] CAPPING events from decorations provider vscode.git 2885
2023-10-18 20:08:46.832 [warning] [Decorations] CAPPING events from decorations provider vscode.git 2885
2023-10-18 20:08:51.992 [warning] [Decorations] CAPPING events from decorations provider vscode.git 2885
2023-10-18 20:08:57.112 [warning] [Decorations] CAPPING events from decorations provider vscode.git 2885
2023-10-18 20:09:02.276 [warning] [Decorations] CAPPING events from decorations provider vscode.git 2885
2023-10-18 20:09:17.030 [warning] [Decorations] CAPPING events from decorations provider vscode.git 2886
2023-10-18 20:09:22.183 [warning] [Decorations] CAPPING events from decorations provider vscode.git 2885
2023-10-18 20:10:49.036 [warning] [Decorations] CAPPING events from decorations provider vscode.git 2885
2023-10-18 20:10:54.153 [warning] [Decorations] CAPPING events from decorations provider vscode.git 2886
2023-10-18 20:11:14.887 [warning] [Decorations] CAPPING events from decorations provider vscode.git 2886
2023-10-18 20:11:19.995 [warning] [Decorations] CAPPING events from decorations provider vscode.git 2886
2023-10-18 20:11:25.159 [warning] [Decorations] CAPPING events from decorations provider vscode.git 2886
2023-10-18 20:11:30.344 [warning] [Decorations] CAPPING events from decorations provider vscode.git 2886
2023-10-18 20:11:35.489 [warning] [Decorations] CAPPING events from decorations provider vscode.git 2886
2023-10-18 20:11:40.638 [warning] [Decorations] CAPPING events from decorations provider vscode.git 2886
2023-10-18 20:11:45.807 [warning] [Decorations] CAPPING events from decorations provider vscode.git 2886
2023-10-18 20:11:50.919 [warning] [Decorations] CAPPING events from decorations provider vscode.git 2886
2023-10-18 20:11:56.076 [warning] [Decorations] CAPPING events from decorations provider vscode.git 2886
2023-10-18 20:12:01.242 [warning] [Decorations] CAPPING events from decorations provider vscode.git 2886
2023-10-18 20:12:06.406 [warning] [Decorations] CAPPING events from decorations provider vscode.git 2886
2023-10-18 20:12:11.550 [warning] [Decorations] CAPPING events from decorations provider vscode.git 2886
2023-10-18 20:12:16.729 [warning] [Decorations] CAPPING events from decorations provider vscode.git 2886
2023-10-18 20:12:21.878 [warning] [Decorations] CAPPING events from decorations provider vscode.git 2886
2023-10-18 20:12:27.088 [warning] [Decorations] CAPPING events from decorations provider vscode.git 2886
2023-10-18 20:12:32.240 [warning] [Decorations] CAPPING events from decorations provider vscode.git 2886
2023-10-18 20:12:37.400 [warning] [Decorations] CAPPING events from decorations provider vscode.git 2886
2023-10-18 20:12:42.581 [warning] [Decorations] CAPPING events from decorations provider vscode.git 2886
2023-10-18 20:12:53.935 [warning] [Decorations] CAPPING events from decorations provider vscode.git 2886
2023-10-18 20:12:59.092 [warning] [Decorations] CAPPING events from decorations provider vscode.git 2886
2023-10-18 20:13:04.259 [warning] [Decorations] CAPPING events from decorations provider vscode.git 2886
2023-10-18 20:13:09.421 [warning] [Decorations] CAPPING events from decorations provider vscode.git 2886
2023-10-18 20:13:14.610 [warning] [Decorations] CAPPING events from decorations provider vscode.git 2886
2023-10-18 20:13:19.763 [warning] [Decorations] CAPPING events from decorations provider vscode.git 2886
2023-10-18 20:13:24.929 [warning] [Decorations] CAPPING events from decorations provider vscode.git 2886
2023-10-18 20:13:30.099 [warning] [Decorations] CAPPING events from decorations provider vscode.git 2886
2023-10-18 20:13:35.269 [warning] [Decorations] CAPPING events from decorations provider vscode.git 2886
2023-10-18 20:13:40.435 [warning] [Decorations] CAPPING events from decorations provider vscode.git 2886
2023-10-18 20:13:45.606 [warning] [Decorations] CAPPING events from decorations provider vscode.git 2886
2023-10-18 20:13:50.769 [warning] [Decorations] CAPPING events from decorations provider vscode.git 2886
2023-10-18 20:13:55.942 [warning] [Decorations] CAPPING events from decorations provider vscode.git 2886
2023-10-18 20:14:01.104 [warning] [Decorations] CAPPING events from decorations provider vscode.git 2886
2023-10-18 20:14:06.278 [warning] [Decorations] CAPPING events from decorations provider vscode.git 2886
2023-10-18 20:14:11.440 [warning] [Decorations] CAPPING events from decorations provider vscode.git 2886
2023-10-18 20:14:16.611 [warning] [Decorations] CAPPING events from decorations provider vscode.git 2886
2023-10-18 20:14:21.772 [warning] [Decorations] CAPPING events from decorations provider vscode.git 2886
2023-10-18 20:16:08.956 [warning] [Decorations] CAPPING events from decorations provider vscode.git 2886
2023-10-18 20:16:14.107 [warning] [Decorations] CAPPING events from decorations provider vscode.git 2886
2023-10-18 20:16:19.235 [warning] [Decorations] CAPPING events from decorations provider vscode.git 2887
2023-10-18 20:16:24.657 [warning] [Decorations] CAPPING events from decorations provider vscode.git 2887
2023-10-18 20:17:17.528 [warning] [Decorations] CAPPING events from decorations provider vscode.git 2887
2023-10-18 20:17:22.639 [warning] [Decorations] CAPPING events from decorations provider vscode.git 2887
2023-10-18 20:17:27.787 [warning] [Decorations] CAPPING events from decorations provider vscode.git 2888
2023-10-18 20:17:43.199 [info] Extension host terminating: renderer closed the MessagePort
2023-10-18 20:17:43.219 [error] Canceled: Canceled
	at new g (/usr/lib/code/out/vs/workbench/api/node/extensionHostProcess.js:125:57216)
	at i.U (/usr/lib/code/out/vs/workbench/api/node/extensionHostProcess.js:134:10864)
	at M.<computed>.j.charCodeAt.M.<computed> (/usr/lib/code/out/vs/workbench/api/node/extensionHostProcess.js:134:8315)
	at n.g (/usr/lib/code/out/vs/workbench/api/node/extensionHostProcess.js:125:83747)
	at n.executeCommand (/usr/lib/code/out/vs/workbench/api/node/extensionHostProcess.js:125:83185)
	at b.registerCommand.description (/usr/lib/code/out/vs/workbench/api/node/extensionHostProcess.js:125:82506)
	at n.h (/usr/lib/code/out/vs/workbench/api/node/extensionHostProcess.js:125:84283)
	at n.g (/usr/lib/code/out/vs/workbench/api/node/extensionHostProcess.js:125:83278)
	at n.executeCommand (/usr/lib/code/out/vs/workbench/api/node/extensionHostProcess.js:125:83185)
	at Object.executeCommand (/usr/lib/code/out/vs/workbench/api/node/extensionHostProcess.js:140:21282)
	at s.D [as value] (/usr/lib/code/extensions/git/dist/main.js:2:1312800)
	at c.z (/usr/lib/code/out/vs/workbench/api/node/extensionHostProcess.js:80:1902)
	at c.A (/usr/lib/code/out/vs/workbench/api/node/extensionHostProcess.js:80:1972)
	at c.fire (/usr/lib/code/out/vs/workbench/api/node/extensionHostProcess.js:80:2188)
	at Object.m [as dispose] (/usr/lib/code/extensions/git/dist/main.js:2:1328588)
	at /usr/lib/code/extensions/git/dist/main.js:2:1333429
	at Array.forEach (<anonymous>)
	at g.dispose (/usr/lib/code/extensions/git/dist/main.js:2:1333415)
	at v.<anonymous> (/usr/lib/code/out/vs/workbench/api/node/extensionHostProcess.js:121:3521)
	at v.dispose (/usr/lib/code/out/vs/workbench/api/node/extensionHostProcess.js:121:3618)
	at v.<anonymous> (/usr/lib/code/extensions/git/dist/main.js:2:1314812)
	at v.dispose (/usr/lib/code/out/vs/workbench/api/node/extensionHostProcess.js:121:3618)
	at o (/usr/lib/code/out/vs/workbench/api/node/extensionHostProcess.js:30:754)
	at s.cb (/usr/lib/code/out/vs/workbench/api/node/extensionHostProcess.js:136:9846)
	at /usr/lib/code/out/vs/workbench/api/node/extensionHostProcess.js:136:7796
	at Array.map (<anonymous>)
	at s.Y (/usr/lib/code/out/vs/workbench/api/node/extensionHostProcess.js:136:7784)
	at s.terminate (/usr/lib/code/out/vs/workbench/api/node/extensionHostProcess.js:136:8054)
	at o.terminate (/usr/lib/code/out/vs/workbench/api/node/extensionHostProcess.js:140:1513)
	at l (/usr/lib/code/out/vs/workbench/api/node/extensionHostProcess.js:153:9801)
	at MessagePortMain.<anonymous> (/usr/lib/code/out/vs/workbench/api/node/extensionHostProcess.js:153:6226)
	at MessagePortMain.emit (node:events:513:28)
	at MessagePortMain._internalPort.emit (node:electron/js2c/utility_init:2:367) setContext undefined
2023-10-18 20:17:43.221 [error] Canceled: Canceled
	at new g (/usr/lib/code/out/vs/workbench/api/node/extensionHostProcess.js:125:57216)
	at i.U (/usr/lib/code/out/vs/workbench/api/node/extensionHostProcess.js:134:10864)
	at M.<computed>.j.charCodeAt.M.<computed> (/usr/lib/code/out/vs/workbench/api/node/extensionHostProcess.js:134:8315)
	at n.g (/usr/lib/code/out/vs/workbench/api/node/extensionHostProcess.js:125:83747)
	at n.executeCommand (/usr/lib/code/out/vs/workbench/api/node/extensionHostProcess.js:125:83185)
	at b.registerCommand.description (/usr/lib/code/out/vs/workbench/api/node/extensionHostProcess.js:125:82506)
	at n.h (/usr/lib/code/out/vs/workbench/api/node/extensionHostProcess.js:125:84283)
	at n.g (/usr/lib/code/out/vs/workbench/api/node/extensionHostProcess.js:125:83278)
	at n.executeCommand (/usr/lib/code/out/vs/workbench/api/node/extensionHostProcess.js:125:83185)
	at Object.executeCommand (/usr/lib/code/out/vs/workbench/api/node/extensionHostProcess.js:140:21282)
	at set b [as b] (/usr/lib/code/extensions/github/dist/extension.js:2:714415)
	at /usr/lib/code/extensions/github/dist/extension.js:2:715056
	at s.value (/usr/lib/code/extensions/git/dist/main.js:2:1402040)
	at c.z (/usr/lib/code/out/vs/workbench/api/node/extensionHostProcess.js:80:1902)
	at c.A (/usr/lib/code/out/vs/workbench/api/node/extensionHostProcess.js:80:1972)
	at c.fire (/usr/lib/code/out/vs/workbench/api/node/extensionHostProcess.js:80:2188)
	at Object.m [as dispose] (/usr/lib/code/extensions/git/dist/main.js:2:1328588)
	at /usr/lib/code/extensions/git/dist/main.js:2:1333429
	at Array.forEach (<anonymous>)
	at g.dispose (/usr/lib/code/extensions/git/dist/main.js:2:1333415)
	at v.<anonymous> (/usr/lib/code/out/vs/workbench/api/node/extensionHostProcess.js:121:3521)
	at v.dispose (/usr/lib/code/out/vs/workbench/api/node/extensionHostProcess.js:121:3618)
	at v.<anonymous> (/usr/lib/code/extensions/git/dist/main.js:2:1314812)
	at v.dispose (/usr/lib/code/out/vs/workbench/api/node/extensionHostProcess.js:121:3618)
	at o (/usr/lib/code/out/vs/workbench/api/node/extensionHostProcess.js:30:754)
	at s.cb (/usr/lib/code/out/vs/workbench/api/node/extensionHostProcess.js:136:9846)
	at /usr/lib/code/out/vs/workbench/api/node/extensionHostProcess.js:136:7796
	at Array.map (<anonymous>)
	at s.Y (/usr/lib/code/out/vs/workbench/api/node/extensionHostProcess.js:136:7784)
	at s.terminate (/usr/lib/code/out/vs/workbench/api/node/extensionHostProcess.js:136:8054)
	at o.terminate (/usr/lib/code/out/vs/workbench/api/node/extensionHostProcess.js:140:1513)
	at l (/usr/lib/code/out/vs/workbench/api/node/extensionHostProcess.js:153:9801)
	at MessagePortMain.<anonymous> (/usr/lib/code/out/vs/workbench/api/node/extensionHostProcess.js:153:6226)
	at MessagePortMain.emit (node:events:513:28)
	at MessagePortMain._internalPort.emit (node:electron/js2c/utility_init:2:367) setContext undefined
2023-10-18 20:17:43.228 [info] Extension host with pid 7769 exiting with code 0
