2023-10-19 11:50:26.762 [info] Log level: Info
2023-10-19 11:50:26.762 [info] Validating found git in: "git"
2023-10-19 11:50:26.762 [info] Using git "2.42.0" from "git"
2023-10-19 11:50:26.762 [info] > git rev-parse --show-toplevel [11ms]
2023-10-19 11:50:26.762 [info] fatal: not a git repository (or any parent up to mount point /)
Stopping at filesystem boundary (GIT_DISCOVERY_ACROSS_FILESYSTEM not set).
2023-10-19 11:50:26.762 [info] > git rev-parse --show-toplevel [11ms]
2023-10-19 11:50:26.762 [info] fatal: not a git repository (or any parent up to mount point /)
Stopping at filesystem boundary (GIT_DISCOVERY_ACROSS_FILESYSTEM not set).
2023-10-19 11:50:26.762 [info] > git rev-parse --show-toplevel [9ms]
2023-10-19 11:50:26.762 [info] fatal: not a git repository (or any parent up to mount point /)
Stopping at filesystem boundary (GIT_DISCOVERY_ACROSS_FILESYSTEM not set).
2023-10-19 11:50:26.773 [info] > git rev-parse --show-toplevel [1ms]
2023-10-19 11:50:26.773 [info] fatal: not a git repository (or any parent up to mount point /)
Stopping at filesystem boundary (GIT_DISCOVERY_ACROSS_FILESYSTEM not set).
2023-10-19 11:50:26.784 [info] > git rev-parse --show-toplevel [2ms]
2023-10-19 11:50:26.784 [info] fatal: not a git repository (or any parent up to mount point /)
Stopping at filesystem boundary (GIT_DISCOVERY_ACROSS_FILESYSTEM not set).
2023-10-19 11:50:26.795 [info] > git rev-parse --show-toplevel [1ms]
2023-10-19 11:50:26.795 [info] fatal: not a git repository (or any parent up to mount point /)
Stopping at filesystem boundary (GIT_DISCOVERY_ACROSS_FILESYSTEM not set).
2023-10-19 11:50:26.806 [info] > git rev-parse --show-toplevel [2ms]
2023-10-19 11:50:26.806 [info] fatal: not a git repository (or any parent up to mount point /)
Stopping at filesystem boundary (GIT_DISCOVERY_ACROSS_FILESYSTEM not set).
2023-10-19 11:50:26.817 [info] > git rev-parse --show-toplevel [2ms]
2023-10-19 11:50:26.817 [info] fatal: not a git repository (or any parent up to mount point /)
Stopping at filesystem boundary (GIT_DISCOVERY_ACROSS_FILESYSTEM not set).
2023-10-19 11:50:26.828 [info] > git rev-parse --show-toplevel [2ms]
2023-10-19 11:50:26.828 [info] fatal: not a git repository (or any parent up to mount point /)
Stopping at filesystem boundary (GIT_DISCOVERY_ACROSS_FILESYSTEM not set).
2023-10-19 11:50:26.841 [info] > git rev-parse --show-toplevel [2ms]
2023-10-19 11:50:26.841 [info] fatal: not a git repository (or any parent up to mount point /)
Stopping at filesystem boundary (GIT_DISCOVERY_ACROSS_FILESYSTEM not set).
2023-10-19 11:50:26.853 [info] > git rev-parse --show-toplevel [1ms]
2023-10-19 11:50:26.853 [info] fatal: not a git repository (or any parent up to mount point /)
Stopping at filesystem boundary (GIT_DISCOVERY_ACROSS_FILESYSTEM not set).
2023-10-19 11:50:26.862 [info] > git rev-parse --show-toplevel [1ms]
2023-10-19 11:50:26.862 [info] fatal: not a git repository (or any parent up to mount point /)
Stopping at filesystem boundary (GIT_DISCOVERY_ACROSS_FILESYSTEM not set).
2023-10-19 11:50:26.872 [info] > git rev-parse --show-toplevel [2ms]
2023-10-19 11:50:26.872 [info] fatal: not a git repository (or any parent up to mount point /)
Stopping at filesystem boundary (GIT_DISCOVERY_ACROSS_FILESYSTEM not set).
2023-10-19 11:50:27.021 [info] > git rev-parse --show-toplevel [2ms]
2023-10-19 11:50:27.021 [info] fatal: not a git repository (or any parent up to mount point /)
Stopping at filesystem boundary (GIT_DISCOVERY_ACROSS_FILESYSTEM not set).
2023-10-19 11:50:31.103 [info] > git rev-parse --show-toplevel [1ms]
2023-10-19 11:50:31.104 [info] fatal: not a git repository (or any parent up to mount point /)
Stopping at filesystem boundary (GIT_DISCOVERY_ACROSS_FILESYSTEM not set).
2023-10-19 11:51:00.437 [info] Log level: Info
2023-10-19 11:51:00.437 [info] Validating found git in: "git"
2023-10-19 11:51:00.437 [info] Using git "2.42.0" from "git"
2023-10-19 11:51:13.322 [info] Log level: Info
2023-10-19 11:51:13.322 [info] Validating found git in: "git"
2023-10-19 11:51:13.322 [info] Using git "2.42.0" from "git"
2023-10-19 11:51:13.322 [info] > git rev-parse --show-toplevel [3ms]
2023-10-19 11:51:13.322 [info] fatal: not a git repository (or any parent up to mount point /)
Stopping at filesystem boundary (GIT_DISCOVERY_ACROSS_FILESYSTEM not set).
2023-10-19 11:51:13.322 [info] > git rev-parse --show-toplevel [2ms]
2023-10-19 11:51:13.322 [info] fatal: not a git repository (or any parent up to mount point /)
Stopping at filesystem boundary (GIT_DISCOVERY_ACROSS_FILESYSTEM not set).
2023-10-19 11:51:13.322 [info] > git rev-parse --show-toplevel [2ms]
2023-10-19 11:51:13.322 [info] fatal: not a git repository (or any parent up to mount point /)
Stopping at filesystem boundary (GIT_DISCOVERY_ACROSS_FILESYSTEM not set).
2023-10-19 11:51:13.322 [info] > git rev-parse --show-toplevel [4ms]
2023-10-19 11:51:13.322 [info] > git rev-parse --git-dir --git-common-dir [2ms]
2023-10-19 11:51:13.322 [info] Open repository: /home/ene/.config
2023-10-19 11:51:13.322 [info] > git config --get commit.template [12ms]
2023-10-19 11:51:13.322 [info] > git rev-parse --show-toplevel [3ms]
2023-10-19 11:51:13.322 [info] fatal: not a git repository (or any parent up to mount point /)
Stopping at filesystem boundary (GIT_DISCOVERY_ACROSS_FILESYSTEM not set).
2023-10-19 11:51:13.322 [info] No remotes found in the git config file.
2023-10-19 11:51:13.322 [info] > git for-each-ref --format=%(refname)%00%(upstream:short)%00%(objectname)%00%(upstream:track)%00%(upstream:remotename)%00%(upstream:remoteref) refs/heads/master refs/remotes/master [12ms]
2023-10-19 11:51:13.322 [info] > git rev-parse --show-toplevel [29ms]
2023-10-19 11:51:13.322 [info] fatal: not a git repository (or any parent up to mount point /)
Stopping at filesystem boundary (GIT_DISCOVERY_ACROSS_FILESYSTEM not set).
2023-10-19 11:51:13.322 [info] > git status -z -uall [64ms]
2023-10-19 11:51:13.322 [info] > git rev-parse --show-toplevel [25ms]
2023-10-19 11:51:13.322 [info] fatal: not a git repository (or any parent up to mount point /)
Stopping at filesystem boundary (GIT_DISCOVERY_ACROSS_FILESYSTEM not set).
2023-10-19 11:51:13.959 [info] > git config --get commit.template [619ms]
2023-10-19 11:51:13.959 [info] > git rev-parse --show-toplevel [628ms]
2023-10-19 11:51:13.959 [info] fatal: not a git repository (or any parent up to mount point /)
Stopping at filesystem boundary (GIT_DISCOVERY_ACROSS_FILESYSTEM not set).
2023-10-19 11:51:14.015 [info] No remotes found in the git config file.
2023-10-19 11:51:14.023 [info] > git rev-parse --show-toplevel [49ms]
2023-10-19 11:51:14.023 [info] fatal: not a git repository (or any parent up to mount point /)
Stopping at filesystem boundary (GIT_DISCOVERY_ACROSS_FILESYSTEM not set).
2023-10-19 11:51:14.034 [info] > git for-each-ref --format=%(refname)%00%(upstream:short)%00%(objectname)%00%(upstream:track)%00%(upstream:remotename)%00%(upstream:remoteref) refs/heads/master refs/remotes/master [19ms]
2023-10-19 11:51:14.046 [info] > git rev-parse --show-toplevel [13ms]
2023-10-19 11:51:14.046 [info] fatal: not a git repository (or any parent up to mount point /)
Stopping at filesystem boundary (GIT_DISCOVERY_ACROSS_FILESYSTEM not set).
2023-10-19 11:51:14.060 [info] > git rev-parse --show-toplevel [2ms]
2023-10-19 11:51:14.060 [info] fatal: not a git repository (or any parent up to mount point /)
Stopping at filesystem boundary (GIT_DISCOVERY_ACROSS_FILESYSTEM not set).
2023-10-19 11:51:14.072 [info] > git status -z -uall [30ms]
2023-10-19 11:51:14.072 [info] > git rev-parse --show-toplevel [4ms]
2023-10-19 11:51:14.072 [info] fatal: not a git repository (or any parent up to mount point /)
Stopping at filesystem boundary (GIT_DISCOVERY_ACROSS_FILESYSTEM not set).
2023-10-19 11:51:14.138 [info] > git rev-parse --show-toplevel [2ms]
2023-10-19 11:51:14.138 [info] fatal: not a git repository (or any parent up to mount point /)
Stopping at filesystem boundary (GIT_DISCOVERY_ACROSS_FILESYSTEM not set).
2023-10-19 11:51:14.151 [info] > git rev-parse --show-toplevel [2ms]
2023-10-19 11:51:14.151 [info] fatal: not a git repository (or any parent up to mount point /)
Stopping at filesystem boundary (GIT_DISCOVERY_ACROSS_FILESYSTEM not set).
2023-10-19 11:51:14.159 [info] > git rev-parse --show-toplevel [1ms]
2023-10-19 11:51:14.159 [info] fatal: not a git repository (or any parent up to mount point /)
Stopping at filesystem boundary (GIT_DISCOVERY_ACROSS_FILESYSTEM not set).
2023-10-19 11:51:14.169 [info] > git rev-parse --show-toplevel [2ms]
2023-10-19 11:51:14.177 [info] > git rev-parse --git-dir --git-common-dir [1ms]
2023-10-19 11:51:14.185 [info] Open repository: /home/ene/it610
2023-10-19 11:51:14.810 [info] > git rev-parse --show-toplevel [607ms]
2023-10-19 11:51:14.810 [info] fatal: not a git repository (or any parent up to mount point /)
Stopping at filesystem boundary (GIT_DISCOVERY_ACROSS_FILESYSTEM not set).
2023-10-19 11:51:14.811 [info] > git config --get commit.template [617ms]
2023-10-19 11:51:14.840 [info] > git rev-parse --show-toplevel [12ms]
2023-10-19 11:51:14.840 [info] fatal: not a git repository (or any parent up to mount point /)
Stopping at filesystem boundary (GIT_DISCOVERY_ACROSS_FILESYSTEM not set).
2023-10-19 11:51:14.849 [info] > git for-each-ref --format=%(refname)%00%(upstream:short)%00%(objectname)%00%(upstream:track)%00%(upstream:remotename)%00%(upstream:remoteref) refs/heads/master refs/remotes/master [10ms]
2023-10-19 11:51:14.858 [info] > git rev-parse --show-toplevel [10ms]
2023-10-19 11:51:14.858 [info] fatal: not a git repository (or any parent up to mount point /)
Stopping at filesystem boundary (GIT_DISCOVERY_ACROSS_FILESYSTEM not set).
2023-10-19 11:51:14.866 [info] > git status -z -uall [9ms]
2023-10-19 11:51:14.889 [info] > git rev-parse --show-toplevel [24ms]
2023-10-19 11:51:14.889 [info] fatal: not a git repository (or any parent up to mount point /)
Stopping at filesystem boundary (GIT_DISCOVERY_ACROSS_FILESYSTEM not set).
2023-10-19 11:51:14.900 [info] > git config --get commit.template [12ms]
2023-10-19 11:51:14.902 [info] > git rev-parse --show-toplevel [3ms]
2023-10-19 11:51:14.902 [info] fatal: not a git repository (or any parent up to mount point /)
Stopping at filesystem boundary (GIT_DISCOVERY_ACROSS_FILESYSTEM not set).
2023-10-19 11:51:14.942 [info] > git rev-parse --show-toplevel [23ms]
2023-10-19 11:51:14.942 [info] fatal: not a git repository (or any parent up to mount point /)
Stopping at filesystem boundary (GIT_DISCOVERY_ACROSS_FILESYSTEM not set).
2023-10-19 11:51:14.942 [info] > git for-each-ref --format=%(refname)%00%(upstream:short)%00%(objectname)%00%(upstream:track)%00%(upstream:remotename)%00%(upstream:remoteref) refs/heads/master refs/remotes/master [31ms]
2023-10-19 11:51:14.954 [info] > git status -z -uall [4ms]
2023-10-19 11:51:15.329 [info] > git check-ignore -v -z --stdin [3ms]
2023-10-19 11:51:23.050 [info] > git rev-parse --show-toplevel [1ms]
2023-10-19 11:51:23.050 [info] fatal: not a git repository (or any parent up to mount point /)
Stopping at filesystem boundary (GIT_DISCOVERY_ACROSS_FILESYSTEM not set).
2023-10-19 11:51:25.452 [info] > git check-ignore -v -z --stdin [2ms]
2023-10-19 11:51:26.711 [info] > git check-ignore -v -z --stdin [2ms]
2023-10-19 11:51:27.409 [info] No remotes found in the git config file.
2023-10-19 11:51:27.422 [info] > git config --get commit.template [16ms]
2023-10-19 11:51:27.423 [info] > git for-each-ref --format=%(refname)%00%(upstream:short)%00%(objectname)%00%(upstream:track)%00%(upstream:remotename)%00%(upstream:remoteref) refs/heads/master refs/remotes/master [2ms]
2023-10-19 11:51:27.453 [info] > git status -z -uall [16ms]
2023-10-19 11:51:31.013 [info] > git check-ignore -v -z --stdin [3ms]
2023-10-19 11:51:32.541 [info] > git config --get commit.template [2ms]
2023-10-19 11:51:32.550 [info] No remotes found in the git config file.
2023-10-19 11:51:32.552 [info] > git for-each-ref --format=%(refname)%00%(upstream:short)%00%(objectname)%00%(upstream:track)%00%(upstream:remotename)%00%(upstream:remoteref) refs/heads/master refs/remotes/master [1ms]
2023-10-19 11:51:32.576 [info] > git status -z -uall [15ms]
2023-10-19 11:51:33.264 [info] > git show --textconv :rofi/menu.rasi [13ms]
2023-10-19 11:51:33.267 [info] > git ls-files --stage -- /home/ene/.config/rofi/menu.rasi [4ms]
2023-10-19 11:51:35.072 [info] > git rev-parse --show-toplevel [2ms]
2023-10-19 11:51:35.072 [info] fatal: not a git repository (or any parent up to mount point /)
Stopping at filesystem boundary (GIT_DISCOVERY_ACROSS_FILESYSTEM not set).
2023-10-19 11:51:37.667 [info] No remotes found in the git config file.
2023-10-19 11:51:37.668 [info] > git config --get commit.template [18ms]
2023-10-19 11:51:37.670 [info] > git for-each-ref --format=%(refname)%00%(upstream:short)%00%(objectname)%00%(upstream:track)%00%(upstream:remotename)%00%(upstream:remoteref) refs/heads/master refs/remotes/master [3ms]
2023-10-19 11:51:37.707 [info] > git status -z -uall [21ms]
2023-10-19 11:51:40.091 [info] > git show --textconv :rofi/menu.rasi [13ms]
2023-10-19 11:51:40.092 [info] > git ls-files --stage -- /home/ene/.config/rofi/menu.rasi [2ms]
2023-10-19 11:51:42.819 [info] > git config --get commit.template [3ms]
2023-10-19 11:51:42.834 [info] No remotes found in the git config file.
2023-10-19 11:51:42.836 [info] > git for-each-ref --format=%(refname)%00%(upstream:short)%00%(objectname)%00%(upstream:track)%00%(upstream:remotename)%00%(upstream:remoteref) refs/heads/master refs/remotes/master [3ms]
2023-10-19 11:51:42.868 [info] > git status -z -uall [20ms]
2023-10-19 11:51:47.177 [info] > git rev-parse --show-toplevel [1ms]
2023-10-19 11:51:47.177 [info] fatal: not a git repository (or any parent up to mount point /)
Stopping at filesystem boundary (GIT_DISCOVERY_ACROSS_FILESYSTEM not set).
2023-10-19 11:51:47.416 [info] > git show --textconv :rofi/menu.rasi [16ms]
2023-10-19 11:51:47.420 [info] > git ls-files --stage -- /home/ene/.config/rofi/menu.rasi [4ms]
2023-10-19 11:51:47.981 [info] No remotes found in the git config file.
2023-10-19 11:51:47.982 [info] > git config --get commit.template [19ms]
2023-10-19 11:51:47.984 [info] > git for-each-ref --format=%(refname)%00%(upstream:short)%00%(objectname)%00%(upstream:track)%00%(upstream:remotename)%00%(upstream:remoteref) refs/heads/master refs/remotes/master [4ms]
2023-10-19 11:51:48.025 [info] > git status -z -uall [21ms]
2023-10-19 11:51:53.137 [info] > git config --get commit.template [2ms]
2023-10-19 11:51:53.154 [info] No remotes found in the git config file.
2023-10-19 11:51:53.157 [info] > git for-each-ref --format=%(refname)%00%(upstream:short)%00%(objectname)%00%(upstream:track)%00%(upstream:remotename)%00%(upstream:remoteref) refs/heads/master refs/remotes/master [3ms]
2023-10-19 11:51:53.194 [info] > git status -z -uall [21ms]
2023-10-19 11:51:58.302 [info] > git config --get commit.template [3ms]
2023-10-19 11:51:58.320 [info] No remotes found in the git config file.
2023-10-19 11:51:58.323 [info] > git for-each-ref --format=%(refname)%00%(upstream:short)%00%(objectname)%00%(upstream:track)%00%(upstream:remotename)%00%(upstream:remoteref) refs/heads/master refs/remotes/master [3ms]
2023-10-19 11:51:58.361 [info] > git status -z -uall [20ms]
2023-10-19 11:52:03.476 [info] > git config --get commit.template [3ms]
2023-10-19 11:52:03.494 [info] No remotes found in the git config file.
2023-10-19 11:52:03.496 [info] > git for-each-ref --format=%(refname)%00%(upstream:short)%00%(objectname)%00%(upstream:track)%00%(upstream:remotename)%00%(upstream:remoteref) refs/heads/master refs/remotes/master [3ms]
2023-10-19 11:52:03.535 [info] > git status -z -uall [20ms]
2023-10-19 11:52:08.659 [info] No remotes found in the git config file.
2023-10-19 11:52:08.660 [info] > git config --get commit.template [21ms]
2023-10-19 11:52:08.666 [info] > git for-each-ref --format=%(refname)%00%(upstream:short)%00%(objectname)%00%(upstream:track)%00%(upstream:remotename)%00%(upstream:remoteref) refs/heads/master refs/remotes/master [7ms]
2023-10-19 11:52:08.704 [info] > git status -z -uall [19ms]
2023-10-19 11:52:13.835 [info] No remotes found in the git config file.
2023-10-19 11:52:13.837 [info] > git config --get commit.template [18ms]
2023-10-19 11:52:13.838 [info] > git for-each-ref --format=%(refname)%00%(upstream:short)%00%(objectname)%00%(upstream:track)%00%(upstream:remotename)%00%(upstream:remoteref) refs/heads/master refs/remotes/master [3ms]
2023-10-19 11:52:13.870 [info] > git status -z -uall [16ms]
2023-10-19 11:52:18.985 [info] > git config --get commit.template [3ms]
2023-10-19 11:52:19.003 [info] No remotes found in the git config file.
2023-10-19 11:52:19.006 [info] > git for-each-ref --format=%(refname)%00%(upstream:short)%00%(objectname)%00%(upstream:track)%00%(upstream:remotename)%00%(upstream:remoteref) refs/heads/master refs/remotes/master [3ms]
2023-10-19 11:52:19.038 [info] > git status -z -uall [16ms]
2023-10-19 11:52:24.150 [info] > git config --get commit.template [3ms]
2023-10-19 11:52:24.169 [info] No remotes found in the git config file.
2023-10-19 11:52:24.172 [info] > git for-each-ref --format=%(refname)%00%(upstream:short)%00%(objectname)%00%(upstream:track)%00%(upstream:remotename)%00%(upstream:remoteref) refs/heads/master refs/remotes/master [2ms]
2023-10-19 11:52:24.214 [info] > git status -z -uall [22ms]
2023-10-19 11:52:29.330 [info] No remotes found in the git config file.
2023-10-19 11:52:29.331 [info] > git config --get commit.template [17ms]
2023-10-19 11:52:29.337 [info] > git for-each-ref --format=%(refname)%00%(upstream:short)%00%(objectname)%00%(upstream:track)%00%(upstream:remotename)%00%(upstream:remoteref) refs/heads/master refs/remotes/master [7ms]
2023-10-19 11:52:29.370 [info] > git status -z -uall [16ms]
2023-10-19 11:52:34.496 [info] No remotes found in the git config file.
2023-10-19 11:52:34.497 [info] > git config --get commit.template [20ms]
2023-10-19 11:52:34.498 [info] > git for-each-ref --format=%(refname)%00%(upstream:short)%00%(objectname)%00%(upstream:track)%00%(upstream:remotename)%00%(upstream:remoteref) refs/heads/master refs/remotes/master [2ms]
2023-10-19 11:52:34.535 [info] > git status -z -uall [19ms]
2023-10-19 11:52:39.656 [info] No remotes found in the git config file.
2023-10-19 11:52:39.657 [info] > git config --get commit.template [19ms]
2023-10-19 11:52:39.659 [info] > git for-each-ref --format=%(refname)%00%(upstream:short)%00%(objectname)%00%(upstream:track)%00%(upstream:remotename)%00%(upstream:remoteref) refs/heads/master refs/remotes/master [3ms]
2023-10-19 11:52:39.698 [info] > git status -z -uall [20ms]
2023-10-19 11:52:44.839 [info] No remotes found in the git config file.
2023-10-19 11:52:44.841 [info] > git config --get commit.template [27ms]
2023-10-19 11:52:44.845 [info] > git for-each-ref --format=%(refname)%00%(upstream:short)%00%(objectname)%00%(upstream:track)%00%(upstream:remotename)%00%(upstream:remoteref) refs/heads/master refs/remotes/master [7ms]
2023-10-19 11:52:44.891 [info] > git status -z -uall [23ms]
2023-10-19 11:52:49.995 [info] No remotes found in the git config file.
2023-10-19 11:52:49.996 [info] > git config --get commit.template [19ms]
2023-10-19 11:52:49.998 [info] > git for-each-ref --format=%(refname)%00%(upstream:short)%00%(objectname)%00%(upstream:track)%00%(upstream:remotename)%00%(upstream:remoteref) refs/heads/master refs/remotes/master [3ms]
2023-10-19 11:52:50.036 [info] > git status -z -uall [20ms]
2023-10-19 11:52:55.137 [info] No remotes found in the git config file.
2023-10-19 11:52:55.138 [info] > git config --get commit.template [19ms]
2023-10-19 11:52:55.140 [info] > git for-each-ref --format=%(refname)%00%(upstream:short)%00%(objectname)%00%(upstream:track)%00%(upstream:remotename)%00%(upstream:remoteref) refs/heads/master refs/remotes/master [3ms]
2023-10-19 11:52:55.177 [info] > git status -z -uall [20ms]
2023-10-19 11:53:00.299 [info] No remotes found in the git config file.
2023-10-19 11:53:00.300 [info] > git config --get commit.template [20ms]
2023-10-19 11:53:00.302 [info] > git for-each-ref --format=%(refname)%00%(upstream:short)%00%(objectname)%00%(upstream:track)%00%(upstream:remotename)%00%(upstream:remoteref) refs/heads/master refs/remotes/master [3ms]
2023-10-19 11:53:00.341 [info] > git status -z -uall [20ms]
2023-10-19 11:53:05.467 [info] No remotes found in the git config file.
2023-10-19 11:53:05.468 [info] > git config --get commit.template [17ms]
2023-10-19 11:53:05.474 [info] > git for-each-ref --format=%(refname)%00%(upstream:short)%00%(objectname)%00%(upstream:track)%00%(upstream:remotename)%00%(upstream:remoteref) refs/heads/master refs/remotes/master [7ms]
2023-10-19 11:53:05.513 [info] > git status -z -uall [20ms]
2023-10-19 11:53:10.649 [info] No remotes found in the git config file.
2023-10-19 11:53:10.649 [info] > git config --get commit.template [20ms]
2023-10-19 11:53:10.651 [info] > git for-each-ref --format=%(refname)%00%(upstream:short)%00%(objectname)%00%(upstream:track)%00%(upstream:remotename)%00%(upstream:remoteref) refs/heads/master refs/remotes/master [3ms]
2023-10-19 11:53:10.687 [info] > git status -z -uall [19ms]
2023-10-19 11:53:15.821 [info] No remotes found in the git config file.
2023-10-19 11:53:15.822 [info] > git config --get commit.template [21ms]
2023-10-19 11:53:15.824 [info] > git for-each-ref --format=%(refname)%00%(upstream:short)%00%(objectname)%00%(upstream:track)%00%(upstream:remotename)%00%(upstream:remoteref) refs/heads/master refs/remotes/master [3ms]
2023-10-19 11:53:15.861 [info] > git status -z -uall [19ms]
2023-10-19 11:53:20.967 [info] > git config --get commit.template [3ms]
2023-10-19 11:53:20.985 [info] No remotes found in the git config file.
2023-10-19 11:53:20.987 [info] > git for-each-ref --format=%(refname)%00%(upstream:short)%00%(objectname)%00%(upstream:track)%00%(upstream:remotename)%00%(upstream:remoteref) refs/heads/master refs/remotes/master [3ms]
2023-10-19 11:53:21.026 [info] > git status -z -uall [19ms]
2023-10-19 11:53:26.151 [info] No remotes found in the git config file.
2023-10-19 11:53:26.152 [info] > git config --get commit.template [18ms]
2023-10-19 11:53:26.157 [info] > git for-each-ref --format=%(refname)%00%(upstream:short)%00%(objectname)%00%(upstream:track)%00%(upstream:remotename)%00%(upstream:remoteref) refs/heads/master refs/remotes/master [6ms]
2023-10-19 11:53:26.185 [info] > git status -z -uall [18ms]
2023-10-19 11:53:31.274 [info] No remotes found in the git config file.
2023-10-19 11:53:31.275 [info] > git config --get commit.template [21ms]
2023-10-19 11:53:31.277 [info] > git for-each-ref --format=%(refname)%00%(upstream:short)%00%(objectname)%00%(upstream:track)%00%(upstream:remotename)%00%(upstream:remoteref) refs/heads/master refs/remotes/master [2ms]
2023-10-19 11:53:31.314 [info] > git status -z -uall [19ms]
2023-10-19 11:53:36.450 [info] No remotes found in the git config file.
2023-10-19 11:53:36.451 [info] > git config --get commit.template [23ms]
2023-10-19 11:53:36.453 [info] > git for-each-ref --format=%(refname)%00%(upstream:short)%00%(objectname)%00%(upstream:track)%00%(upstream:remotename)%00%(upstream:remoteref) refs/heads/master refs/remotes/master [3ms]
2023-10-19 11:53:36.493 [info] > git status -z -uall [19ms]
2023-10-19 11:53:41.620 [info] No remotes found in the git config file.
2023-10-19 11:53:41.621 [info] > git config --get commit.template [20ms]
2023-10-19 11:53:41.627 [info] > git for-each-ref --format=%(refname)%00%(upstream:short)%00%(objectname)%00%(upstream:track)%00%(upstream:remotename)%00%(upstream:remoteref) refs/heads/master refs/remotes/master [6ms]
2023-10-19 11:53:41.665 [info] > git status -z -uall [20ms]
2023-10-19 11:53:46.798 [info] No remotes found in the git config file.
2023-10-19 11:53:46.798 [info] > git config --get commit.template [20ms]
2023-10-19 11:53:46.800 [info] > git for-each-ref --format=%(refname)%00%(upstream:short)%00%(objectname)%00%(upstream:track)%00%(upstream:remotename)%00%(upstream:remoteref) refs/heads/master refs/remotes/master [2ms]
2023-10-19 11:53:46.834 [info] > git status -z -uall [17ms]
2023-10-19 11:53:51.965 [info] No remotes found in the git config file.
2023-10-19 11:53:51.966 [info] > git config --get commit.template [22ms]
2023-10-19 11:53:51.967 [info] > git for-each-ref --format=%(refname)%00%(upstream:short)%00%(objectname)%00%(upstream:track)%00%(upstream:remotename)%00%(upstream:remoteref) refs/heads/master refs/remotes/master [3ms]
2023-10-19 11:53:52.007 [info] > git status -z -uall [19ms]
2023-10-19 11:53:57.125 [info] > git config --get commit.template [4ms]
2023-10-19 11:53:57.144 [info] No remotes found in the git config file.
2023-10-19 11:53:57.146 [info] > git for-each-ref --format=%(refname)%00%(upstream:short)%00%(objectname)%00%(upstream:track)%00%(upstream:remotename)%00%(upstream:remoteref) refs/heads/master refs/remotes/master [3ms]
2023-10-19 11:53:57.185 [info] > git status -z -uall [21ms]
2023-10-19 11:54:02.981 [info] No remotes found in the git config file.
2023-10-19 11:54:02.982 [info] > git config --get commit.template [20ms]
2023-10-19 11:54:02.984 [info] > git for-each-ref --format=%(refname)%00%(upstream:short)%00%(objectname)%00%(upstream:track)%00%(upstream:remotename)%00%(upstream:remoteref) refs/heads/master refs/remotes/master [2ms]
2023-10-19 11:54:03.016 [info] > git status -z -uall [19ms]
2023-10-19 11:54:08.138 [info] No remotes found in the git config file.
2023-10-19 11:54:08.140 [info] > git config --get commit.template [21ms]
2023-10-19 11:54:08.142 [info] > git for-each-ref --format=%(refname)%00%(upstream:short)%00%(objectname)%00%(upstream:track)%00%(upstream:remotename)%00%(upstream:remoteref) refs/heads/master refs/remotes/master [4ms]
2023-10-19 11:54:08.181 [info] > git status -z -uall [20ms]
2023-10-19 11:54:13.290 [info] > git config --get commit.template [3ms]
2023-10-19 11:54:13.305 [info] No remotes found in the git config file.
2023-10-19 11:54:13.307 [info] > git for-each-ref --format=%(refname)%00%(upstream:short)%00%(objectname)%00%(upstream:track)%00%(upstream:remotename)%00%(upstream:remoteref) refs/heads/master refs/remotes/master [2ms]
2023-10-19 11:54:13.342 [info] > git status -z -uall [19ms]
2023-10-19 11:54:18.456 [info] No remotes found in the git config file.
2023-10-19 11:54:18.457 [info] > git config --get commit.template [18ms]
2023-10-19 11:54:18.463 [info] > git for-each-ref --format=%(refname)%00%(upstream:short)%00%(objectname)%00%(upstream:track)%00%(upstream:remotename)%00%(upstream:remoteref) refs/heads/master refs/remotes/master [7ms]
2023-10-19 11:54:18.502 [info] > git status -z -uall [19ms]
2023-10-19 11:54:23.608 [info] > git config --get commit.template [2ms]
2023-10-19 11:54:23.624 [info] No remotes found in the git config file.
2023-10-19 11:54:23.626 [info] > git for-each-ref --format=%(refname)%00%(upstream:short)%00%(objectname)%00%(upstream:track)%00%(upstream:remotename)%00%(upstream:remoteref) refs/heads/master refs/remotes/master [3ms]
2023-10-19 11:54:23.662 [info] > git status -z -uall [19ms]
2023-10-19 11:54:28.785 [info] No remotes found in the git config file.
2023-10-19 11:54:28.786 [info] > git config --get commit.template [21ms]
2023-10-19 11:54:28.792 [info] > git for-each-ref --format=%(refname)%00%(upstream:short)%00%(objectname)%00%(upstream:track)%00%(upstream:remotename)%00%(upstream:remoteref) refs/heads/master refs/remotes/master [7ms]
2023-10-19 11:54:28.828 [info] > git status -z -uall [20ms]
2023-10-19 11:54:34.137 [info] No remotes found in the git config file.
2023-10-19 11:54:34.138 [info] > git config --get commit.template [13ms]
2023-10-19 11:54:34.138 [info] > git for-each-ref --format=%(refname)%00%(upstream:short)%00%(objectname)%00%(upstream:track)%00%(upstream:remotename)%00%(upstream:remoteref) refs/heads/master refs/remotes/master [2ms]
2023-10-19 11:54:34.166 [info] > git status -z -uall [18ms]
2023-10-19 11:54:39.254 [info] No remotes found in the git config file.
2023-10-19 11:54:39.255 [info] > git config --get commit.template [17ms]
2023-10-19 11:54:39.256 [info] > git for-each-ref --format=%(refname)%00%(upstream:short)%00%(objectname)%00%(upstream:track)%00%(upstream:remotename)%00%(upstream:remoteref) refs/heads/master refs/remotes/master [2ms]
2023-10-19 11:54:39.293 [info] > git status -z -uall [20ms]
2023-10-19 11:54:44.430 [info] No remotes found in the git config file.
2023-10-19 11:54:44.432 [info] > git config --get commit.template [22ms]
2023-10-19 11:54:44.437 [info] > git for-each-ref --format=%(refname)%00%(upstream:short)%00%(objectname)%00%(upstream:track)%00%(upstream:remotename)%00%(upstream:remoteref) refs/heads/master refs/remotes/master [7ms]
2023-10-19 11:54:44.477 [info] > git status -z -uall [20ms]
2023-10-19 11:54:49.598 [info] No remotes found in the git config file.
2023-10-19 11:54:49.599 [info] > git config --get commit.template [22ms]
2023-10-19 11:54:49.600 [info] > git for-each-ref --format=%(refname)%00%(upstream:short)%00%(objectname)%00%(upstream:track)%00%(upstream:remotename)%00%(upstream:remoteref) refs/heads/master refs/remotes/master [2ms]
2023-10-19 11:54:49.636 [info] > git status -z -uall [19ms]
2023-10-19 11:54:54.767 [info] No remotes found in the git config file.
2023-10-19 11:54:54.767 [info] > git config --get commit.template [18ms]
2023-10-19 11:54:54.769 [info] > git for-each-ref --format=%(refname)%00%(upstream:short)%00%(objectname)%00%(upstream:track)%00%(upstream:remotename)%00%(upstream:remoteref) refs/heads/master refs/remotes/master [3ms]
2023-10-19 11:54:54.804 [info] > git status -z -uall [19ms]
2023-10-19 11:54:56.039 [info] > git rev-parse --show-toplevel [2ms]
2023-10-19 11:54:56.039 [info] fatal: not a git repository (or any parent up to mount point /)
Stopping at filesystem boundary (GIT_DISCOVERY_ACROSS_FILESYSTEM not set).
2023-10-19 11:54:56.120 [info] > git rev-parse --show-toplevel [1ms]
2023-10-19 11:54:56.120 [info] fatal: not a git repository (or any parent up to mount point /)
Stopping at filesystem boundary (GIT_DISCOVERY_ACROSS_FILESYSTEM not set).
2023-10-19 11:54:56.365 [info] > git show --textconv :rofi/config.rasi [19ms]
2023-10-19 11:54:56.369 [info] > git ls-files --stage -- /home/ene/.config/rofi/config.rasi [5ms]
2023-10-19 11:54:59.937 [info] No remotes found in the git config file.
2023-10-19 11:54:59.938 [info] > git config --get commit.template [19ms]
2023-10-19 11:54:59.943 [info] > git for-each-ref --format=%(refname)%00%(upstream:short)%00%(objectname)%00%(upstream:track)%00%(upstream:remotename)%00%(upstream:remoteref) refs/heads/master refs/remotes/master [6ms]
2023-10-19 11:54:59.979 [info] > git status -z -uall [19ms]
2023-10-19 11:55:05.112 [info] No remotes found in the git config file.
2023-10-19 11:55:05.113 [info] > git config --get commit.template [20ms]
2023-10-19 11:55:05.119 [info] > git for-each-ref --format=%(refname)%00%(upstream:short)%00%(objectname)%00%(upstream:track)%00%(upstream:remotename)%00%(upstream:remoteref) refs/heads/master refs/remotes/master [8ms]
2023-10-19 11:55:05.161 [info] > git status -z -uall [19ms]
2023-10-19 11:55:10.278 [info] No remotes found in the git config file.
2023-10-19 11:55:10.278 [info] > git config --get commit.template [18ms]
2023-10-19 11:55:10.284 [info] > git for-each-ref --format=%(refname)%00%(upstream:short)%00%(objectname)%00%(upstream:track)%00%(upstream:remotename)%00%(upstream:remoteref) refs/heads/master refs/remotes/master [6ms]
2023-10-19 11:55:10.323 [info] > git status -z -uall [19ms]
2023-10-19 11:55:12.894 [info] > git rev-parse --show-toplevel [1ms]
2023-10-19 11:55:12.894 [info] fatal: not a git repository (or any parent up to mount point /)
Stopping at filesystem boundary (GIT_DISCOVERY_ACROSS_FILESYSTEM not set).
2023-10-19 11:55:15.447 [info] No remotes found in the git config file.
2023-10-19 11:55:15.447 [info] > git config --get commit.template [17ms]
2023-10-19 11:55:15.449 [info] > git for-each-ref --format=%(refname)%00%(upstream:short)%00%(objectname)%00%(upstream:track)%00%(upstream:remotename)%00%(upstream:remoteref) refs/heads/master refs/remotes/master [3ms]
2023-10-19 11:55:15.481 [info] > git status -z -uall [15ms]
2023-10-19 11:55:20.612 [info] No remotes found in the git config file.
2023-10-19 11:55:20.612 [info] > git config --get commit.template [18ms]
2023-10-19 11:55:20.613 [info] > git for-each-ref --format=%(refname)%00%(upstream:short)%00%(objectname)%00%(upstream:track)%00%(upstream:remotename)%00%(upstream:remoteref) refs/heads/master refs/remotes/master [2ms]
2023-10-19 11:55:20.647 [info] > git status -z -uall [17ms]
2023-10-19 11:55:25.777 [info] No remotes found in the git config file.
2023-10-19 11:55:25.778 [info] > git config --get commit.template [15ms]
2023-10-19 11:55:25.783 [info] > git for-each-ref --format=%(refname)%00%(upstream:short)%00%(objectname)%00%(upstream:track)%00%(upstream:remotename)%00%(upstream:remoteref) refs/heads/master refs/remotes/master [6ms]
2023-10-19 11:55:25.812 [info] > git status -z -uall [18ms]
2023-10-19 11:55:30.896 [info] No remotes found in the git config file.
2023-10-19 11:55:30.896 [info] > git config --get commit.template [19ms]
2023-10-19 11:55:30.903 [info] > git for-each-ref --format=%(refname)%00%(upstream:short)%00%(objectname)%00%(upstream:track)%00%(upstream:remotename)%00%(upstream:remoteref) refs/heads/master refs/remotes/master [7ms]
2023-10-19 11:55:30.936 [info] > git status -z -uall [16ms]
2023-10-19 11:55:36.070 [info] No remotes found in the git config file.
2023-10-19 11:55:36.071 [info] > git config --get commit.template [22ms]
2023-10-19 11:55:36.077 [info] > git for-each-ref --format=%(refname)%00%(upstream:short)%00%(objectname)%00%(upstream:track)%00%(upstream:remotename)%00%(upstream:remoteref) refs/heads/master refs/remotes/master [7ms]
2023-10-19 11:55:36.115 [info] > git status -z -uall [19ms]
2023-10-19 11:55:41.237 [info] No remotes found in the git config file.
2023-10-19 11:55:41.238 [info] > git config --get commit.template [20ms]
2023-10-19 11:55:41.243 [info] > git for-each-ref --format=%(refname)%00%(upstream:short)%00%(objectname)%00%(upstream:track)%00%(upstream:remotename)%00%(upstream:remoteref) refs/heads/master refs/remotes/master [7ms]
2023-10-19 11:55:41.281 [info] > git status -z -uall [19ms]
2023-10-19 11:55:46.405 [info] No remotes found in the git config file.
2023-10-19 11:55:46.407 [info] > git config --get commit.template [22ms]
2023-10-19 11:55:46.411 [info] > git for-each-ref --format=%(refname)%00%(upstream:short)%00%(objectname)%00%(upstream:track)%00%(upstream:remotename)%00%(upstream:remoteref) refs/heads/master refs/remotes/master [7ms]
2023-10-19 11:55:46.454 [info] > git status -z -uall [22ms]
2023-10-19 11:55:47.140 [info] > git rev-parse --show-toplevel [2ms]
2023-10-19 11:55:47.140 [info] fatal: not a git repository (or any parent up to mount point /)
Stopping at filesystem boundary (GIT_DISCOVERY_ACROSS_FILESYSTEM not set).
2023-10-19 11:55:50.701 [info] > git rev-parse --show-toplevel [1ms]
2023-10-19 11:55:50.701 [info] fatal: not a git repository (or any parent up to mount point /)
Stopping at filesystem boundary (GIT_DISCOVERY_ACROSS_FILESYSTEM not set).
2023-10-19 11:55:50.721 [info] > git rev-parse --show-toplevel [1ms]
2023-10-19 11:55:50.721 [info] fatal: not a git repository (or any parent up to mount point /)
Stopping at filesystem boundary (GIT_DISCOVERY_ACROSS_FILESYSTEM not set).
2023-10-19 11:55:50.982 [info] > git show --textconv :rofi/menu.rasi [21ms]
2023-10-19 11:55:50.986 [info] > git ls-files --stage -- /home/ene/.config/rofi/menu.rasi [5ms]
2023-10-19 11:55:51.582 [info] No remotes found in the git config file.
2023-10-19 11:55:51.583 [info] > git config --get commit.template [22ms]
2023-10-19 11:55:51.584 [info] > git for-each-ref --format=%(refname)%00%(upstream:short)%00%(objectname)%00%(upstream:track)%00%(upstream:remotename)%00%(upstream:remoteref) refs/heads/master refs/remotes/master [2ms]
2023-10-19 11:55:51.624 [info] > git status -z -uall [19ms]
2023-10-19 11:55:56.743 [info] No remotes found in the git config file.
2023-10-19 11:55:56.744 [info] > git config --get commit.template [20ms]
2023-10-19 11:55:56.745 [info] > git for-each-ref --format=%(refname)%00%(upstream:short)%00%(objectname)%00%(upstream:track)%00%(upstream:remotename)%00%(upstream:remoteref) refs/heads/master refs/remotes/master [2ms]
2023-10-19 11:55:56.778 [info] > git status -z -uall [16ms]
2023-10-19 11:55:58.409 [info] > git rev-parse --show-toplevel [2ms]
2023-10-19 11:55:58.410 [info] fatal: not a git repository (or any parent up to mount point /)
Stopping at filesystem boundary (GIT_DISCOVERY_ACROSS_FILESYSTEM not set).
2023-10-19 11:55:58.478 [info] > git rev-parse --show-toplevel [1ms]
2023-10-19 11:55:58.478 [info] fatal: not a git repository (or any parent up to mount point /)
Stopping at filesystem boundary (GIT_DISCOVERY_ACROSS_FILESYSTEM not set).
2023-10-19 11:55:58.769 [info] > git show --textconv :rofi/icons.sh [12ms]
2023-10-19 11:55:58.770 [info] > git ls-files --stage -- /home/ene/.config/rofi/icons.sh [2ms]
2023-10-19 11:56:01.662 [info] > git rev-parse --show-toplevel [2ms]
2023-10-19 11:56:01.662 [info] fatal: not a git repository (or any parent up to mount point /)
Stopping at filesystem boundary (GIT_DISCOVERY_ACROSS_FILESYSTEM not set).
2023-10-19 11:56:01.686 [info] > git rev-parse --show-toplevel [2ms]
2023-10-19 11:56:01.686 [info] fatal: not a git repository (or any parent up to mount point /)
Stopping at filesystem boundary (GIT_DISCOVERY_ACROSS_FILESYSTEM not set).
2023-10-19 11:56:01.898 [info] No remotes found in the git config file.
2023-10-19 11:56:01.900 [info] > git config --get commit.template [20ms]
2023-10-19 11:56:01.901 [info] > git for-each-ref --format=%(refname)%00%(upstream:short)%00%(objectname)%00%(upstream:track)%00%(upstream:remotename)%00%(upstream:remoteref) refs/heads/master refs/remotes/master [4ms]
2023-10-19 11:56:01.950 [info] > git show --textconv :rofi/menu.rasi [16ms]
2023-10-19 11:56:01.950 [info] > git status -z -uall [29ms]
2023-10-19 11:56:01.953 [info] > git ls-files --stage -- /home/ene/.config/rofi/menu.rasi [5ms]
2023-10-19 11:56:06.912 [info] > git check-ignore -v -z --stdin [3ms]
2023-10-19 11:56:07.048 [info] > git config --get commit.template [3ms]
2023-10-19 11:56:07.065 [info] No remotes found in the git config file.
2023-10-19 11:56:07.068 [info] > git for-each-ref --format=%(refname)%00%(upstream:short)%00%(objectname)%00%(upstream:track)%00%(upstream:remotename)%00%(upstream:remoteref) refs/heads/master refs/remotes/master [3ms]
2023-10-19 11:56:07.101 [info] > git status -z -uall [16ms]
2023-10-19 11:56:07.771 [info] > git rev-parse --show-toplevel [2ms]
2023-10-19 11:56:07.771 [info] fatal: not a git repository (or any parent up to mount point /)
Stopping at filesystem boundary (GIT_DISCOVERY_ACROSS_FILESYSTEM not set).
2023-10-19 11:56:07.843 [info] > git rev-parse --show-toplevel [1ms]
2023-10-19 11:56:07.843 [info] fatal: not a git repository (or any parent up to mount point /)
Stopping at filesystem boundary (GIT_DISCOVERY_ACROSS_FILESYSTEM not set).
2023-10-19 11:56:08.087 [info] > git show --textconv :rofi/scripts/rofi-launcher.sh [21ms]
2023-10-19 11:56:08.089 [info] > git ls-files --stage -- /home/ene/.config/rofi/scripts/rofi-launcher.sh [3ms]
2023-10-19 11:56:12.229 [info] No remotes found in the git config file.
2023-10-19 11:56:12.230 [info] > git config --get commit.template [20ms]
2023-10-19 11:56:12.232 [info] > git for-each-ref --format=%(refname)%00%(upstream:short)%00%(objectname)%00%(upstream:track)%00%(upstream:remotename)%00%(upstream:remoteref) refs/heads/master refs/remotes/master [3ms]
2023-10-19 11:56:12.269 [info] > git status -z -uall [19ms]
2023-10-19 11:56:17.390 [info] No remotes found in the git config file.
2023-10-19 11:56:17.391 [info] > git config --get commit.template [19ms]
2023-10-19 11:56:17.393 [info] > git for-each-ref --format=%(refname)%00%(upstream:short)%00%(objectname)%00%(upstream:track)%00%(upstream:remotename)%00%(upstream:remoteref) refs/heads/master refs/remotes/master [3ms]
2023-10-19 11:56:17.426 [info] > git status -z -uall [15ms]
2023-10-19 11:56:22.551 [info] No remotes found in the git config file.
2023-10-19 11:56:22.552 [info] > git config --get commit.template [19ms]
2023-10-19 11:56:22.554 [info] > git for-each-ref --format=%(refname)%00%(upstream:short)%00%(objectname)%00%(upstream:track)%00%(upstream:remotename)%00%(upstream:remoteref) refs/heads/master refs/remotes/master [3ms]
2023-10-19 11:56:22.591 [info] > git status -z -uall [19ms]
2023-10-19 11:56:23.784 [info] > git rev-parse --show-toplevel [2ms]
2023-10-19 11:56:23.784 [info] fatal: not a git repository (or any parent up to mount point /)
Stopping at filesystem boundary (GIT_DISCOVERY_ACROSS_FILESYSTEM not set).
2023-10-19 11:56:27.711 [info] No remotes found in the git config file.
2023-10-19 11:56:27.712 [info] > git config --get commit.template [18ms]
2023-10-19 11:56:27.718 [info] > git for-each-ref --format=%(refname)%00%(upstream:short)%00%(objectname)%00%(upstream:track)%00%(upstream:remotename)%00%(upstream:remoteref) refs/heads/master refs/remotes/master [6ms]
2023-10-19 11:56:27.757 [info] > git status -z -uall [20ms]
2023-10-19 11:56:32.891 [info] No remotes found in the git config file.
2023-10-19 11:56:32.892 [info] > git config --get commit.template [18ms]
2023-10-19 11:56:32.897 [info] > git for-each-ref --format=%(refname)%00%(upstream:short)%00%(objectname)%00%(upstream:track)%00%(upstream:remotename)%00%(upstream:remoteref) refs/heads/master refs/remotes/master [7ms]
2023-10-19 11:56:32.934 [info] > git status -z -uall [20ms]
2023-10-19 11:56:38.054 [info] No remotes found in the git config file.
2023-10-19 11:56:38.055 [info] > git config --get commit.template [18ms]
2023-10-19 11:56:38.060 [info] > git for-each-ref --format=%(refname)%00%(upstream:short)%00%(objectname)%00%(upstream:track)%00%(upstream:remotename)%00%(upstream:remoteref) refs/heads/master refs/remotes/master [6ms]
2023-10-19 11:56:38.099 [info] > git status -z -uall [19ms]
2023-10-19 11:56:43.225 [info] No remotes found in the git config file.
2023-10-19 11:56:43.226 [info] > git config --get commit.template [21ms]
2023-10-19 11:56:43.232 [info] > git for-each-ref --format=%(refname)%00%(upstream:short)%00%(objectname)%00%(upstream:track)%00%(upstream:remotename)%00%(upstream:remoteref) refs/heads/master refs/remotes/master [7ms]
2023-10-19 11:56:43.275 [info] > git status -z -uall [20ms]
2023-10-19 11:56:48.388 [info] No remotes found in the git config file.
2023-10-19 11:56:48.389 [info] > git config --get commit.template [17ms]
2023-10-19 11:56:48.395 [info] > git for-each-ref --format=%(refname)%00%(upstream:short)%00%(objectname)%00%(upstream:track)%00%(upstream:remotename)%00%(upstream:remoteref) refs/heads/master refs/remotes/master [7ms]
2023-10-19 11:56:48.430 [info] > git status -z -uall [19ms]
2023-10-19 11:56:53.557 [info] No remotes found in the git config file.
2023-10-19 11:56:53.558 [info] > git config --get commit.template [21ms]
2023-10-19 11:56:53.559 [info] > git for-each-ref --format=%(refname)%00%(upstream:short)%00%(objectname)%00%(upstream:track)%00%(upstream:remotename)%00%(upstream:remoteref) refs/heads/master refs/remotes/master [2ms]
2023-10-19 11:56:53.596 [info] > git status -z -uall [20ms]
2023-10-19 11:56:58.723 [info] No remotes found in the git config file.
2023-10-19 11:56:58.724 [info] > git config --get commit.template [23ms]
2023-10-19 11:56:58.725 [info] > git for-each-ref --format=%(refname)%00%(upstream:short)%00%(objectname)%00%(upstream:track)%00%(upstream:remotename)%00%(upstream:remoteref) refs/heads/master refs/remotes/master [2ms]
2023-10-19 11:56:58.767 [info] > git status -z -uall [20ms]
2023-10-19 11:57:03.901 [info] No remotes found in the git config file.
2023-10-19 11:57:03.902 [info] > git config --get commit.template [21ms]
2023-10-19 11:57:03.903 [info] > git for-each-ref --format=%(refname)%00%(upstream:short)%00%(objectname)%00%(upstream:track)%00%(upstream:remotename)%00%(upstream:remoteref) refs/heads/master refs/remotes/master [2ms]
2023-10-19 11:57:03.936 [info] > git status -z -uall [15ms]
2023-10-19 11:57:09.068 [info] No remotes found in the git config file.
2023-10-19 11:57:09.069 [info] > git config --get commit.template [22ms]
2023-10-19 11:57:09.070 [info] > git for-each-ref --format=%(refname)%00%(upstream:short)%00%(objectname)%00%(upstream:track)%00%(upstream:remotename)%00%(upstream:remoteref) refs/heads/master refs/remotes/master [2ms]
2023-10-19 11:57:09.103 [info] > git status -z -uall [15ms]
2023-10-19 11:57:14.324 [info] > git config --get commit.template [3ms]
2023-10-19 11:57:14.340 [info] No remotes found in the git config file.
2023-10-19 11:57:14.342 [info] > git for-each-ref --format=%(refname)%00%(upstream:short)%00%(objectname)%00%(upstream:track)%00%(upstream:remotename)%00%(upstream:remoteref) refs/heads/master refs/remotes/master [2ms]
2023-10-19 11:57:14.370 [info] > git status -z -uall [16ms]
2023-10-19 11:57:19.478 [info] No remotes found in the git config file.
2023-10-19 11:57:19.478 [info] > git config --get commit.template [21ms]
2023-10-19 11:57:19.480 [info] > git for-each-ref --format=%(refname)%00%(upstream:short)%00%(objectname)%00%(upstream:track)%00%(upstream:remotename)%00%(upstream:remoteref) refs/heads/master refs/remotes/master [2ms]
2023-10-19 11:57:19.517 [info] > git status -z -uall [20ms]
2023-10-19 11:57:24.647 [info] No remotes found in the git config file.
2023-10-19 11:57:24.648 [info] > git config --get commit.template [19ms]
2023-10-19 11:57:24.654 [info] > git for-each-ref --format=%(refname)%00%(upstream:short)%00%(objectname)%00%(upstream:track)%00%(upstream:remotename)%00%(upstream:remoteref) refs/heads/master refs/remotes/master [6ms]
2023-10-19 11:57:24.692 [info] > git status -z -uall [20ms]
2023-10-19 11:57:29.826 [info] No remotes found in the git config file.
2023-10-19 11:57:29.827 [info] > git config --get commit.template [18ms]
2023-10-19 11:57:29.827 [info] > git for-each-ref --format=%(refname)%00%(upstream:short)%00%(objectname)%00%(upstream:track)%00%(upstream:remotename)%00%(upstream:remoteref) refs/heads/master refs/remotes/master [2ms]
2023-10-19 11:57:29.859 [info] > git status -z -uall [15ms]
2023-10-19 11:57:34.962 [info] No remotes found in the git config file.
2023-10-19 11:57:34.962 [info] > git config --get commit.template [12ms]
2023-10-19 11:57:34.964 [info] > git for-each-ref --format=%(refname)%00%(upstream:short)%00%(objectname)%00%(upstream:track)%00%(upstream:remotename)%00%(upstream:remoteref) refs/heads/master refs/remotes/master [3ms]
2023-10-19 11:57:35.001 [info] > git status -z -uall [20ms]
2023-10-19 11:57:40.107 [info] > git config --get commit.template [3ms]
2023-10-19 11:57:40.128 [info] No remotes found in the git config file.
2023-10-19 11:57:40.130 [info] > git for-each-ref --format=%(refname)%00%(upstream:short)%00%(objectname)%00%(upstream:track)%00%(upstream:remotename)%00%(upstream:remoteref) refs/heads/master refs/remotes/master [2ms]
2023-10-19 11:57:40.169 [info] > git status -z -uall [19ms]
2023-10-19 11:57:45.282 [info] No remotes found in the git config file.
2023-10-19 11:57:45.283 [info] > git config --get commit.template [19ms]
2023-10-19 11:57:45.289 [info] > git for-each-ref --format=%(refname)%00%(upstream:short)%00%(objectname)%00%(upstream:track)%00%(upstream:remotename)%00%(upstream:remoteref) refs/heads/master refs/remotes/master [6ms]
2023-10-19 11:57:45.326 [info] > git status -z -uall [20ms]
2023-10-19 11:57:50.450 [info] No remotes found in the git config file.
2023-10-19 11:57:50.451 [info] > git config --get commit.template [20ms]
2023-10-19 11:57:50.457 [info] > git for-each-ref --format=%(refname)%00%(upstream:short)%00%(objectname)%00%(upstream:track)%00%(upstream:remotename)%00%(upstream:remoteref) refs/heads/master refs/remotes/master [7ms]
2023-10-19 11:57:50.494 [info] > git status -z -uall [19ms]
2023-10-19 11:57:55.630 [info] No remotes found in the git config file.
2023-10-19 11:57:55.631 [info] > git config --get commit.template [21ms]
2023-10-19 11:57:55.632 [info] > git for-each-ref --format=%(refname)%00%(upstream:short)%00%(objectname)%00%(upstream:track)%00%(upstream:remotename)%00%(upstream:remoteref) refs/heads/master refs/remotes/master [2ms]
2023-10-19 11:57:55.667 [info] > git status -z -uall [17ms]
2023-10-19 11:58:00.785 [info] No remotes found in the git config file.
2023-10-19 11:58:00.786 [info] > git config --get commit.template [17ms]
2023-10-19 11:58:00.788 [info] > git for-each-ref --format=%(refname)%00%(upstream:short)%00%(objectname)%00%(upstream:track)%00%(upstream:remotename)%00%(upstream:remoteref) refs/heads/master refs/remotes/master [2ms]
2023-10-19 11:58:00.825 [info] > git status -z -uall [19ms]
2023-10-19 11:58:05.956 [info] No remotes found in the git config file.
2023-10-19 11:58:05.957 [info] > git config --get commit.template [21ms]
2023-10-19 11:58:05.962 [info] > git for-each-ref --format=%(refname)%00%(upstream:short)%00%(objectname)%00%(upstream:track)%00%(upstream:remotename)%00%(upstream:remoteref) refs/heads/master refs/remotes/master [6ms]
2023-10-19 11:58:05.998 [info] > git status -z -uall [19ms]
2023-10-19 11:58:11.121 [info] No remotes found in the git config file.
2023-10-19 11:58:11.122 [info] > git config --get commit.template [18ms]
2023-10-19 11:58:11.123 [info] > git for-each-ref --format=%(refname)%00%(upstream:short)%00%(objectname)%00%(upstream:track)%00%(upstream:remotename)%00%(upstream:remoteref) refs/heads/master refs/remotes/master [2ms]
2023-10-19 11:58:11.155 [info] > git status -z -uall [15ms]
2023-10-19 11:58:16.287 [info] No remotes found in the git config file.
2023-10-19 11:58:16.288 [info] > git config --get commit.template [21ms]
2023-10-19 11:58:16.290 [info] > git for-each-ref --format=%(refname)%00%(upstream:short)%00%(objectname)%00%(upstream:track)%00%(upstream:remotename)%00%(upstream:remoteref) refs/heads/master refs/remotes/master [2ms]
2023-10-19 11:58:16.327 [info] > git status -z -uall [19ms]
2023-10-19 11:58:17.983 [info] > git rev-parse --show-toplevel [2ms]
2023-10-19 11:58:17.983 [info] fatal: not a git repository (or any parent up to mount point /)
Stopping at filesystem boundary (GIT_DISCOVERY_ACROSS_FILESYSTEM not set).
2023-10-19 11:58:18.009 [info] > git rev-parse --show-toplevel [1ms]
2023-10-19 11:58:18.009 [info] fatal: not a git repository (or any parent up to mount point /)
Stopping at filesystem boundary (GIT_DISCOVERY_ACROSS_FILESYSTEM not set).
2023-10-19 11:58:18.269 [info] > git show --textconv :rofi/menu.rasi [21ms]
2023-10-19 11:58:18.276 [info] > git ls-files --stage -- /home/ene/.config/rofi/menu.rasi [8ms]
2023-10-19 11:58:21.453 [info] No remotes found in the git config file.
2023-10-19 11:58:21.454 [info] > git config --get commit.template [23ms]
2023-10-19 11:58:21.456 [info] > git for-each-ref --format=%(refname)%00%(upstream:short)%00%(objectname)%00%(upstream:track)%00%(upstream:remotename)%00%(upstream:remoteref) refs/heads/master refs/remotes/master [3ms]
2023-10-19 11:58:21.488 [info] > git status -z -uall [15ms]
2023-10-19 11:58:26.618 [info] No remotes found in the git config file.
2023-10-19 11:58:26.619 [info] > git config --get commit.template [20ms]
2023-10-19 11:58:26.620 [info] > git for-each-ref --format=%(refname)%00%(upstream:short)%00%(objectname)%00%(upstream:track)%00%(upstream:remotename)%00%(upstream:remoteref) refs/heads/master refs/remotes/master [2ms]
2023-10-19 11:58:26.657 [info] > git status -z -uall [19ms]
2023-10-19 11:58:31.779 [info] No remotes found in the git config file.
2023-10-19 11:58:31.780 [info] > git config --get commit.template [20ms]
2023-10-19 11:58:31.782 [info] > git for-each-ref --format=%(refname)%00%(upstream:short)%00%(objectname)%00%(upstream:track)%00%(upstream:remotename)%00%(upstream:remoteref) refs/heads/master refs/remotes/master [2ms]
2023-10-19 11:58:31.819 [info] > git status -z -uall [19ms]
2023-10-19 11:58:36.929 [info] > git config --get commit.template [3ms]
2023-10-19 11:58:36.949 [info] No remotes found in the git config file.
2023-10-19 11:58:36.952 [info] > git for-each-ref --format=%(refname)%00%(upstream:short)%00%(objectname)%00%(upstream:track)%00%(upstream:remotename)%00%(upstream:remoteref) refs/heads/master refs/remotes/master [2ms]
2023-10-19 11:58:36.994 [info] > git status -z -uall [22ms]
2023-10-19 11:58:37.629 [info] > git rev-parse --show-toplevel [2ms]
2023-10-19 11:58:37.629 [info] fatal: not a git repository (or any parent up to mount point /)
Stopping at filesystem boundary (GIT_DISCOVERY_ACROSS_FILESYSTEM not set).
2023-10-19 11:58:42.128 [info] No remotes found in the git config file.
2023-10-19 11:58:42.129 [info] > git config --get commit.template [22ms]
2023-10-19 11:58:42.130 [info] > git for-each-ref --format=%(refname)%00%(upstream:short)%00%(objectname)%00%(upstream:track)%00%(upstream:remotename)%00%(upstream:remoteref) refs/heads/master refs/remotes/master [2ms]
2023-10-19 11:58:42.169 [info] > git status -z -uall [20ms]
2023-10-19 11:58:47.297 [info] No remotes found in the git config file.
2023-10-19 11:58:47.299 [info] > git config --get commit.template [20ms]
2023-10-19 11:58:47.300 [info] > git for-each-ref --format=%(refname)%00%(upstream:short)%00%(objectname)%00%(upstream:track)%00%(upstream:remotename)%00%(upstream:remoteref) refs/heads/master refs/remotes/master [3ms]
2023-10-19 11:58:47.340 [info] > git status -z -uall [20ms]
2023-10-19 11:59:06.861 [info] > git config --get commit.template [1ms]
2023-10-19 11:59:06.871 [info] No remotes found in the git config file.
2023-10-19 11:59:06.872 [info] > git for-each-ref --format=%(refname)%00%(upstream:short)%00%(objectname)%00%(upstream:track)%00%(upstream:remotename)%00%(upstream:remoteref) refs/heads/master refs/remotes/master [1ms]
2023-10-19 11:59:06.902 [info] > git status -z -uall [21ms]
2023-10-19 11:59:11.993 [info] > git config --get commit.template [2ms]
2023-10-19 11:59:12.001 [info] No remotes found in the git config file.
2023-10-19 11:59:12.003 [info] > git for-each-ref --format=%(refname)%00%(upstream:short)%00%(objectname)%00%(upstream:track)%00%(upstream:remotename)%00%(upstream:remoteref) refs/heads/master refs/remotes/master [1ms]
2023-10-19 11:59:12.025 [info] > git status -z -uall [15ms]
2023-10-19 11:59:17.121 [info] No remotes found in the git config file.
2023-10-19 11:59:17.121 [info] > git config --get commit.template [17ms]
2023-10-19 11:59:17.123 [info] > git for-each-ref --format=%(refname)%00%(upstream:short)%00%(objectname)%00%(upstream:track)%00%(upstream:remotename)%00%(upstream:remoteref) refs/heads/master refs/remotes/master [2ms]
2023-10-19 11:59:17.159 [info] > git status -z -uall [19ms]
2023-10-19 11:59:22.716 [info] No remotes found in the git config file.
2023-10-19 11:59:22.717 [info] > git config --get commit.template [13ms]
2023-10-19 11:59:22.718 [info] > git for-each-ref --format=%(refname)%00%(upstream:short)%00%(objectname)%00%(upstream:track)%00%(upstream:remotename)%00%(upstream:remoteref) refs/heads/master refs/remotes/master [2ms]
2023-10-19 11:59:22.747 [info] > git status -z -uall [19ms]
2023-10-19 11:59:27.822 [info] No remotes found in the git config file.
2023-10-19 11:59:27.838 [info] > git config --get commit.template [19ms]
2023-10-19 11:59:27.840 [info] > git for-each-ref --format=%(refname)%00%(upstream:short)%00%(objectname)%00%(upstream:track)%00%(upstream:remotename)%00%(upstream:remoteref) refs/heads/master refs/remotes/master [3ms]
2023-10-19 11:59:27.876 [info] > git status -z -uall [19ms]
2023-10-19 11:59:32.999 [info] No remotes found in the git config file.
2023-10-19 11:59:32.999 [info] > git config --get commit.template [15ms]
2023-10-19 11:59:33.004 [info] > git for-each-ref --format=%(refname)%00%(upstream:short)%00%(objectname)%00%(upstream:track)%00%(upstream:remotename)%00%(upstream:remoteref) refs/heads/master refs/remotes/master [6ms]
2023-10-19 11:59:33.040 [info] > git status -z -uall [17ms]
2023-10-19 11:59:38.152 [info] No remotes found in the git config file.
2023-10-19 11:59:38.153 [info] > git config --get commit.template [20ms]
2023-10-19 11:59:38.154 [info] > git for-each-ref --format=%(refname)%00%(upstream:short)%00%(objectname)%00%(upstream:track)%00%(upstream:remotename)%00%(upstream:remoteref) refs/heads/master refs/remotes/master [3ms]
2023-10-19 11:59:38.185 [info] > git status -z -uall [16ms]
2023-10-19 11:59:43.306 [info] No remotes found in the git config file.
2023-10-19 11:59:43.307 [info] > git config --get commit.template [18ms]
2023-10-19 11:59:43.313 [info] > git for-each-ref --format=%(refname)%00%(upstream:short)%00%(objectname)%00%(upstream:track)%00%(upstream:remotename)%00%(upstream:remoteref) refs/heads/master refs/remotes/master [6ms]
2023-10-19 11:59:43.343 [info] > git status -z -uall [15ms]
2023-10-19 11:59:48.466 [info] No remotes found in the git config file.
2023-10-19 11:59:48.467 [info] > git config --get commit.template [20ms]
2023-10-19 11:59:48.474 [info] > git for-each-ref --format=%(refname)%00%(upstream:short)%00%(objectname)%00%(upstream:track)%00%(upstream:remotename)%00%(upstream:remoteref) refs/heads/master refs/remotes/master [7ms]
2023-10-19 11:59:48.511 [info] > git status -z -uall [19ms]
2023-10-19 11:59:53.640 [info] No remotes found in the git config file.
2023-10-19 11:59:53.641 [info] > git config --get commit.template [18ms]
2023-10-19 11:59:53.643 [info] > git for-each-ref --format=%(refname)%00%(upstream:short)%00%(objectname)%00%(upstream:track)%00%(upstream:remotename)%00%(upstream:remoteref) refs/heads/master refs/remotes/master [3ms]
2023-10-19 11:59:53.679 [info] > git status -z -uall [19ms]
2023-10-19 11:59:58.799 [info] No remotes found in the git config file.
2023-10-19 11:59:58.800 [info] > git config --get commit.template [19ms]
2023-10-19 11:59:58.801 [info] > git for-each-ref --format=%(refname)%00%(upstream:short)%00%(objectname)%00%(upstream:track)%00%(upstream:remotename)%00%(upstream:remoteref) refs/heads/master refs/remotes/master [2ms]
2023-10-19 11:59:58.836 [info] > git status -z -uall [17ms]
2023-10-19 12:00:01.109 [info] > git rev-parse --show-toplevel [1ms]
2023-10-19 12:00:01.110 [info] fatal: not a git repository (or any parent up to mount point /)
Stopping at filesystem boundary (GIT_DISCOVERY_ACROSS_FILESYSTEM not set).
2023-10-19 12:00:03.954 [info] No remotes found in the git config file.
2023-10-19 12:00:03.955 [info] > git config --get commit.template [21ms]
2023-10-19 12:00:03.956 [info] > git for-each-ref --format=%(refname)%00%(upstream:short)%00%(objectname)%00%(upstream:track)%00%(upstream:remotename)%00%(upstream:remoteref) refs/heads/master refs/remotes/master [2ms]
2023-10-19 12:00:03.992 [info] > git status -z -uall [19ms]
2023-10-19 12:00:09.109 [info] > git config --get commit.template [3ms]
2023-10-19 12:00:09.130 [info] No remotes found in the git config file.
2023-10-19 12:00:09.132 [info] > git for-each-ref --format=%(refname)%00%(upstream:short)%00%(objectname)%00%(upstream:track)%00%(upstream:remotename)%00%(upstream:remoteref) refs/heads/master refs/remotes/master [2ms]
2023-10-19 12:00:09.167 [info] > git status -z -uall [19ms]
2023-10-19 12:00:10.404 [info] > git rev-parse --show-toplevel [3ms]
2023-10-19 12:00:10.404 [info] fatal: not a git repository (or any parent up to mount point /)
Stopping at filesystem boundary (GIT_DISCOVERY_ACROSS_FILESYSTEM not set).
2023-10-19 12:00:10.475 [info] > git rev-parse --show-toplevel [2ms]
2023-10-19 12:00:10.475 [info] fatal: not a git repository (or any parent up to mount point /)
Stopping at filesystem boundary (GIT_DISCOVERY_ACROSS_FILESYSTEM not set).
2023-10-19 12:00:10.747 [info] > git show --textconv :rofi/scripts/rofi-launcher.sh [20ms]
2023-10-19 12:00:10.752 [info] > git ls-files --stage -- /home/ene/.config/rofi/scripts/rofi-launcher.sh [5ms]
2023-10-19 12:00:14.274 [info] No remotes found in the git config file.
2023-10-19 12:00:14.275 [info] > git config --get commit.template [19ms]
2023-10-19 12:00:14.276 [info] > git for-each-ref --format=%(refname)%00%(upstream:short)%00%(objectname)%00%(upstream:track)%00%(upstream:remotename)%00%(upstream:remoteref) refs/heads/master refs/remotes/master [2ms]
2023-10-19 12:00:14.313 [info] > git status -z -uall [19ms]
2023-10-19 12:00:19.441 [info] No remotes found in the git config file.
2023-10-19 12:00:19.442 [info] > git config --get commit.template [20ms]
2023-10-19 12:00:19.443 [info] > git for-each-ref --format=%(refname)%00%(upstream:short)%00%(objectname)%00%(upstream:track)%00%(upstream:remotename)%00%(upstream:remoteref) refs/heads/master refs/remotes/master [2ms]
2023-10-19 12:00:19.480 [info] > git status -z -uall [19ms]
2023-10-19 12:00:24.609 [info] No remotes found in the git config file.
2023-10-19 12:00:24.610 [info] > git config --get commit.template [19ms]
2023-10-19 12:00:24.616 [info] > git for-each-ref --format=%(refname)%00%(upstream:short)%00%(objectname)%00%(upstream:track)%00%(upstream:remotename)%00%(upstream:remoteref) refs/heads/master refs/remotes/master [7ms]
2023-10-19 12:00:24.654 [info] > git status -z -uall [19ms]
2023-10-19 12:00:29.782 [info] No remotes found in the git config file.
2023-10-19 12:00:29.783 [info] > git config --get commit.template [21ms]
2023-10-19 12:00:29.788 [info] > git for-each-ref --format=%(refname)%00%(upstream:short)%00%(objectname)%00%(upstream:track)%00%(upstream:remotename)%00%(upstream:remoteref) refs/heads/master refs/remotes/master [7ms]
2023-10-19 12:00:29.826 [info] > git status -z -uall [19ms]
2023-10-19 12:00:34.955 [info] No remotes found in the git config file.
2023-10-19 12:00:34.956 [info] > git config --get commit.template [17ms]
2023-10-19 12:00:34.958 [info] > git for-each-ref --format=%(refname)%00%(upstream:short)%00%(objectname)%00%(upstream:track)%00%(upstream:remotename)%00%(upstream:remoteref) refs/heads/master refs/remotes/master [2ms]
2023-10-19 12:00:34.990 [info] > git status -z -uall [16ms]
2023-10-19 12:01:02.444 [info] > git config --get commit.template [2ms]
2023-10-19 12:01:02.454 [info] No remotes found in the git config file.
2023-10-19 12:01:02.456 [info] > git for-each-ref --format=%(refname)%00%(upstream:short)%00%(objectname)%00%(upstream:track)%00%(upstream:remotename)%00%(upstream:remoteref) refs/heads/master refs/remotes/master [2ms]
2023-10-19 12:01:02.496 [info] > git status -z -uall [30ms]
2023-10-19 12:01:06.149 [info] > git rev-parse --show-toplevel [2ms]
2023-10-19 12:01:06.149 [info] fatal: not a git repository (or any parent up to mount point /)
Stopping at filesystem boundary (GIT_DISCOVERY_ACROSS_FILESYSTEM not set).
2023-10-19 12:01:06.192 [info] > git rev-parse --show-toplevel [1ms]
2023-10-19 12:01:06.192 [info] fatal: not a git repository (or any parent up to mount point /)
Stopping at filesystem boundary (GIT_DISCOVERY_ACROSS_FILESYSTEM not set).
2023-10-19 12:01:06.452 [info] > git show --textconv :rofi/menu.rasi [19ms]
2023-10-19 12:01:06.456 [info] > git ls-files --stage -- /home/ene/.config/rofi/menu.rasi [5ms]
2023-10-19 12:01:07.609 [info] No remotes found in the git config file.
2023-10-19 12:01:07.610 [info] > git config --get commit.template [16ms]
2023-10-19 12:01:07.612 [info] > git for-each-ref --format=%(refname)%00%(upstream:short)%00%(objectname)%00%(upstream:track)%00%(upstream:remotename)%00%(upstream:remoteref) refs/heads/master refs/remotes/master [3ms]
2023-10-19 12:01:07.642 [info] > git status -z -uall [15ms]
2023-10-19 12:01:08.247 [info] > git rev-parse --show-toplevel [1ms]
2023-10-19 12:01:08.247 [info] fatal: not a git repository (or any parent up to mount point /)
Stopping at filesystem boundary (GIT_DISCOVERY_ACROSS_FILESYSTEM not set).
2023-10-19 12:01:08.259 [info] > git rev-parse --show-toplevel [1ms]
2023-10-19 12:01:08.259 [info] fatal: not a git repository (or any parent up to mount point /)
Stopping at filesystem boundary (GIT_DISCOVERY_ACROSS_FILESYSTEM not set).
2023-10-19 12:01:08.542 [info] > git show --textconv :rofi/scripts/rofi-launcher.sh [19ms]
2023-10-19 12:01:08.546 [info] > git ls-files --stage -- /home/ene/.config/rofi/scripts/rofi-launcher.sh [5ms]
2023-10-19 12:01:10.003 [info] > git rev-parse --show-toplevel [2ms]
2023-10-19 12:01:10.003 [info] fatal: not a git repository (or any parent up to mount point /)
Stopping at filesystem boundary (GIT_DISCOVERY_ACROSS_FILESYSTEM not set).
2023-10-19 12:01:12.756 [info] > git config --get commit.template [6ms]
2023-10-19 12:01:12.774 [info] No remotes found in the git config file.
2023-10-19 12:01:12.779 [info] > git for-each-ref --format=%(refname)%00%(upstream:short)%00%(objectname)%00%(upstream:track)%00%(upstream:remotename)%00%(upstream:remoteref) refs/heads/master refs/remotes/master [4ms]
2023-10-19 12:01:12.816 [info] > git status -z -uall [18ms]
2023-10-19 12:01:13.513 [info] > git show --textconv :rofi/menu.rasi [16ms]
2023-10-19 12:01:13.518 [info] > git ls-files --stage -- /home/ene/.config/rofi/menu.rasi [6ms]
