2023-10-19 12:01:24.490 [info] Added views:workbench.panel.markers.view in workbench.panel.markers
2023-10-19 12:01:24.490 [info] Added views:workbench.panel.output in workbench.panel.output
2023-10-19 12:01:24.490 [info] Added views:terminal in terminal
2023-10-19 12:01:24.490 [info] Added views:outline in workbench.view.explorer
2023-10-19 12:01:24.490 [info] Added views:workbench.scm in workbench.view.scm
2023-10-19 12:01:24.490 [info] Added views:workbench.view.search in workbench.view.search
2023-10-19 12:01:24.490 [info] Added views:timeline in workbench.view.explorer
2023-10-19 12:01:24.490 [info] Added views:workbench.explorer.emptyView in workbench.view.explorer
2023-10-19 12:01:25.004 [info] Added views:workbench.debug.variablesView,workbench.debug.watchExpressionsView,workbench.debug.callStackView,workbench.debug.breakPointsView in workbench.view.debug
2023-10-19 12:01:25.124 [info] Added views:~remote.forwardedPorts in ~remote.forwardedPortsContainer
2023-10-19 12:01:25.373 [info] Added views:workbench.panel.repl.view in workbench.panel.repl
2023-10-19 12:01:25.376 [info] Removed views:workbench.debug.breakPointsView,workbench.debug.callStackView,workbench.debug.watchExpressionsView,workbench.debug.variablesView from workbench.view.debug
2023-10-19 12:01:25.377 [info] Added views:workbench.debug.welcome in workbench.view.debug
2023-10-19 12:01:34.131 [info] Added views:workbench.panel.markers.view in workbench.panel.markers
2023-10-19 12:01:34.131 [info] Added views:workbench.panel.output in workbench.panel.output
2023-10-19 12:01:34.131 [info] Added views:terminal in terminal
2023-10-19 12:01:34.131 [info] Added views:outline in workbench.view.explorer
2023-10-19 12:01:34.131 [info] Added views:workbench.scm in workbench.view.scm
2023-10-19 12:01:34.131 [info] Added views:workbench.view.search in workbench.view.search
2023-10-19 12:01:34.131 [info] Added views:timeline in workbench.view.explorer
2023-10-19 12:01:34.131 [info] Added views:workbench.explorer.fileView in workbench.view.explorer
2023-10-19 12:01:34.491 [info] Added views:workbench.debug.welcome in workbench.view.debug
2023-10-19 12:01:35.025 [info] Added views:workbench.panel.repl.view in workbench.panel.repl
2023-10-19 12:01:35.574 [info] Added views:~remote.forwardedPorts in ~remote.forwardedPortsContainer
