2023-10-18 20:17:50.981 [info] Added views:workbench.panel.markers.view in workbench.panel.markers
2023-10-18 20:17:50.981 [info] Added views:workbench.panel.output in workbench.panel.output
2023-10-18 20:17:50.981 [info] Added views:terminal in terminal
2023-10-18 20:17:50.981 [info] Added views:outline in workbench.view.explorer
2023-10-18 20:17:50.981 [info] Added views:workbench.scm in workbench.view.scm
2023-10-18 20:17:50.981 [info] Added views:workbench.view.search in workbench.view.search
2023-10-18 20:17:50.981 [info] Added views:timeline in workbench.view.explorer
2023-10-18 20:17:50.981 [info] Added views:workbench.explorer.emptyView in workbench.view.explorer
2023-10-18 20:17:51.498 [info] Added views:workbench.debug.variablesView,workbench.debug.watchExpressionsView,workbench.debug.callStackView,workbench.debug.breakPointsView in workbench.view.debug
2023-10-18 20:17:51.623 [info] Added views:~remote.forwardedPorts in ~remote.forwardedPortsContainer
2023-10-18 20:17:51.893 [info] Added views:workbench.panel.repl.view in workbench.panel.repl
2023-10-18 20:17:51.895 [info] Removed views:workbench.debug.breakPointsView,workbench.debug.callStackView,workbench.debug.watchExpressionsView,workbench.debug.variablesView from workbench.view.debug
2023-10-18 20:17:51.897 [info] Added views:workbench.debug.welcome in workbench.view.debug
2023-10-18 20:17:54.161 [info] Added views:workbench.panel.markers.view in workbench.panel.markers
2023-10-18 20:17:54.161 [info] Added views:workbench.panel.output in workbench.panel.output
2023-10-18 20:17:54.161 [info] Added views:terminal in terminal
2023-10-18 20:17:54.161 [info] Added views:outline in workbench.view.explorer
2023-10-18 20:17:54.161 [info] Added views:workbench.scm in workbench.view.scm
2023-10-18 20:17:54.161 [info] Added views:workbench.view.search in workbench.view.search
2023-10-18 20:17:54.161 [info] Added views:timeline in workbench.view.explorer
2023-10-18 20:17:54.161 [info] Added views:workbench.explorer.fileView in workbench.view.explorer
2023-10-18 20:17:54.379 [info] Added views:workbench.debug.welcome in workbench.view.debug
2023-10-18 20:17:55.034 [info] Added views:workbench.panel.repl.view in workbench.panel.repl
2023-10-18 20:17:55.615 [info] Added views:~remote.forwardedPorts in ~remote.forwardedPortsContainer
2023-10-18 21:13:51.359 [info] Added views:workbench.panel.markers.view in workbench.panel.markers
2023-10-18 21:13:51.360 [info] Added views:workbench.panel.output in workbench.panel.output
2023-10-18 21:13:51.360 [info] Added views:terminal in terminal
2023-10-18 21:13:51.360 [info] Added views:outline in workbench.view.explorer
2023-10-18 21:13:51.360 [info] Added views:workbench.scm in workbench.view.scm
2023-10-18 21:13:51.360 [info] Added views:workbench.view.search in workbench.view.search
2023-10-18 21:13:51.360 [info] Added views:timeline in workbench.view.explorer
2023-10-18 21:13:51.360 [info] Added views:workbench.explorer.emptyView in workbench.view.explorer
2023-10-18 21:13:51.869 [info] Added views:workbench.debug.variablesView,workbench.debug.watchExpressionsView,workbench.debug.callStackView,workbench.debug.breakPointsView in workbench.view.debug
2023-10-18 21:13:52.035 [info] Added views:~remote.forwardedPorts in ~remote.forwardedPortsContainer
2023-10-18 21:13:52.110 [info] Added views:workbench.panel.repl.view in workbench.panel.repl
2023-10-18 21:13:52.112 [info] Removed views:workbench.debug.breakPointsView,workbench.debug.callStackView,workbench.debug.watchExpressionsView,workbench.debug.variablesView from workbench.view.debug
2023-10-18 21:13:52.113 [info] Added views:workbench.debug.welcome in workbench.view.debug
