2023-10-19 12:01:25.322 [info] Extension host with pid 5647 started
2023-10-19 12:01:25.380 [info] ExtensionService#_doActivateExtension vscode.git-base, startup: true, activationEvent: '*', root cause: vscode.git
2023-10-19 12:01:25.399 [info] ExtensionService#_doActivateExtension vscode.git, startup: true, activationEvent: '*'
2023-10-19 12:01:25.440 [info] ExtensionService#_doActivateExtension vscode.github, startup: true, activationEvent: '*'
2023-10-19 12:01:25.509 [info] Eager extensions activated
2023-10-19 12:01:25.548 [info] ExtensionService#_doActivateExtension vscode.debug-auto-launch, startup: false, activationEvent: 'onStartupFinished'
2023-10-19 12:01:25.552 [info] ExtensionService#_doActivateExtension vscode.merge-conflict, startup: false, activationEvent: 'onStartupFinished'
2023-10-19 12:01:33.277 [info] Extension host terminating: renderer closed the MessagePort
2023-10-19 12:01:33.287 [info] Extension host with pid 5647 exiting with code 0
2023-10-19 12:01:34.906 [info] Extension host with pid 5679 started
2023-10-19 12:01:34.906 [info] Skipping acquiring lock for /home/ene/.config/Code - OSS/User/workspaceStorage/d7c96ed335ac508038779b4dda49f48b.
2023-10-19 12:01:35.022 [info] ExtensionService#_doActivateExtension vscode.emmet, startup: false, activationEvent: 'onLanguage'
2023-10-19 12:01:35.079 [info] ExtensionService#_doActivateExtension vscode.git-base, startup: true, activationEvent: '*', root cause: vscode.git
2023-10-19 12:01:35.088 [info] ExtensionService#_doActivateExtension vscode.git, startup: true, activationEvent: '*'
2023-10-19 12:01:35.127 [info] ExtensionService#_doActivateExtension vscode.github, startup: true, activationEvent: '*'
2023-10-19 12:01:35.206 [info] Eager extensions activated
2023-10-19 12:01:35.269 [info] ExtensionService#_doActivateExtension vscode.debug-auto-launch, startup: false, activationEvent: 'onStartupFinished'
2023-10-19 12:01:35.272 [info] ExtensionService#_doActivateExtension vscode.merge-conflict, startup: false, activationEvent: 'onStartupFinished'
2023-10-19 12:01:35.463 [warning] [Decorations] CAPPING events from decorations provider vscode.git 2943
2023-10-19 12:01:36.232 [warning] [Decorations] CAPPING events from decorations provider vscode.git 2943
2023-10-19 12:01:38.516 [warning] [Decorations] CAPPING events from decorations provider vscode.git 2943
2023-10-19 12:01:43.679 [warning] [Decorations] CAPPING events from decorations provider vscode.git 2943
2023-10-19 12:01:48.834 [warning] [Decorations] CAPPING events from decorations provider vscode.git 2943
2023-10-19 12:01:53.990 [warning] [Decorations] CAPPING events from decorations provider vscode.git 2943
2023-10-19 12:01:59.150 [warning] [Decorations] CAPPING events from decorations provider vscode.git 2943
2023-10-19 12:02:04.307 [warning] [Decorations] CAPPING events from decorations provider vscode.git 2941
2023-10-19 12:02:09.471 [warning] [Decorations] CAPPING events from decorations provider vscode.git 2941
2023-10-19 12:02:14.646 [warning] [Decorations] CAPPING events from decorations provider vscode.git 2941
2023-10-19 12:02:19.797 [warning] [Decorations] CAPPING events from decorations provider vscode.git 2941
2023-10-19 12:02:24.918 [warning] [Decorations] CAPPING events from decorations provider vscode.git 2941
2023-10-19 12:02:30.027 [warning] [Decorations] CAPPING events from decorations provider vscode.git 2941
2023-10-19 12:02:35.194 [warning] [Decorations] CAPPING events from decorations provider vscode.git 2941
2023-10-19 12:02:40.358 [warning] [Decorations] CAPPING events from decorations provider vscode.git 2941
2023-10-19 12:02:45.501 [warning] [Decorations] CAPPING events from decorations provider vscode.git 2941
2023-10-19 12:02:50.651 [warning] [Decorations] CAPPING events from decorations provider vscode.git 2941
2023-10-19 12:02:55.820 [warning] [Decorations] CAPPING events from decorations provider vscode.git 2941
2023-10-19 12:03:00.998 [warning] [Decorations] CAPPING events from decorations provider vscode.git 2941
2023-10-19 12:03:06.173 [warning] [Decorations] CAPPING events from decorations provider vscode.git 2941
2023-10-19 12:03:11.321 [warning] [Decorations] CAPPING events from decorations provider vscode.git 2941
2023-10-19 12:03:16.476 [warning] [Decorations] CAPPING events from decorations provider vscode.git 2941
2023-10-19 12:03:21.634 [warning] [Decorations] CAPPING events from decorations provider vscode.git 2941
2023-10-19 12:03:26.796 [warning] [Decorations] CAPPING events from decorations provider vscode.git 2941
2023-10-19 12:03:31.950 [warning] [Decorations] CAPPING events from decorations provider vscode.git 2941
2023-10-19 12:03:37.106 [warning] [Decorations] CAPPING events from decorations provider vscode.git 2941
2023-10-19 12:03:42.249 [warning] [Decorations] CAPPING events from decorations provider vscode.git 2941
2023-10-19 12:03:47.414 [warning] [Decorations] CAPPING events from decorations provider vscode.git 2941
2023-10-19 12:03:52.575 [warning] [Decorations] CAPPING events from decorations provider vscode.git 2941
2023-10-19 12:03:57.748 [warning] [Decorations] CAPPING events from decorations provider vscode.git 2941
2023-10-19 12:04:02.919 [warning] [Decorations] CAPPING events from decorations provider vscode.git 2941
2023-10-19 12:04:08.086 [warning] [Decorations] CAPPING events from decorations provider vscode.git 2941
2023-10-19 12:04:15.293 [warning] [Decorations] CAPPING events from decorations provider vscode.git 2942
2023-10-19 12:04:20.464 [warning] [Decorations] CAPPING events from decorations provider vscode.git 2942
2023-10-19 12:04:25.628 [warning] [Decorations] CAPPING events from decorations provider vscode.git 2942
2023-10-19 12:04:30.775 [warning] [Decorations] CAPPING events from decorations provider vscode.git 2942
2023-10-19 12:04:35.927 [warning] [Decorations] CAPPING events from decorations provider vscode.git 2943
2023-10-19 12:04:41.094 [warning] [Decorations] CAPPING events from decorations provider vscode.git 2944
2023-10-19 12:04:46.263 [warning] [Decorations] CAPPING events from decorations provider vscode.git 2943
2023-10-19 12:04:51.433 [warning] [Decorations] CAPPING events from decorations provider vscode.git 2944
2023-10-19 12:04:56.536 [warning] [Decorations] CAPPING events from decorations provider vscode.git 2944
2023-10-19 12:05:01.653 [warning] [Decorations] CAPPING events from decorations provider vscode.git 2944
2023-10-19 12:05:06.813 [warning] [Decorations] CAPPING events from decorations provider vscode.git 2944
2023-10-19 12:05:11.972 [warning] [Decorations] CAPPING events from decorations provider vscode.git 2944
2023-10-19 12:05:17.125 [warning] [Decorations] CAPPING events from decorations provider vscode.git 2944
2023-10-19 12:05:23.307 [warning] [Decorations] CAPPING events from decorations provider vscode.git 2945
2023-10-19 12:05:28.420 [warning] [Decorations] CAPPING events from decorations provider vscode.git 2944
2023-10-19 12:05:33.535 [warning] [Decorations] CAPPING events from decorations provider vscode.git 2944
2023-10-19 12:05:38.687 [warning] [Decorations] CAPPING events from decorations provider vscode.git 2945
2023-10-19 12:05:44.057 [warning] [Decorations] CAPPING events from decorations provider vscode.git 2946
2023-10-19 12:05:49.218 [warning] [Decorations] CAPPING events from decorations provider vscode.git 2945
2023-10-19 12:05:54.364 [warning] [Decorations] CAPPING events from decorations provider vscode.git 2946
2023-10-19 12:05:59.528 [warning] [Decorations] CAPPING events from decorations provider vscode.git 2946
2023-10-19 12:06:04.697 [warning] [Decorations] CAPPING events from decorations provider vscode.git 2946
2023-10-19 12:06:09.807 [warning] [Decorations] CAPPING events from decorations provider vscode.git 2947
2023-10-19 12:06:14.943 [warning] [Decorations] CAPPING events from decorations provider vscode.git 2946
2023-10-19 12:06:20.236 [warning] [Decorations] CAPPING events from decorations provider vscode.git 2947
2023-10-19 12:06:25.393 [warning] [Decorations] CAPPING events from decorations provider vscode.git 2947
2023-10-19 12:06:30.564 [warning] [Decorations] CAPPING events from decorations provider vscode.git 2947
2023-10-19 12:06:35.681 [warning] [Decorations] CAPPING events from decorations provider vscode.git 2947
2023-10-19 12:06:40.830 [warning] [Decorations] CAPPING events from decorations provider vscode.git 2948
2023-10-19 12:06:45.991 [warning] [Decorations] CAPPING events from decorations provider vscode.git 2948
2023-10-19 12:06:51.151 [warning] [Decorations] CAPPING events from decorations provider vscode.git 2948
2023-10-19 12:06:56.313 [warning] [Decorations] CAPPING events from decorations provider vscode.git 2949
2023-10-19 12:07:01.454 [warning] [Decorations] CAPPING events from decorations provider vscode.git 2949
2023-10-19 12:07:11.039 [warning] [Decorations] CAPPING events from decorations provider vscode.git 2949
2023-10-19 12:07:16.192 [warning] [Decorations] CAPPING events from decorations provider vscode.git 2949
2023-10-19 12:07:21.352 [warning] [Decorations] CAPPING events from decorations provider vscode.git 2950
2023-10-19 12:07:26.489 [warning] [Decorations] CAPPING events from decorations provider vscode.git 2950
2023-10-19 12:07:31.663 [warning] [Decorations] CAPPING events from decorations provider vscode.git 2950
2023-10-19 12:07:36.771 [warning] [Decorations] CAPPING events from decorations provider vscode.git 2951
2023-10-19 12:07:41.880 [warning] [Decorations] CAPPING events from decorations provider vscode.git 2952
2023-10-19 12:07:47.023 [warning] [Decorations] CAPPING events from decorations provider vscode.git 2952
2023-10-19 12:07:52.145 [warning] [Decorations] CAPPING events from decorations provider vscode.git 2952
2023-10-19 12:07:57.312 [warning] [Decorations] CAPPING events from decorations provider vscode.git 2952
2023-10-19 12:08:02.452 [warning] [Decorations] CAPPING events from decorations provider vscode.git 2952
2023-10-19 12:08:13.022 [warning] [Decorations] CAPPING events from decorations provider vscode.git 2952
2023-10-19 12:22:34.906 [warning] [Decorations] CAPPING events from decorations provider vscode.git 2952
2023-10-19 12:22:40.057 [warning] [Decorations] CAPPING events from decorations provider vscode.git 2942
2023-10-19 12:22:45.174 [warning] [Decorations] CAPPING events from decorations provider vscode.git 2942
2023-10-19 12:22:50.364 [warning] [Decorations] CAPPING events from decorations provider vscode.git 2942
2023-10-19 12:22:55.500 [warning] [Decorations] CAPPING events from decorations provider vscode.git 2942
2023-10-19 12:23:00.666 [warning] [Decorations] CAPPING events from decorations provider vscode.git 2942
2023-10-19 12:23:05.820 [warning] [Decorations] CAPPING events from decorations provider vscode.git 2942
2023-10-19 12:23:10.970 [warning] [Decorations] CAPPING events from decorations provider vscode.git 2942
2023-10-19 12:23:16.126 [warning] [Decorations] CAPPING events from decorations provider vscode.git 2942
2023-10-19 12:23:21.300 [warning] [Decorations] CAPPING events from decorations provider vscode.git 2942
2023-10-19 12:23:26.460 [warning] [Decorations] CAPPING events from decorations provider vscode.git 2942
2023-10-19 12:23:34.163 [warning] [Decorations] CAPPING events from decorations provider vscode.git 2943
2023-10-19 12:23:40.383 [warning] [Decorations] CAPPING events from decorations provider vscode.git 2943
2023-10-19 12:23:45.543 [warning] [Decorations] CAPPING events from decorations provider vscode.git 2943
2023-10-19 12:23:50.706 [warning] [Decorations] CAPPING events from decorations provider vscode.git 2943
2023-10-19 12:23:55.868 [warning] [Decorations] CAPPING events from decorations provider vscode.git 2943
2023-10-19 12:24:01.025 [warning] [Decorations] CAPPING events from decorations provider vscode.git 2943
2023-10-19 12:24:06.138 [warning] [Decorations] CAPPING events from decorations provider vscode.git 2943
2023-10-19 12:24:11.250 [warning] [Decorations] CAPPING events from decorations provider vscode.git 2943
2023-10-19 12:24:16.363 [warning] [Decorations] CAPPING events from decorations provider vscode.git 2943
2023-10-19 12:54:25.738 [warning] [Decorations] CAPPING events from decorations provider vscode.git 2943
2023-10-19 12:54:30.877 [warning] [Decorations] CAPPING events from decorations provider vscode.git 2941
2023-10-19 12:54:36.040 [warning] [Decorations] CAPPING events from decorations provider vscode.git 2942
2023-10-19 12:54:49.776 [warning] [Decorations] CAPPING events from decorations provider vscode.git 2942
2023-10-19 12:54:54.941 [warning] [Decorations] CAPPING events from decorations provider vscode.git 2942
2023-10-19 12:55:00.082 [warning] [Decorations] CAPPING events from decorations provider vscode.git 2942
2023-10-19 12:55:05.209 [warning] [Decorations] CAPPING events from decorations provider vscode.git 2942
2023-10-19 12:55:14.387 [warning] [Decorations] CAPPING events from decorations provider vscode.git 2943
2023-10-19 12:56:07.042 [warning] [Decorations] CAPPING events from decorations provider vscode.git 2942
2023-10-19 12:56:12.205 [warning] [Decorations] CAPPING events from decorations provider vscode.git 2943
2023-10-19 12:56:17.335 [warning] [Decorations] CAPPING events from decorations provider vscode.git 2943
2023-10-19 12:56:36.201 [warning] [Decorations] CAPPING events from decorations provider vscode.git 2943
2023-10-19 12:56:42.688 [warning] [Decorations] CAPPING events from decorations provider vscode.git 2943
2023-10-19 12:56:49.973 [warning] [Decorations] CAPPING events from decorations provider vscode.git 2943
2023-10-19 12:56:55.125 [warning] [Decorations] CAPPING events from decorations provider vscode.git 2943
2023-10-19 12:57:06.192 [warning] [Decorations] CAPPING events from decorations provider vscode.git 2944
2023-10-19 12:57:11.361 [warning] [Decorations] CAPPING events from decorations provider vscode.git 2943
2023-10-19 12:57:30.739 [warning] [Decorations] CAPPING events from decorations provider vscode.git 2944
2023-10-19 12:57:35.868 [warning] [Decorations] CAPPING events from decorations provider vscode.git 2944
2023-10-19 12:57:41.022 [warning] [Decorations] CAPPING events from decorations provider vscode.git 2945
2023-10-19 12:57:46.177 [warning] [Decorations] CAPPING events from decorations provider vscode.git 2945
2023-10-19 12:57:51.669 [warning] [Decorations] CAPPING events from decorations provider vscode.git 2946
2023-10-19 12:57:56.821 [warning] [Decorations] CAPPING events from decorations provider vscode.git 2945
2023-10-19 12:58:10.134 [warning] [Decorations] CAPPING events from decorations provider vscode.git 2945
2023-10-19 12:58:15.254 [warning] [Decorations] CAPPING events from decorations provider vscode.git 2945
2023-10-19 12:58:20.419 [warning] [Decorations] CAPPING events from decorations provider vscode.git 2946
2023-10-19 12:58:25.573 [warning] [Decorations] CAPPING events from decorations provider vscode.git 2946
2023-10-19 12:58:30.726 [warning] [Decorations] CAPPING events from decorations provider vscode.git 2946
2023-10-19 12:58:38.874 [warning] [Decorations] CAPPING events from decorations provider vscode.git 2947
2023-10-19 12:58:44.043 [warning] [Decorations] CAPPING events from decorations provider vscode.git 2946
2023-10-19 12:58:49.188 [warning] [Decorations] CAPPING events from decorations provider vscode.git 2947
2023-10-19 12:58:54.352 [warning] [Decorations] CAPPING events from decorations provider vscode.git 2947
2023-10-19 12:58:59.504 [warning] [Decorations] CAPPING events from decorations provider vscode.git 2947
2023-10-19 12:59:04.628 [warning] [Decorations] CAPPING events from decorations provider vscode.git 2948
2023-10-19 12:59:09.780 [warning] [Decorations] CAPPING events from decorations provider vscode.git 2947
2023-10-19 12:59:15.865 [warning] [Decorations] CAPPING events from decorations provider vscode.git 2947
2023-10-19 13:00:40.319 [warning] [Decorations] CAPPING events from decorations provider vscode.git 2948
2023-10-19 13:00:45.474 [warning] [Decorations] CAPPING events from decorations provider vscode.git 2943
2023-10-19 13:00:50.636 [warning] [Decorations] CAPPING events from decorations provider vscode.git 2944
2023-10-19 13:00:55.790 [warning] [Decorations] CAPPING events from decorations provider vscode.git 2944
2023-10-19 13:01:00.941 [warning] [Decorations] CAPPING events from decorations provider vscode.git 2944
2023-10-19 13:01:06.058 [warning] [Decorations] CAPPING events from decorations provider vscode.git 2944
2023-10-19 13:01:11.168 [warning] [Decorations] CAPPING events from decorations provider vscode.git 2944
2023-10-19 13:01:16.332 [warning] [Decorations] CAPPING events from decorations provider vscode.git 2944
2023-10-19 13:01:21.493 [warning] [Decorations] CAPPING events from decorations provider vscode.git 2945
2023-10-19 13:01:26.626 [warning] [Decorations] CAPPING events from decorations provider vscode.git 2945
2023-10-19 13:01:35.132 [warning] [Decorations] CAPPING events from decorations provider vscode.git 2946
2023-10-19 13:01:40.251 [warning] [Decorations] CAPPING events from decorations provider vscode.git 2945
2023-10-19 13:01:45.406 [warning] [Decorations] CAPPING events from decorations provider vscode.git 2945
2023-10-19 13:01:50.546 [warning] [Decorations] CAPPING events from decorations provider vscode.git 2945
2023-10-19 13:01:55.681 [warning] [Decorations] CAPPING events from decorations provider vscode.git 2945
2023-10-19 13:02:00.832 [warning] [Decorations] CAPPING events from decorations provider vscode.git 2946
2023-10-19 13:02:05.976 [warning] [Decorations] CAPPING events from decorations provider vscode.git 2946
2023-10-19 13:02:11.127 [warning] [Decorations] CAPPING events from decorations provider vscode.git 2946
2023-10-19 13:02:16.961 [warning] [Decorations] CAPPING events from decorations provider vscode.git 2947
2023-10-19 13:02:22.123 [warning] [Decorations] CAPPING events from decorations provider vscode.git 2947
2023-10-19 13:02:27.291 [warning] [Decorations] CAPPING events from decorations provider vscode.git 2947
2023-10-19 13:02:32.459 [warning] [Decorations] CAPPING events from decorations provider vscode.git 2947
2023-10-19 13:02:37.634 [warning] [Decorations] CAPPING events from decorations provider vscode.git 2947
2023-10-19 13:02:42.802 [warning] [Decorations] CAPPING events from decorations provider vscode.git 2947
2023-10-19 13:03:57.859 [warning] [Decorations] CAPPING events from decorations provider vscode.git 2947
2023-10-19 13:04:03.025 [warning] [Decorations] CAPPING events from decorations provider vscode.git 2947
2023-10-19 13:04:08.194 [warning] [Decorations] CAPPING events from decorations provider vscode.git 2947
2023-10-19 13:04:13.368 [warning] [Decorations] CAPPING events from decorations provider vscode.git 2947
2023-10-19 13:04:18.526 [warning] [Decorations] CAPPING events from decorations provider vscode.git 2947
2023-10-19 13:04:23.675 [warning] [Decorations] CAPPING events from decorations provider vscode.git 2947
2023-10-19 13:04:28.809 [warning] [Decorations] CAPPING events from decorations provider vscode.git 2948
2023-10-19 13:04:34.265 [warning] [Decorations] CAPPING events from decorations provider vscode.git 2948
2023-10-19 13:04:39.465 [warning] [Decorations] CAPPING events from decorations provider vscode.git 2948
2023-10-19 13:04:44.641 [warning] [Decorations] CAPPING events from decorations provider vscode.git 2948
2023-10-19 13:04:49.807 [warning] [Decorations] CAPPING events from decorations provider vscode.git 2948
2023-10-19 13:04:55.016 [warning] [Decorations] CAPPING events from decorations provider vscode.git 2948
2023-10-19 13:05:00.191 [warning] [Decorations] CAPPING events from decorations provider vscode.git 2948
2023-10-19 13:05:05.364 [warning] [Decorations] CAPPING events from decorations provider vscode.git 2948
2023-10-19 13:05:10.526 [warning] [Decorations] CAPPING events from decorations provider vscode.git 2948
2023-10-19 13:05:15.672 [warning] [Decorations] CAPPING events from decorations provider vscode.git 2941
2023-10-19 13:05:20.858 [warning] [Decorations] CAPPING events from decorations provider vscode.git 2941
2023-10-19 13:05:26.028 [warning] [Decorations] CAPPING events from decorations provider vscode.git 2941
2023-10-19 13:05:31.208 [warning] [Decorations] CAPPING events from decorations provider vscode.git 2941
2023-10-19 13:05:36.362 [warning] [Decorations] CAPPING events from decorations provider vscode.git 2941
2023-10-19 13:05:41.566 [warning] [Decorations] CAPPING events from decorations provider vscode.git 2941
2023-10-19 13:05:46.702 [warning] [Decorations] CAPPING events from decorations provider vscode.git 2941
2023-10-19 13:05:51.834 [warning] [Decorations] CAPPING events from decorations provider vscode.git 2941
2023-10-19 13:05:56.942 [warning] [Decorations] CAPPING events from decorations provider vscode.git 2941
2023-10-19 13:06:02.081 [warning] [Decorations] CAPPING events from decorations provider vscode.git 2941
2023-10-19 13:06:07.216 [warning] [Decorations] CAPPING events from decorations provider vscode.git 2941
2023-10-19 13:06:12.373 [warning] [Decorations] CAPPING events from decorations provider vscode.git 2941
2023-10-19 13:06:17.532 [warning] [Decorations] CAPPING events from decorations provider vscode.git 2941
2023-10-19 13:06:22.647 [warning] [Decorations] CAPPING events from decorations provider vscode.git 2941
2023-10-19 13:06:27.801 [warning] [Decorations] CAPPING events from decorations provider vscode.git 2941
2023-10-19 13:06:32.975 [warning] [Decorations] CAPPING events from decorations provider vscode.git 2941
2023-10-19 13:06:38.109 [warning] [Decorations] CAPPING events from decorations provider vscode.git 2941
2023-10-19 13:06:43.250 [warning] [Decorations] CAPPING events from decorations provider vscode.git 2941
2023-10-19 13:06:48.411 [warning] [Decorations] CAPPING events from decorations provider vscode.git 2941
2023-10-19 13:06:53.591 [warning] [Decorations] CAPPING events from decorations provider vscode.git 2941
2023-10-19 13:06:58.747 [warning] [Decorations] CAPPING events from decorations provider vscode.git 2941
2023-10-19 13:07:03.917 [warning] [Decorations] CAPPING events from decorations provider vscode.git 2941
2023-10-19 13:07:09.080 [warning] [Decorations] CAPPING events from decorations provider vscode.git 2941
2023-10-19 13:07:14.249 [warning] [Decorations] CAPPING events from decorations provider vscode.git 2941
2023-10-19 13:07:19.412 [warning] [Decorations] CAPPING events from decorations provider vscode.git 2941
2023-10-19 13:07:24.580 [warning] [Decorations] CAPPING events from decorations provider vscode.git 2941
2023-10-19 13:07:29.736 [warning] [Decorations] CAPPING events from decorations provider vscode.git 2941
2023-10-19 13:07:34.914 [warning] [Decorations] CAPPING events from decorations provider vscode.git 2941
2023-10-19 13:07:40.073 [warning] [Decorations] CAPPING events from decorations provider vscode.git 2941
2023-10-19 13:07:45.229 [warning] [Decorations] CAPPING events from decorations provider vscode.git 2941
2023-10-19 13:07:50.384 [warning] [Decorations] CAPPING events from decorations provider vscode.git 2941
2023-10-19 13:07:55.500 [warning] [Decorations] CAPPING events from decorations provider vscode.git 2941
2023-10-19 13:08:00.621 [warning] [Decorations] CAPPING events from decorations provider vscode.git 2941
2023-10-19 13:08:05.738 [warning] [Decorations] CAPPING events from decorations provider vscode.git 2941
2023-10-19 13:08:10.898 [warning] [Decorations] CAPPING events from decorations provider vscode.git 2941
2023-10-19 13:08:16.059 [warning] [Decorations] CAPPING events from decorations provider vscode.git 2941
2023-10-19 13:08:21.217 [warning] [Decorations] CAPPING events from decorations provider vscode.git 2941
2023-10-19 13:08:26.383 [warning] [Decorations] CAPPING events from decorations provider vscode.git 2941
2023-10-19 13:08:31.544 [warning] [Decorations] CAPPING events from decorations provider vscode.git 2941
2023-10-19 13:08:36.709 [warning] [Decorations] CAPPING events from decorations provider vscode.git 2941
2023-10-19 13:08:41.873 [warning] [Decorations] CAPPING events from decorations provider vscode.git 2941
2023-10-19 13:08:47.044 [warning] [Decorations] CAPPING events from decorations provider vscode.git 2941
2023-10-19 13:08:52.143 [warning] [Decorations] CAPPING events from decorations provider vscode.git 2941
2023-10-19 13:08:57.299 [warning] [Decorations] CAPPING events from decorations provider vscode.git 2941
2023-10-19 13:09:02.408 [warning] [Decorations] CAPPING events from decorations provider vscode.git 2941
2023-10-19 13:09:07.576 [warning] [Decorations] CAPPING events from decorations provider vscode.git 2941
2023-10-19 13:09:12.720 [warning] [Decorations] CAPPING events from decorations provider vscode.git 2941
2023-10-19 13:09:17.883 [warning] [Decorations] CAPPING events from decorations provider vscode.git 2941
2023-10-19 13:09:23.038 [warning] [Decorations] CAPPING events from decorations provider vscode.git 2941
2023-10-19 13:09:28.199 [warning] [Decorations] CAPPING events from decorations provider vscode.git 2941
2023-10-19 13:09:33.361 [warning] [Decorations] CAPPING events from decorations provider vscode.git 2941
2023-10-19 13:09:38.525 [warning] [Decorations] CAPPING events from decorations provider vscode.git 2941
2023-10-19 13:09:43.685 [warning] [Decorations] CAPPING events from decorations provider vscode.git 2941
2023-10-19 13:09:48.856 [warning] [Decorations] CAPPING events from decorations provider vscode.git 2941
2023-10-19 13:09:54.015 [warning] [Decorations] CAPPING events from decorations provider vscode.git 2941
2023-10-19 13:09:59.175 [warning] [Decorations] CAPPING events from decorations provider vscode.git 2941
2023-10-19 13:10:04.338 [warning] [Decorations] CAPPING events from decorations provider vscode.git 2941
2023-10-19 13:10:09.509 [warning] [Decorations] CAPPING events from decorations provider vscode.git 2941
2023-10-19 13:10:14.630 [warning] [Decorations] CAPPING events from decorations provider vscode.git 2941
2023-10-19 13:10:19.747 [warning] [Decorations] CAPPING events from decorations provider vscode.git 2941
2023-10-19 13:10:24.898 [warning] [Decorations] CAPPING events from decorations provider vscode.git 2941
2023-10-19 13:10:30.066 [warning] [Decorations] CAPPING events from decorations provider vscode.git 2941
2023-10-19 13:10:35.222 [warning] [Decorations] CAPPING events from decorations provider vscode.git 2941
2023-10-19 13:10:40.380 [warning] [Decorations] CAPPING events from decorations provider vscode.git 2941
2023-10-19 13:10:45.545 [warning] [Decorations] CAPPING events from decorations provider vscode.git 2941
2023-10-19 13:10:50.713 [warning] [Decorations] CAPPING events from decorations provider vscode.git 2941
2023-10-19 13:10:55.874 [warning] [Decorations] CAPPING events from decorations provider vscode.git 2941
2023-10-19 13:11:01.048 [warning] [Decorations] CAPPING events from decorations provider vscode.git 2941
2023-10-19 13:11:06.216 [warning] [Decorations] CAPPING events from decorations provider vscode.git 2941
2023-10-19 13:11:11.402 [warning] [Decorations] CAPPING events from decorations provider vscode.git 2941
2023-10-19 13:11:16.552 [warning] [Decorations] CAPPING events from decorations provider vscode.git 2941
2023-10-19 13:11:21.718 [warning] [Decorations] CAPPING events from decorations provider vscode.git 2941
2023-10-19 13:11:26.875 [warning] [Decorations] CAPPING events from decorations provider vscode.git 2941
2023-10-19 13:11:32.068 [warning] [Decorations] CAPPING events from decorations provider vscode.git 2941
2023-10-19 13:11:37.239 [warning] [Decorations] CAPPING events from decorations provider vscode.git 2941
2023-10-19 13:11:42.401 [warning] [Decorations] CAPPING events from decorations provider vscode.git 2941
2023-10-19 13:11:47.533 [warning] [Decorations] CAPPING events from decorations provider vscode.git 2941
2023-10-19 13:11:52.639 [warning] [Decorations] CAPPING events from decorations provider vscode.git 2941
2023-10-19 13:11:57.753 [warning] [Decorations] CAPPING events from decorations provider vscode.git 2941
2023-10-19 13:12:02.908 [warning] [Decorations] CAPPING events from decorations provider vscode.git 2941
2023-10-19 13:12:08.073 [warning] [Decorations] CAPPING events from decorations provider vscode.git 2941
2023-10-19 13:12:13.234 [warning] [Decorations] CAPPING events from decorations provider vscode.git 2941
2023-10-19 13:12:18.407 [warning] [Decorations] CAPPING events from decorations provider vscode.git 2941
2023-10-19 13:12:23.555 [warning] [Decorations] CAPPING events from decorations provider vscode.git 2941
2023-10-19 13:12:28.720 [warning] [Decorations] CAPPING events from decorations provider vscode.git 2941
2023-10-19 13:12:33.882 [warning] [Decorations] CAPPING events from decorations provider vscode.git 2941
2023-10-19 13:12:39.051 [warning] [Decorations] CAPPING events from decorations provider vscode.git 2941
2023-10-19 13:12:44.218 [warning] [Decorations] CAPPING events from decorations provider vscode.git 2941
2023-10-19 13:12:49.376 [warning] [Decorations] CAPPING events from decorations provider vscode.git 2941
2023-10-19 13:12:54.541 [warning] [Decorations] CAPPING events from decorations provider vscode.git 2941
2023-10-19 13:12:59.709 [warning] [Decorations] CAPPING events from decorations provider vscode.git 2941
2023-10-19 13:13:04.868 [warning] [Decorations] CAPPING events from decorations provider vscode.git 2941
2023-10-19 13:13:10.030 [warning] [Decorations] CAPPING events from decorations provider vscode.git 2941
2023-10-19 13:13:15.180 [warning] [Decorations] CAPPING events from decorations provider vscode.git 2941
2023-10-19 13:13:20.331 [warning] [Decorations] CAPPING events from decorations provider vscode.git 2941
2023-10-19 13:13:25.489 [warning] [Decorations] CAPPING events from decorations provider vscode.git 2941
2023-10-19 13:13:30.664 [warning] [Decorations] CAPPING events from decorations provider vscode.git 2941
2023-10-19 13:13:35.827 [warning] [Decorations] CAPPING events from decorations provider vscode.git 2941
2023-10-19 13:13:40.988 [warning] [Decorations] CAPPING events from decorations provider vscode.git 2941
2023-10-19 13:13:46.145 [warning] [Decorations] CAPPING events from decorations provider vscode.git 2941
2023-10-19 13:13:51.310 [warning] [Decorations] CAPPING events from decorations provider vscode.git 2941
2023-10-19 13:13:56.479 [warning] [Decorations] CAPPING events from decorations provider vscode.git 2941
2023-10-19 13:14:01.640 [warning] [Decorations] CAPPING events from decorations provider vscode.git 2941
2023-10-19 13:14:06.753 [warning] [Decorations] CAPPING events from decorations provider vscode.git 2941
2023-10-19 13:14:11.925 [warning] [Decorations] CAPPING events from decorations provider vscode.git 2941
2023-10-19 13:14:17.083 [warning] [Decorations] CAPPING events from decorations provider vscode.git 2941
2023-10-19 13:14:22.217 [warning] [Decorations] CAPPING events from decorations provider vscode.git 2941
2023-10-19 13:14:27.369 [warning] [Decorations] CAPPING events from decorations provider vscode.git 2941
2023-10-19 13:14:32.533 [warning] [Decorations] CAPPING events from decorations provider vscode.git 2941
2023-10-19 13:14:37.699 [warning] [Decorations] CAPPING events from decorations provider vscode.git 2941
2023-10-19 13:14:42.872 [warning] [Decorations] CAPPING events from decorations provider vscode.git 2941
2023-10-19 13:14:48.033 [warning] [Decorations] CAPPING events from decorations provider vscode.git 2941
2023-10-19 13:14:53.201 [warning] [Decorations] CAPPING events from decorations provider vscode.git 2941
2023-10-19 13:14:58.366 [warning] [Decorations] CAPPING events from decorations provider vscode.git 2941
2023-10-19 13:15:03.529 [warning] [Decorations] CAPPING events from decorations provider vscode.git 2941
2023-10-19 13:15:08.692 [warning] [Decorations] CAPPING events from decorations provider vscode.git 2941
2023-10-19 13:15:13.853 [warning] [Decorations] CAPPING events from decorations provider vscode.git 2941
2023-10-19 13:15:19.018 [warning] [Decorations] CAPPING events from decorations provider vscode.git 2941
2023-10-19 13:15:24.176 [warning] [Decorations] CAPPING events from decorations provider vscode.git 2941
2023-10-19 13:15:29.308 [warning] [Decorations] CAPPING events from decorations provider vscode.git 2941
2023-10-19 13:15:34.425 [warning] [Decorations] CAPPING events from decorations provider vscode.git 2941
2023-10-19 13:15:39.528 [warning] [Decorations] CAPPING events from decorations provider vscode.git 2941
2023-10-19 13:15:44.692 [warning] [Decorations] CAPPING events from decorations provider vscode.git 2941
2023-10-19 13:15:49.857 [warning] [Decorations] CAPPING events from decorations provider vscode.git 2941
2023-10-19 13:15:55.029 [warning] [Decorations] CAPPING events from decorations provider vscode.git 2941
2023-10-19 13:16:00.189 [warning] [Decorations] CAPPING events from decorations provider vscode.git 2941
2023-10-19 13:16:05.360 [warning] [Decorations] CAPPING events from decorations provider vscode.git 2941
2023-10-19 13:16:10.525 [warning] [Decorations] CAPPING events from decorations provider vscode.git 2941
2023-10-19 13:16:15.693 [warning] [Decorations] CAPPING events from decorations provider vscode.git 2941
2023-10-19 13:16:20.842 [warning] [Decorations] CAPPING events from decorations provider vscode.git 2941
2023-10-19 13:16:26.005 [warning] [Decorations] CAPPING events from decorations provider vscode.git 2941
2023-10-19 13:16:31.169 [warning] [Decorations] CAPPING events from decorations provider vscode.git 2941
2023-10-19 13:16:36.344 [warning] [Decorations] CAPPING events from decorations provider vscode.git 2941
2023-10-19 13:16:41.512 [warning] [Decorations] CAPPING events from decorations provider vscode.git 2941
2023-10-19 13:16:46.683 [warning] [Decorations] CAPPING events from decorations provider vscode.git 2941
2023-10-19 13:16:51.850 [warning] [Decorations] CAPPING events from decorations provider vscode.git 2941
2023-10-19 13:16:57.022 [warning] [Decorations] CAPPING events from decorations provider vscode.git 2941
2023-10-19 13:17:02.189 [warning] [Decorations] CAPPING events from decorations provider vscode.git 2941
2023-10-19 13:17:07.365 [warning] [Decorations] CAPPING events from decorations provider vscode.git 2941
2023-10-19 13:17:12.523 [warning] [Decorations] CAPPING events from decorations provider vscode.git 2941
2023-10-19 13:17:17.693 [warning] [Decorations] CAPPING events from decorations provider vscode.git 2941
2023-10-19 13:17:22.798 [warning] [Decorations] CAPPING events from decorations provider vscode.git 2941
2023-10-19 13:17:27.909 [warning] [Decorations] CAPPING events from decorations provider vscode.git 2941
2023-10-19 13:17:33.066 [warning] [Decorations] CAPPING events from decorations provider vscode.git 2941
2023-10-19 13:17:38.243 [warning] [Decorations] CAPPING events from decorations provider vscode.git 2941
2023-10-19 13:17:43.397 [warning] [Decorations] CAPPING events from decorations provider vscode.git 2941
2023-10-19 13:17:48.558 [warning] [Decorations] CAPPING events from decorations provider vscode.git 2941
2023-10-19 13:17:53.714 [warning] [Decorations] CAPPING events from decorations provider vscode.git 2941
2023-10-19 13:17:58.882 [warning] [Decorations] CAPPING events from decorations provider vscode.git 2941
2023-10-19 13:18:04.049 [warning] [Decorations] CAPPING events from decorations provider vscode.git 2941
2023-10-19 13:18:09.216 [warning] [Decorations] CAPPING events from decorations provider vscode.git 2941
2023-10-19 13:18:14.380 [warning] [Decorations] CAPPING events from decorations provider vscode.git 2941
2023-10-19 13:18:19.560 [warning] [Decorations] CAPPING events from decorations provider vscode.git 2941
2023-10-19 13:18:24.729 [warning] [Decorations] CAPPING events from decorations provider vscode.git 2941
2023-10-19 13:18:29.900 [warning] [Decorations] CAPPING events from decorations provider vscode.git 2941
2023-10-19 13:18:35.058 [warning] [Decorations] CAPPING events from decorations provider vscode.git 2941
2023-10-19 13:18:40.211 [warning] [Decorations] CAPPING events from decorations provider vscode.git 2941
2023-10-19 13:18:45.370 [warning] [Decorations] CAPPING events from decorations provider vscode.git 2941
2023-10-19 13:18:50.539 [warning] [Decorations] CAPPING events from decorations provider vscode.git 2941
2023-10-19 13:18:55.688 [warning] [Decorations] CAPPING events from decorations provider vscode.git 2941
2023-10-19 13:19:00.859 [warning] [Decorations] CAPPING events from decorations provider vscode.git 2941
2023-10-19 13:19:06.024 [warning] [Decorations] CAPPING events from decorations provider vscode.git 2941
2023-10-19 13:19:11.145 [warning] [Decorations] CAPPING events from decorations provider vscode.git 2941
2023-10-19 13:19:16.316 [warning] [Decorations] CAPPING events from decorations provider vscode.git 2941
2023-10-19 13:19:21.496 [warning] [Decorations] CAPPING events from decorations provider vscode.git 2941
2023-10-19 13:19:26.662 [warning] [Decorations] CAPPING events from decorations provider vscode.git 2941
2023-10-19 13:19:31.830 [warning] [Decorations] CAPPING events from decorations provider vscode.git 2941
2023-10-19 13:19:36.989 [warning] [Decorations] CAPPING events from decorations provider vscode.git 2941
2023-10-19 13:19:42.164 [warning] [Decorations] CAPPING events from decorations provider vscode.git 2941
2023-10-19 13:19:47.323 [warning] [Decorations] CAPPING events from decorations provider vscode.git 2941
2023-10-19 13:19:52.492 [warning] [Decorations] CAPPING events from decorations provider vscode.git 2941
2023-10-19 13:19:57.653 [warning] [Decorations] CAPPING events from decorations provider vscode.git 2941
2023-10-19 13:20:02.823 [warning] [Decorations] CAPPING events from decorations provider vscode.git 2941
2023-10-19 13:20:07.973 [warning] [Decorations] CAPPING events from decorations provider vscode.git 2941
2023-10-19 13:20:13.084 [warning] [Decorations] CAPPING events from decorations provider vscode.git 2941
2023-10-19 13:20:18.253 [warning] [Decorations] CAPPING events from decorations provider vscode.git 2941
2023-10-19 13:20:23.421 [warning] [Decorations] CAPPING events from decorations provider vscode.git 2941
2023-10-19 13:20:28.577 [warning] [Decorations] CAPPING events from decorations provider vscode.git 2941
2023-10-19 13:20:33.737 [warning] [Decorations] CAPPING events from decorations provider vscode.git 2941
2023-10-19 13:20:38.865 [warning] [Decorations] CAPPING events from decorations provider vscode.git 2941
2023-10-19 13:20:44.066 [warning] [Decorations] CAPPING events from decorations provider vscode.git 2941
2023-10-19 13:20:49.243 [warning] [Decorations] CAPPING events from decorations provider vscode.git 2941
2023-10-19 13:20:54.391 [warning] [Decorations] CAPPING events from decorations provider vscode.git 2941
2023-10-19 13:20:59.539 [warning] [Decorations] CAPPING events from decorations provider vscode.git 2941
2023-10-19 13:21:04.709 [warning] [Decorations] CAPPING events from decorations provider vscode.git 2941
2023-10-19 13:21:09.888 [warning] [Decorations] CAPPING events from decorations provider vscode.git 2941
2023-10-19 13:21:15.029 [warning] [Decorations] CAPPING events from decorations provider vscode.git 2941
2023-10-19 13:21:20.167 [warning] [Decorations] CAPPING events from decorations provider vscode.git 2941
2023-10-19 13:21:25.329 [warning] [Decorations] CAPPING events from decorations provider vscode.git 2941
2023-10-19 13:21:30.490 [warning] [Decorations] CAPPING events from decorations provider vscode.git 2941
2023-10-19 13:21:35.656 [warning] [Decorations] CAPPING events from decorations provider vscode.git 2941
2023-10-19 13:21:40.818 [warning] [Decorations] CAPPING events from decorations provider vscode.git 2941
2023-10-19 13:21:45.967 [warning] [Decorations] CAPPING events from decorations provider vscode.git 2941
2023-10-19 13:21:51.134 [warning] [Decorations] CAPPING events from decorations provider vscode.git 2941
2023-10-19 13:21:56.300 [warning] [Decorations] CAPPING events from decorations provider vscode.git 2941
2023-10-19 13:22:01.464 [warning] [Decorations] CAPPING events from decorations provider vscode.git 2941
2023-10-19 13:22:06.623 [warning] [Decorations] CAPPING events from decorations provider vscode.git 2941
2023-10-19 13:22:11.793 [warning] [Decorations] CAPPING events from decorations provider vscode.git 2941
2023-10-19 13:22:16.926 [warning] [Decorations] CAPPING events from decorations provider vscode.git 2941
2023-10-19 13:22:22.071 [warning] [Decorations] CAPPING events from decorations provider vscode.git 2941
2023-10-19 13:22:27.245 [warning] [Decorations] CAPPING events from decorations provider vscode.git 2941
2023-10-19 13:22:32.394 [warning] [Decorations] CAPPING events from decorations provider vscode.git 2941
2023-10-19 13:22:37.559 [warning] [Decorations] CAPPING events from decorations provider vscode.git 2941
2023-10-19 13:22:42.714 [warning] [Decorations] CAPPING events from decorations provider vscode.git 2941
2023-10-19 13:22:47.881 [warning] [Decorations] CAPPING events from decorations provider vscode.git 2941
2023-10-19 13:22:53.041 [warning] [Decorations] CAPPING events from decorations provider vscode.git 2941
2023-10-19 13:22:58.199 [warning] [Decorations] CAPPING events from decorations provider vscode.git 2941
2023-10-19 13:23:03.356 [warning] [Decorations] CAPPING events from decorations provider vscode.git 2941
2023-10-19 13:23:08.532 [warning] [Decorations] CAPPING events from decorations provider vscode.git 2941
2023-10-19 13:23:13.692 [warning] [Decorations] CAPPING events from decorations provider vscode.git 2941
2023-10-19 13:23:18.869 [warning] [Decorations] CAPPING events from decorations provider vscode.git 2941
2023-10-19 13:23:24.036 [warning] [Decorations] CAPPING events from decorations provider vscode.git 2941
2023-10-19 13:23:29.204 [warning] [Decorations] CAPPING events from decorations provider vscode.git 2941
2023-10-19 13:23:34.362 [warning] [Decorations] CAPPING events from decorations provider vscode.git 2941
2023-10-19 13:23:39.533 [warning] [Decorations] CAPPING events from decorations provider vscode.git 2941
2023-10-19 13:23:44.701 [warning] [Decorations] CAPPING events from decorations provider vscode.git 2941
2023-10-19 13:23:49.867 [warning] [Decorations] CAPPING events from decorations provider vscode.git 2941
2023-10-19 13:23:55.037 [warning] [Decorations] CAPPING events from decorations provider vscode.git 2941
2023-10-19 13:24:00.208 [warning] [Decorations] CAPPING events from decorations provider vscode.git 2941
2023-10-19 13:24:05.370 [warning] [Decorations] CAPPING events from decorations provider vscode.git 2941
2023-10-19 13:24:10.544 [warning] [Decorations] CAPPING events from decorations provider vscode.git 2941
2023-10-19 13:24:15.724 [warning] [Decorations] CAPPING events from decorations provider vscode.git 2941
2023-10-19 13:24:20.900 [warning] [Decorations] CAPPING events from decorations provider vscode.git 2941
2023-10-19 13:24:26.064 [warning] [Decorations] CAPPING events from decorations provider vscode.git 2941
2023-10-19 13:24:31.190 [warning] [Decorations] CAPPING events from decorations provider vscode.git 2941
2023-10-19 13:24:36.307 [warning] [Decorations] CAPPING events from decorations provider vscode.git 2941
2023-10-19 13:24:41.479 [warning] [Decorations] CAPPING events from decorations provider vscode.git 2941
2023-10-19 13:24:46.646 [warning] [Decorations] CAPPING events from decorations provider vscode.git 2941
2023-10-19 13:24:51.813 [warning] [Decorations] CAPPING events from decorations provider vscode.git 2941
2023-10-19 13:24:56.977 [warning] [Decorations] CAPPING events from decorations provider vscode.git 2941
2023-10-19 13:25:02.150 [warning] [Decorations] CAPPING events from decorations provider vscode.git 2941
2023-10-19 13:25:07.316 [warning] [Decorations] CAPPING events from decorations provider vscode.git 2941
2023-10-19 13:25:12.485 [warning] [Decorations] CAPPING events from decorations provider vscode.git 2941
2023-10-19 13:25:17.642 [warning] [Decorations] CAPPING events from decorations provider vscode.git 2941
2023-10-19 13:25:22.809 [warning] [Decorations] CAPPING events from decorations provider vscode.git 2941
2023-10-19 13:25:27.963 [warning] [Decorations] CAPPING events from decorations provider vscode.git 2941
2023-10-19 13:25:33.135 [warning] [Decorations] CAPPING events from decorations provider vscode.git 2941
2023-10-19 13:25:38.298 [warning] [Decorations] CAPPING events from decorations provider vscode.git 2941
2023-10-19 13:25:43.455 [warning] [Decorations] CAPPING events from decorations provider vscode.git 2941
2023-10-19 13:25:48.615 [warning] [Decorations] CAPPING events from decorations provider vscode.git 2941
2023-10-19 13:25:53.775 [warning] [Decorations] CAPPING events from decorations provider vscode.git 2941
2023-10-19 13:25:58.928 [warning] [Decorations] CAPPING events from decorations provider vscode.git 2941
2023-10-19 13:26:04.085 [warning] [Decorations] CAPPING events from decorations provider vscode.git 2941
2023-10-19 13:26:09.250 [warning] [Decorations] CAPPING events from decorations provider vscode.git 2941
2023-10-19 13:26:14.418 [warning] [Decorations] CAPPING events from decorations provider vscode.git 2941
2023-10-19 13:26:19.586 [warning] [Decorations] CAPPING events from decorations provider vscode.git 2941
2023-10-19 13:26:24.760 [warning] [Decorations] CAPPING events from decorations provider vscode.git 2941
2023-10-19 13:26:29.910 [warning] [Decorations] CAPPING events from decorations provider vscode.git 2941
2023-10-19 13:26:35.070 [warning] [Decorations] CAPPING events from decorations provider vscode.git 2941
2023-10-19 13:26:40.232 [warning] [Decorations] CAPPING events from decorations provider vscode.git 2941
2023-10-19 13:26:45.387 [warning] [Decorations] CAPPING events from decorations provider vscode.git 2941
2023-10-19 13:26:50.540 [warning] [Decorations] CAPPING events from decorations provider vscode.git 2941
2023-10-19 13:26:55.696 [warning] [Decorations] CAPPING events from decorations provider vscode.git 2941
2023-10-19 13:27:00.850 [warning] [Decorations] CAPPING events from decorations provider vscode.git 2941
2023-10-19 13:27:06.007 [warning] [Decorations] CAPPING events from decorations provider vscode.git 2941
2023-10-19 13:27:11.183 [warning] [Decorations] CAPPING events from decorations provider vscode.git 2941
2023-10-19 13:27:16.347 [warning] [Decorations] CAPPING events from decorations provider vscode.git 2941
2023-10-19 13:27:21.525 [warning] [Decorations] CAPPING events from decorations provider vscode.git 2941
2023-10-19 13:27:26.679 [warning] [Decorations] CAPPING events from decorations provider vscode.git 2941
2023-10-19 13:27:31.855 [warning] [Decorations] CAPPING events from decorations provider vscode.git 2941
2023-10-19 13:27:37.014 [warning] [Decorations] CAPPING events from decorations provider vscode.git 2941
2023-10-19 13:27:42.185 [warning] [Decorations] CAPPING events from decorations provider vscode.git 2941
2023-10-19 13:27:47.347 [warning] [Decorations] CAPPING events from decorations provider vscode.git 2941
2023-10-19 13:27:52.513 [warning] [Decorations] CAPPING events from decorations provider vscode.git 2941
2023-10-19 13:27:57.672 [warning] [Decorations] CAPPING events from decorations provider vscode.git 2941
2023-10-19 13:28:02.825 [warning] [Decorations] CAPPING events from decorations provider vscode.git 2941
2023-10-19 13:28:07.989 [warning] [Decorations] CAPPING events from decorations provider vscode.git 2941
2023-10-19 13:28:13.155 [warning] [Decorations] CAPPING events from decorations provider vscode.git 2941
2023-10-19 13:28:18.319 [warning] [Decorations] CAPPING events from decorations provider vscode.git 2941
2023-10-19 13:28:23.489 [warning] [Decorations] CAPPING events from decorations provider vscode.git 2941
2023-10-19 13:28:28.606 [warning] [Decorations] CAPPING events from decorations provider vscode.git 2941
2023-10-19 13:28:33.713 [warning] [Decorations] CAPPING events from decorations provider vscode.git 2941
2023-10-19 13:28:38.869 [warning] [Decorations] CAPPING events from decorations provider vscode.git 2941
2023-10-19 13:28:44.025 [warning] [Decorations] CAPPING events from decorations provider vscode.git 2941
2023-10-19 13:28:49.186 [warning] [Decorations] CAPPING events from decorations provider vscode.git 2941
2023-10-19 13:28:54.353 [warning] [Decorations] CAPPING events from decorations provider vscode.git 2941
2023-10-19 13:28:59.511 [warning] [Decorations] CAPPING events from decorations provider vscode.git 2941
2023-10-19 13:29:04.688 [warning] [Decorations] CAPPING events from decorations provider vscode.git 2941
2023-10-19 13:29:09.845 [warning] [Decorations] CAPPING events from decorations provider vscode.git 2941
2023-10-19 13:29:15.029 [warning] [Decorations] CAPPING events from decorations provider vscode.git 2941
2023-10-19 13:29:20.169 [warning] [Decorations] CAPPING events from decorations provider vscode.git 2941
2023-10-19 13:29:25.333 [warning] [Decorations] CAPPING events from decorations provider vscode.git 2941
2023-10-19 13:29:30.467 [warning] [Decorations] CAPPING events from decorations provider vscode.git 2941
2023-10-19 13:29:35.601 [warning] [Decorations] CAPPING events from decorations provider vscode.git 2941
2023-10-19 13:29:40.733 [warning] [Decorations] CAPPING events from decorations provider vscode.git 2941
2023-10-19 13:29:45.848 [warning] [Decorations] CAPPING events from decorations provider vscode.git 2941
2023-10-19 13:29:50.960 [warning] [Decorations] CAPPING events from decorations provider vscode.git 2941
2023-10-19 13:29:56.095 [warning] [Decorations] CAPPING events from decorations provider vscode.git 2941
2023-10-19 13:30:01.231 [warning] [Decorations] CAPPING events from decorations provider vscode.git 2941
2023-10-19 13:30:06.401 [warning] [Decorations] CAPPING events from decorations provider vscode.git 2941
2023-10-19 13:30:11.553 [warning] [Decorations] CAPPING events from decorations provider vscode.git 2941
2023-10-19 13:30:16.705 [warning] [Decorations] CAPPING events from decorations provider vscode.git 2941
2023-10-19 13:30:21.862 [warning] [Decorations] CAPPING events from decorations provider vscode.git 2941
2023-10-19 13:30:27.061 [warning] [Decorations] CAPPING events from decorations provider vscode.git 2941
2023-10-19 13:30:32.217 [warning] [Decorations] CAPPING events from decorations provider vscode.git 2941
2023-10-19 13:30:37.371 [warning] [Decorations] CAPPING events from decorations provider vscode.git 2941
2023-10-19 13:30:42.528 [warning] [Decorations] CAPPING events from decorations provider vscode.git 2941
2023-10-19 13:30:47.676 [warning] [Decorations] CAPPING events from decorations provider vscode.git 2941
2023-10-19 13:30:52.814 [warning] [Decorations] CAPPING events from decorations provider vscode.git 2941
2023-10-19 13:30:57.981 [warning] [Decorations] CAPPING events from decorations provider vscode.git 2941
2023-10-19 13:31:03.187 [warning] [Decorations] CAPPING events from decorations provider vscode.git 2941
2023-10-19 13:31:08.344 [warning] [Decorations] CAPPING events from decorations provider vscode.git 2941
2023-10-19 13:31:13.489 [warning] [Decorations] CAPPING events from decorations provider vscode.git 2941
2023-10-19 13:31:18.658 [warning] [Decorations] CAPPING events from decorations provider vscode.git 2941
2023-10-19 13:31:23.793 [warning] [Decorations] CAPPING events from decorations provider vscode.git 2941
2023-10-19 13:31:28.920 [warning] [Decorations] CAPPING events from decorations provider vscode.git 2941
2023-10-19 13:31:34.057 [warning] [Decorations] CAPPING events from decorations provider vscode.git 2941
2023-10-19 13:31:39.216 [warning] [Decorations] CAPPING events from decorations provider vscode.git 2941
2023-10-19 13:31:44.373 [warning] [Decorations] CAPPING events from decorations provider vscode.git 2941
2023-10-19 13:31:49.534 [warning] [Decorations] CAPPING events from decorations provider vscode.git 2941
2023-10-19 13:31:54.695 [warning] [Decorations] CAPPING events from decorations provider vscode.git 2941
2023-10-19 13:31:59.810 [warning] [Decorations] CAPPING events from decorations provider vscode.git 2941
2023-10-19 13:32:04.921 [warning] [Decorations] CAPPING events from decorations provider vscode.git 2941
2023-10-19 13:32:10.080 [warning] [Decorations] CAPPING events from decorations provider vscode.git 2941
2023-10-19 13:32:15.230 [warning] [Decorations] CAPPING events from decorations provider vscode.git 2941
2023-10-19 13:32:20.396 [warning] [Decorations] CAPPING events from decorations provider vscode.git 2941
2023-10-19 13:32:25.553 [warning] [Decorations] CAPPING events from decorations provider vscode.git 2941
2023-10-19 13:32:30.673 [warning] [Decorations] CAPPING events from decorations provider vscode.git 2941
2023-10-19 13:32:35.775 [warning] [Decorations] CAPPING events from decorations provider vscode.git 2941
2023-10-19 13:32:40.890 [warning] [Decorations] CAPPING events from decorations provider vscode.git 2941
2023-10-19 13:32:46.007 [warning] [Decorations] CAPPING events from decorations provider vscode.git 2941
2023-10-19 13:32:51.128 [warning] [Decorations] CAPPING events from decorations provider vscode.git 2941
2023-10-19 13:32:56.282 [warning] [Decorations] CAPPING events from decorations provider vscode.git 2941
2023-10-19 13:33:01.450 [warning] [Decorations] CAPPING events from decorations provider vscode.git 2941
2023-10-19 13:33:06.610 [warning] [Decorations] CAPPING events from decorations provider vscode.git 2941
2023-10-19 13:33:11.727 [warning] [Decorations] CAPPING events from decorations provider vscode.git 2941
2023-10-19 13:33:16.845 [warning] [Decorations] CAPPING events from decorations provider vscode.git 2941
2023-10-19 13:33:21.958 [warning] [Decorations] CAPPING events from decorations provider vscode.git 2941
2023-10-19 13:33:27.110 [warning] [Decorations] CAPPING events from decorations provider vscode.git 2941
2023-10-19 13:33:32.283 [warning] [Decorations] CAPPING events from decorations provider vscode.git 2941
2023-10-19 13:33:37.446 [warning] [Decorations] CAPPING events from decorations provider vscode.git 2941
2023-10-19 13:33:42.615 [warning] [Decorations] CAPPING events from decorations provider vscode.git 2941
2023-10-19 13:33:47.780 [warning] [Decorations] CAPPING events from decorations provider vscode.git 2941
2023-10-19 13:33:52.951 [warning] [Decorations] CAPPING events from decorations provider vscode.git 2941
2023-10-19 13:33:58.104 [warning] [Decorations] CAPPING events from decorations provider vscode.git 2941
2023-10-19 13:34:03.280 [warning] [Decorations] CAPPING events from decorations provider vscode.git 2941
2023-10-19 13:34:08.446 [warning] [Decorations] CAPPING events from decorations provider vscode.git 2941
2023-10-19 13:34:13.610 [warning] [Decorations] CAPPING events from decorations provider vscode.git 2941
2023-10-19 13:34:18.758 [warning] [Decorations] CAPPING events from decorations provider vscode.git 2941
2023-10-19 13:34:23.934 [warning] [Decorations] CAPPING events from decorations provider vscode.git 2941
2023-10-19 13:34:29.085 [warning] [Decorations] CAPPING events from decorations provider vscode.git 2941
2023-10-19 13:34:34.251 [warning] [Decorations] CAPPING events from decorations provider vscode.git 2941
2023-10-19 13:34:39.420 [warning] [Decorations] CAPPING events from decorations provider vscode.git 2941
2023-10-19 13:34:44.588 [warning] [Decorations] CAPPING events from decorations provider vscode.git 2941
2023-10-19 13:34:49.739 [warning] [Decorations] CAPPING events from decorations provider vscode.git 2941
2023-10-19 13:34:54.896 [warning] [Decorations] CAPPING events from decorations provider vscode.git 2941
2023-10-19 13:35:00.059 [warning] [Decorations] CAPPING events from decorations provider vscode.git 2941
2023-10-19 13:35:05.224 [warning] [Decorations] CAPPING events from decorations provider vscode.git 2941
2023-10-19 13:35:10.391 [warning] [Decorations] CAPPING events from decorations provider vscode.git 2941
2023-10-19 13:35:15.565 [warning] [Decorations] CAPPING events from decorations provider vscode.git 2941
2023-10-19 13:35:20.726 [warning] [Decorations] CAPPING events from decorations provider vscode.git 2941
2023-10-19 13:35:25.845 [warning] [Decorations] CAPPING events from decorations provider vscode.git 2941
2023-10-19 13:35:30.999 [warning] [Decorations] CAPPING events from decorations provider vscode.git 2941
2023-10-19 13:35:36.173 [warning] [Decorations] CAPPING events from decorations provider vscode.git 2941
2023-10-19 13:35:41.334 [warning] [Decorations] CAPPING events from decorations provider vscode.git 2941
2023-10-19 13:35:46.502 [warning] [Decorations] CAPPING events from decorations provider vscode.git 2941
2023-10-19 13:35:51.663 [warning] [Decorations] CAPPING events from decorations provider vscode.git 2941
2023-10-19 13:35:56.832 [warning] [Decorations] CAPPING events from decorations provider vscode.git 2941
2023-10-19 13:36:01.987 [warning] [Decorations] CAPPING events from decorations provider vscode.git 2941
2023-10-19 13:36:07.151 [warning] [Decorations] CAPPING events from decorations provider vscode.git 2941
2023-10-19 13:36:12.302 [warning] [Decorations] CAPPING events from decorations provider vscode.git 2941
2023-10-19 13:36:17.480 [warning] [Decorations] CAPPING events from decorations provider vscode.git 2941
2023-10-19 13:36:22.625 [warning] [Decorations] CAPPING events from decorations provider vscode.git 2941
2023-10-19 13:36:27.738 [warning] [Decorations] CAPPING events from decorations provider vscode.git 2941
2023-10-19 13:36:32.897 [warning] [Decorations] CAPPING events from decorations provider vscode.git 2941
2023-10-19 13:36:38.065 [warning] [Decorations] CAPPING events from decorations provider vscode.git 2941
2023-10-19 13:36:43.226 [warning] [Decorations] CAPPING events from decorations provider vscode.git 2941
2023-10-19 13:36:48.382 [warning] [Decorations] CAPPING events from decorations provider vscode.git 2941
2023-10-19 13:36:53.541 [warning] [Decorations] CAPPING events from decorations provider vscode.git 2941
2023-10-19 13:36:58.707 [warning] [Decorations] CAPPING events from decorations provider vscode.git 2941
2023-10-19 13:37:03.870 [warning] [Decorations] CAPPING events from decorations provider vscode.git 2941
2023-10-19 13:37:09.040 [warning] [Decorations] CAPPING events from decorations provider vscode.git 2941
2023-10-19 13:37:14.196 [warning] [Decorations] CAPPING events from decorations provider vscode.git 2941
2023-10-19 13:37:19.366 [warning] [Decorations] CAPPING events from decorations provider vscode.git 2941
2023-10-19 13:37:24.531 [warning] [Decorations] CAPPING events from decorations provider vscode.git 2941
2023-10-19 13:37:29.707 [warning] [Decorations] CAPPING events from decorations provider vscode.git 2941
2023-10-19 13:37:34.871 [warning] [Decorations] CAPPING events from decorations provider vscode.git 2941
2023-10-19 13:37:40.046 [warning] [Decorations] CAPPING events from decorations provider vscode.git 2941
2023-10-19 13:37:45.204 [warning] [Decorations] CAPPING events from decorations provider vscode.git 2941
2023-10-19 13:37:50.374 [warning] [Decorations] CAPPING events from decorations provider vscode.git 2941
2023-10-19 13:37:55.547 [warning] [Decorations] CAPPING events from decorations provider vscode.git 2941
2023-10-19 13:38:00.720 [warning] [Decorations] CAPPING events from decorations provider vscode.git 2941
2023-10-19 13:38:05.878 [warning] [Decorations] CAPPING events from decorations provider vscode.git 2941
2023-10-19 13:38:11.049 [warning] [Decorations] CAPPING events from decorations provider vscode.git 2941
2023-10-19 13:38:16.206 [warning] [Decorations] CAPPING events from decorations provider vscode.git 2941
2023-10-19 13:38:21.316 [warning] [Decorations] CAPPING events from decorations provider vscode.git 2941
2023-10-19 13:38:26.462 [warning] [Decorations] CAPPING events from decorations provider vscode.git 2941
2023-10-19 13:38:31.638 [warning] [Decorations] CAPPING events from decorations provider vscode.git 2941
2023-10-19 13:38:36.802 [warning] [Decorations] CAPPING events from decorations provider vscode.git 2941
2023-10-19 13:38:41.921 [warning] [Decorations] CAPPING events from decorations provider vscode.git 2941
2023-10-19 13:38:47.030 [warning] [Decorations] CAPPING events from decorations provider vscode.git 2941
2023-10-19 13:38:52.199 [warning] [Decorations] CAPPING events from decorations provider vscode.git 2941
2023-10-19 13:38:57.369 [warning] [Decorations] CAPPING events from decorations provider vscode.git 2941
2023-10-19 13:39:02.549 [warning] [Decorations] CAPPING events from decorations provider vscode.git 2941
2023-10-19 13:39:07.710 [warning] [Decorations] CAPPING events from decorations provider vscode.git 2941
2023-10-19 13:39:12.887 [warning] [Decorations] CAPPING events from decorations provider vscode.git 2941
2023-10-19 13:39:18.017 [warning] [Decorations] CAPPING events from decorations provider vscode.git 2941
2023-10-19 13:39:23.130 [warning] [Decorations] CAPPING events from decorations provider vscode.git 2941
2023-10-19 13:39:28.293 [warning] [Decorations] CAPPING events from decorations provider vscode.git 2941
2023-10-19 13:39:33.472 [warning] [Decorations] CAPPING events from decorations provider vscode.git 2941
2023-10-19 13:39:38.636 [warning] [Decorations] CAPPING events from decorations provider vscode.git 2941
2023-10-19 13:39:43.802 [warning] [Decorations] CAPPING events from decorations provider vscode.git 2941
2023-10-19 13:39:48.965 [warning] [Decorations] CAPPING events from decorations provider vscode.git 2941
2023-10-19 13:39:54.136 [warning] [Decorations] CAPPING events from decorations provider vscode.git 2941
2023-10-19 13:39:59.290 [warning] [Decorations] CAPPING events from decorations provider vscode.git 2941
2023-10-19 13:40:04.460 [warning] [Decorations] CAPPING events from decorations provider vscode.git 2941
2023-10-19 13:40:09.621 [warning] [Decorations] CAPPING events from decorations provider vscode.git 2941
2023-10-19 13:40:14.788 [warning] [Decorations] CAPPING events from decorations provider vscode.git 2941
2023-10-19 13:40:19.945 [warning] [Decorations] CAPPING events from decorations provider vscode.git 2941
2023-10-19 13:40:25.107 [warning] [Decorations] CAPPING events from decorations provider vscode.git 2941
2023-10-19 13:40:30.272 [warning] [Decorations] CAPPING events from decorations provider vscode.git 2941
2023-10-19 13:40:35.445 [warning] [Decorations] CAPPING events from decorations provider vscode.git 2941
2023-10-19 13:40:40.563 [warning] [Decorations] CAPPING events from decorations provider vscode.git 2941
2023-10-19 13:40:45.723 [warning] [Decorations] CAPPING events from decorations provider vscode.git 2941
2023-10-19 13:40:50.878 [warning] [Decorations] CAPPING events from decorations provider vscode.git 2941
2023-10-19 13:40:56.046 [warning] [Decorations] CAPPING events from decorations provider vscode.git 2941
2023-10-19 13:41:01.207 [warning] [Decorations] CAPPING events from decorations provider vscode.git 2941
2023-10-19 13:41:06.365 [warning] [Decorations] CAPPING events from decorations provider vscode.git 2941
2023-10-19 13:41:11.525 [warning] [Decorations] CAPPING events from decorations provider vscode.git 2941
2023-10-19 13:41:16.697 [warning] [Decorations] CAPPING events from decorations provider vscode.git 2941
2023-10-19 13:41:21.861 [warning] [Decorations] CAPPING events from decorations provider vscode.git 2941
2023-10-19 13:41:27.029 [warning] [Decorations] CAPPING events from decorations provider vscode.git 2941
2023-10-19 13:41:32.143 [warning] [Decorations] CAPPING events from decorations provider vscode.git 2941
2023-10-19 13:41:37.318 [warning] [Decorations] CAPPING events from decorations provider vscode.git 2941
2023-10-19 13:41:42.481 [warning] [Decorations] CAPPING events from decorations provider vscode.git 2941
2023-10-19 13:41:47.669 [warning] [Decorations] CAPPING events from decorations provider vscode.git 2941
2023-10-19 13:41:52.840 [warning] [Decorations] CAPPING events from decorations provider vscode.git 2941
2023-10-19 13:41:58.020 [warning] [Decorations] CAPPING events from decorations provider vscode.git 2941
2023-10-19 13:42:03.186 [warning] [Decorations] CAPPING events from decorations provider vscode.git 2941
2023-10-19 13:42:08.352 [warning] [Decorations] CAPPING events from decorations provider vscode.git 2941
2023-10-19 13:42:13.509 [warning] [Decorations] CAPPING events from decorations provider vscode.git 2941
2023-10-19 13:42:18.626 [warning] [Decorations] CAPPING events from decorations provider vscode.git 2941
2023-10-19 13:42:23.738 [warning] [Decorations] CAPPING events from decorations provider vscode.git 2941
2023-10-19 13:42:28.859 [warning] [Decorations] CAPPING events from decorations provider vscode.git 2941
2023-10-19 13:42:34.010 [warning] [Decorations] CAPPING events from decorations provider vscode.git 2941
2023-10-19 13:42:39.164 [warning] [Decorations] CAPPING events from decorations provider vscode.git 2941
2023-10-19 13:42:44.277 [warning] [Decorations] CAPPING events from decorations provider vscode.git 2941
2023-10-19 13:42:49.442 [warning] [Decorations] CAPPING events from decorations provider vscode.git 2941
2023-10-19 13:47:33.740 [warning] [Decorations] CAPPING events from decorations provider vscode.git 2941
2023-10-19 13:47:39.711 [warning] [Decorations] CAPPING events from decorations provider vscode.git 2941
