2023-10-19 08:21:24.391 [info] Log level: Info
2023-10-19 08:21:24.392 [info] Validating found git in: "git"
2023-10-19 08:21:24.440 [info] Using git "2.42.0" from "git"
2023-10-19 08:21:24.470 [info] > git rev-parse --show-toplevel [8ms]
2023-10-19 08:21:24.470 [info] fatal: not a git repository (or any parent up to mount point /)
Stopping at filesystem boundary (GIT_DISCOVERY_ACROSS_FILESYSTEM not set).
2023-10-19 08:21:24.505 [info] > git rev-parse --show-toplevel [16ms]
2023-10-19 08:21:24.544 [info] > git rev-parse --git-dir --git-common-dir [3ms]
2023-10-19 08:21:24.571 [info] Open repository: /home/ene/it610
2023-10-19 08:21:24.597 [info] > git config --get commit.template [10ms]
2023-10-19 08:21:24.604 [info] > git rev-parse --show-toplevel [8ms]
2023-10-19 08:21:24.604 [info] fatal: not a git repository (or any parent up to mount point /)
Stopping at filesystem boundary (GIT_DISCOVERY_ACROSS_FILESYSTEM not set).
2023-10-19 08:21:24.623 [info] > git rev-parse --show-toplevel [2ms]
2023-10-19 08:21:24.623 [info] fatal: not a git repository (or any parent up to mount point /)
Stopping at filesystem boundary (GIT_DISCOVERY_ACROSS_FILESYSTEM not set).
2023-10-19 08:21:24.637 [info] > git rev-parse --show-toplevel [5ms]
2023-10-19 08:21:24.648 [info] > git rev-parse --git-dir --git-common-dir [3ms]
2023-10-19 08:21:24.649 [info] > git for-each-ref --format=%(refname)%00%(upstream:short)%00%(objectname)%00%(upstream:track)%00%(upstream:remotename)%00%(upstream:remoteref) refs/heads/master refs/remotes/master [36ms]
2023-10-19 08:21:24.667 [info] Open repository: /home/ene/.config
2023-10-19 08:21:24.699 [info] > git status -z -uall [42ms]
2023-10-19 08:21:24.699 [info] > git rev-parse --show-toplevel [17ms]
2023-10-19 08:21:24.699 [info] fatal: not a git repository (or any parent up to mount point /)
Stopping at filesystem boundary (GIT_DISCOVERY_ACROSS_FILESYSTEM not set).
2023-10-19 08:21:24.700 [info] > git config --get commit.template [25ms]
2023-10-19 08:21:24.747 [info] No remotes found in the git config file.
2023-10-19 08:21:24.749 [info] > git config --get commit.template [11ms]
2023-10-19 08:21:24.749 [info] > git rev-parse --show-toplevel [18ms]
2023-10-19 08:21:24.749 [info] fatal: not a git repository (or any parent up to mount point /)
Stopping at filesystem boundary (GIT_DISCOVERY_ACROSS_FILESYSTEM not set).
2023-10-19 08:21:24.759 [info] > git for-each-ref --format=%(refname)%00%(upstream:short)%00%(objectname)%00%(upstream:track)%00%(upstream:remotename)%00%(upstream:remoteref) refs/heads/master refs/remotes/master [12ms]
2023-10-19 08:21:24.777 [info] > git rev-parse --show-toplevel [18ms]
2023-10-19 08:21:24.777 [info] fatal: not a git repository (or any parent up to mount point /)
Stopping at filesystem boundary (GIT_DISCOVERY_ACROSS_FILESYSTEM not set).
2023-10-19 08:21:24.790 [info] > git for-each-ref --format=%(refname)%00%(upstream:short)%00%(objectname)%00%(upstream:track)%00%(upstream:remotename)%00%(upstream:remoteref) refs/heads/master refs/remotes/master [14ms]
2023-10-19 08:21:24.799 [info] > git rev-parse --show-toplevel [10ms]
2023-10-19 08:21:24.799 [info] fatal: not a git repository (or any parent up to mount point /)
Stopping at filesystem boundary (GIT_DISCOVERY_ACROSS_FILESYSTEM not set).
2023-10-19 08:21:24.853 [info] > git status -z -uall [55ms]
2023-10-19 08:21:24.860 [info] > git rev-parse --show-toplevel [8ms]
2023-10-19 08:21:24.860 [info] fatal: not a git repository (or any parent up to mount point /)
Stopping at filesystem boundary (GIT_DISCOVERY_ACROSS_FILESYSTEM not set).
2023-10-19 08:21:24.868 [info] > git rev-parse --show-toplevel [1ms]
2023-10-19 08:21:24.869 [info] fatal: not a git repository (or any parent up to mount point /)
Stopping at filesystem boundary (GIT_DISCOVERY_ACROSS_FILESYSTEM not set).
2023-10-19 08:21:24.879 [info] > git rev-parse --show-toplevel [3ms]
2023-10-19 08:21:24.879 [info] fatal: not a git repository (or any parent up to mount point /)
Stopping at filesystem boundary (GIT_DISCOVERY_ACROSS_FILESYSTEM not set).
2023-10-19 08:21:24.889 [info] > git status -z -uall [122ms]
2023-10-19 08:21:24.890 [info] > git rev-parse --show-toplevel [4ms]
2023-10-19 08:21:24.890 [info] fatal: not a git repository (or any parent up to mount point /)
Stopping at filesystem boundary (GIT_DISCOVERY_ACROSS_FILESYSTEM not set).
2023-10-19 08:21:25.569 [info] > git config --get commit.template [554ms]
2023-10-19 08:21:25.570 [info] > git rev-parse --show-toplevel [563ms]
2023-10-19 08:21:25.570 [info] fatal: not a git repository (or any parent up to mount point /)
Stopping at filesystem boundary (GIT_DISCOVERY_ACROSS_FILESYSTEM not set).
2023-10-19 08:21:25.616 [info] No remotes found in the git config file.
2023-10-19 08:21:25.629 [info] > git check-ignore -v -z --stdin [51ms]
2023-10-19 08:21:25.634 [info] > git rev-parse --show-toplevel [47ms]
2023-10-19 08:21:25.634 [info] fatal: not a git repository (or any parent up to mount point /)
Stopping at filesystem boundary (GIT_DISCOVERY_ACROSS_FILESYSTEM not set).
2023-10-19 08:21:25.652 [info] > git for-each-ref --format=%(refname)%00%(upstream:short)%00%(objectname)%00%(upstream:track)%00%(upstream:remotename)%00%(upstream:remoteref) refs/heads/master refs/remotes/master [36ms]
2023-10-19 08:21:25.671 [info] > git rev-parse --show-toplevel [20ms]
2023-10-19 08:21:25.671 [info] fatal: not a git repository (or any parent up to mount point /)
Stopping at filesystem boundary (GIT_DISCOVERY_ACROSS_FILESYSTEM not set).
2023-10-19 08:21:25.768 [info] > git status -z -uall [99ms]
2023-10-19 08:21:25.769 [info] > git rev-parse --show-toplevel [7ms]
2023-10-19 08:21:25.769 [info] fatal: not a git repository (or any parent up to mount point /)
Stopping at filesystem boundary (GIT_DISCOVERY_ACROSS_FILESYSTEM not set).
2023-10-19 08:21:25.864 [info] > git rev-parse --show-toplevel [3ms]
2023-10-19 08:21:25.864 [info] fatal: not a git repository (or any parent up to mount point /)
Stopping at filesystem boundary (GIT_DISCOVERY_ACROSS_FILESYSTEM not set).
2023-10-19 08:21:25.895 [info] > git rev-parse --show-toplevel [21ms]
2023-10-19 08:21:25.895 [info] fatal: not a git repository (or any parent up to mount point /)
Stopping at filesystem boundary (GIT_DISCOVERY_ACROSS_FILESYSTEM not set).
2023-10-19 08:21:26.464 [info] > git rev-parse --show-toplevel [30ms]
2023-10-19 08:21:26.464 [info] fatal: not a git repository (or any parent up to mount point /)
Stopping at filesystem boundary (GIT_DISCOVERY_ACROSS_FILESYSTEM not set).
2023-10-19 08:21:26.499 [info] > git show --textconv :exercises/2/Dockerfile [26ms]
2023-10-19 08:21:26.501 [info] > git rev-parse --show-toplevel [4ms]
2023-10-19 08:21:26.501 [info] fatal: not a git repository (or any parent up to mount point /)
Stopping at filesystem boundary (GIT_DISCOVERY_ACROSS_FILESYSTEM not set).
2023-10-19 08:21:26.502 [info] > git ls-files --stage -- /home/ene/it610/exercises/2/Dockerfile [19ms]
2023-10-19 08:21:26.527 [info] > git cat-file -s 6c0814cddbde358e0f92466305950524a9acd7c2 [14ms]
2023-10-19 08:21:26.529 [info] > git rev-parse --show-toplevel [3ms]
2023-10-19 08:21:26.529 [info] fatal: not a git repository (or any parent up to mount point /)
Stopping at filesystem boundary (GIT_DISCOVERY_ACROSS_FILESYSTEM not set).
2023-10-19 08:21:26.543 [info] > git rev-parse --show-toplevel [2ms]
2023-10-19 08:21:26.543 [info] fatal: not a git repository (or any parent up to mount point /)
Stopping at filesystem boundary (GIT_DISCOVERY_ACROSS_FILESYSTEM not set).
2023-10-19 08:21:52.058 [info] > git config --get commit.template [2ms]
2023-10-19 08:21:52.068 [info] No remotes found in the git config file.
2023-10-19 08:21:52.069 [info] > git for-each-ref --format=%(refname)%00%(upstream:short)%00%(objectname)%00%(upstream:track)%00%(upstream:remotename)%00%(upstream:remoteref) refs/heads/master refs/remotes/master [2ms]
2023-10-19 08:21:52.097 [info] > git status -z -uall [18ms]
2023-10-19 08:21:57.182 [info] > git config --get commit.template [4ms]
2023-10-19 08:21:57.197 [info] No remotes found in the git config file.
2023-10-19 08:21:57.199 [info] > git for-each-ref --format=%(refname)%00%(upstream:short)%00%(objectname)%00%(upstream:track)%00%(upstream:remotename)%00%(upstream:remoteref) refs/heads/master refs/remotes/master [3ms]
2023-10-19 08:21:57.234 [info] > git status -z -uall [20ms]
2023-10-19 08:22:02.343 [info] > git config --get commit.template [3ms]
2023-10-19 08:22:02.358 [info] No remotes found in the git config file.
2023-10-19 08:22:02.361 [info] > git for-each-ref --format=%(refname)%00%(upstream:short)%00%(objectname)%00%(upstream:track)%00%(upstream:remotename)%00%(upstream:remoteref) refs/heads/master refs/remotes/master [2ms]
2023-10-19 08:22:02.395 [info] > git status -z -uall [20ms]
2023-10-19 08:22:12.719 [info] > git config --get commit.template [2ms]
2023-10-19 08:22:12.730 [info] No remotes found in the git config file.
2023-10-19 08:22:12.732 [info] > git for-each-ref --format=%(refname)%00%(upstream:short)%00%(objectname)%00%(upstream:track)%00%(upstream:remotename)%00%(upstream:remoteref) refs/heads/master refs/remotes/master [2ms]
2023-10-19 08:22:12.761 [info] > git status -z -uall [20ms]
2023-10-19 08:22:27.395 [info] > git config --get commit.template [3ms]
2023-10-19 08:22:27.407 [info] No remotes found in the git config file.
2023-10-19 08:22:27.408 [info] > git for-each-ref --format=%(refname)%00%(upstream:short)%00%(objectname)%00%(upstream:track)%00%(upstream:remotename)%00%(upstream:remoteref) refs/heads/master refs/remotes/master [3ms]
2023-10-19 08:22:27.436 [info] > git status -z -uall [18ms]
