2023-10-19 11:50:25.706 [info] Added views:workbench.panel.output in workbench.panel.output
2023-10-19 11:50:25.706 [info] Added views:workbench.panel.markers.view in workbench.panel.markers
2023-10-19 11:50:25.706 [info] Added views:terminal in terminal
2023-10-19 11:50:25.706 [info] Added views:outline in workbench.view.explorer
2023-10-19 11:50:25.706 [info] Added views:workbench.scm in workbench.view.scm
2023-10-19 11:50:25.706 [info] Added views:workbench.view.search in workbench.view.search
2023-10-19 11:50:25.706 [info] Added views:timeline in workbench.view.explorer
2023-10-19 11:50:25.706 [info] Added views:workbench.explorer.fileView in workbench.view.explorer
2023-10-19 11:50:26.389 [info] Added views:workbench.debug.variablesView,workbench.debug.watchExpressionsView,workbench.debug.callStackView,workbench.debug.breakPointsView in workbench.view.debug
2023-10-19 11:50:26.510 [info] Added views:workbench.panel.repl.view in workbench.panel.repl
2023-10-19 11:50:26.513 [info] Removed views:workbench.debug.breakPointsView,workbench.debug.callStackView,workbench.debug.watchExpressionsView,workbench.debug.variablesView from workbench.view.debug
2023-10-19 11:50:26.514 [info] Added views:workbench.debug.welcome in workbench.view.debug
2023-10-19 11:50:26.807 [info] Added views:~remote.forwardedPorts in ~remote.forwardedPortsContainer
2023-10-19 11:50:59.516 [info] Added views:workbench.panel.markers.view in workbench.panel.markers
2023-10-19 11:50:59.516 [info] Added views:workbench.panel.output in workbench.panel.output
2023-10-19 11:50:59.516 [info] Added views:terminal in terminal
2023-10-19 11:50:59.516 [info] Added views:outline in workbench.view.explorer
2023-10-19 11:50:59.516 [info] Added views:workbench.scm in workbench.view.scm
2023-10-19 11:50:59.516 [info] Added views:workbench.view.search in workbench.view.search
2023-10-19 11:50:59.516 [info] Added views:timeline in workbench.view.explorer
2023-10-19 11:50:59.516 [info] Added views:workbench.explorer.emptyView in workbench.view.explorer
2023-10-19 11:50:59.972 [info] Added views:workbench.debug.variablesView,workbench.debug.watchExpressionsView,workbench.debug.callStackView,workbench.debug.breakPointsView in workbench.view.debug
2023-10-19 11:51:00.069 [info] Added views:~remote.forwardedPorts in ~remote.forwardedPortsContainer
2023-10-19 11:51:00.296 [info] Added views:workbench.panel.repl.view in workbench.panel.repl
2023-10-19 11:51:00.297 [info] Removed views:workbench.debug.breakPointsView,workbench.debug.callStackView,workbench.debug.watchExpressionsView,workbench.debug.variablesView from workbench.view.debug
2023-10-19 11:51:00.299 [info] Added views:workbench.debug.welcome in workbench.view.debug
2023-10-19 11:51:12.097 [info] Added views:workbench.panel.markers.view in workbench.panel.markers
2023-10-19 11:51:12.097 [info] Added views:workbench.panel.output in workbench.panel.output
2023-10-19 11:51:12.097 [info] Added views:terminal in terminal
2023-10-19 11:51:12.097 [info] Added views:outline in workbench.view.explorer
2023-10-19 11:51:12.097 [info] Added views:workbench.scm in workbench.view.scm
2023-10-19 11:51:12.097 [info] Added views:workbench.view.search in workbench.view.search
2023-10-19 11:51:12.097 [info] Added views:timeline in workbench.view.explorer
2023-10-19 11:51:12.097 [info] Added views:workbench.explorer.fileView in workbench.view.explorer
2023-10-19 11:51:12.712 [info] Added views:workbench.debug.welcome in workbench.view.debug
2023-10-19 11:51:12.836 [info] Added views:workbench.panel.repl.view in workbench.panel.repl
2023-10-19 11:51:12.895 [info] Added views:~remote.forwardedPorts in ~remote.forwardedPortsContainer
