2023-10-19 11:48:30.019 [info] Extension host with pid 4255 started
2023-10-19 11:48:30.019 [info] Skipping acquiring lock for /home/ene/.config/Code - OSS/User/workspaceStorage/d7c96ed335ac508038779b4dda49f48b.
2023-10-19 11:48:30.327 [info] ExtensionService#_doActivateExtension vscode.emmet, startup: false, activationEvent: 'onLanguage'
2023-10-19 11:48:30.335 [info] ExtensionService#_doActivateExtension vscode.css-language-features, startup: false, activationEvent: 'onLanguage:css'
2023-10-19 11:48:31.254 [info] ExtensionService#_doActivateExtension vscode.git-base, startup: true, activationEvent: '*', root cause: vscode.git
2023-10-19 11:48:31.273 [info] ExtensionService#_doActivateExtension vscode.git, startup: true, activationEvent: '*'
2023-10-19 11:48:31.325 [info] ExtensionService#_doActivateExtension vscode.github, startup: true, activationEvent: '*'
2023-10-19 11:48:31.397 [info] Eager extensions activated
2023-10-19 11:48:31.446 [info] ExtensionService#_doActivateExtension vscode.debug-auto-launch, startup: false, activationEvent: 'onStartupFinished'
2023-10-19 11:48:31.451 [info] ExtensionService#_doActivateExtension vscode.merge-conflict, startup: false, activationEvent: 'onStartupFinished'
2023-10-19 11:48:31.738 [warning] [Decorations] CAPPING events from decorations provider vscode.git 2957
2023-10-19 11:48:32.480 [warning] [Decorations] CAPPING events from decorations provider vscode.git 2958
2023-10-19 11:48:34.592 [warning] [Decorations] CAPPING events from decorations provider vscode.git 2958
2023-10-19 11:48:39.752 [warning] [Decorations] CAPPING events from decorations provider vscode.git 2958
2023-10-19 11:48:44.903 [warning] [Decorations] CAPPING events from decorations provider vscode.git 2958
2023-10-19 11:48:50.021 [warning] [Decorations] CAPPING events from decorations provider vscode.git 2942
2023-10-19 11:48:55.190 [warning] [Decorations] CAPPING events from decorations provider vscode.git 2942
2023-10-19 11:49:00.303 [warning] [Decorations] CAPPING events from decorations provider vscode.git 2942
2023-10-19 11:49:05.472 [warning] [Decorations] CAPPING events from decorations provider vscode.git 2942
2023-10-19 11:49:10.638 [warning] [Decorations] CAPPING events from decorations provider vscode.git 2942
2023-10-19 11:49:15.812 [warning] [Decorations] CAPPING events from decorations provider vscode.git 2942
2023-10-19 11:49:20.962 [warning] [Decorations] CAPPING events from decorations provider vscode.git 2942
2023-10-19 11:49:26.123 [warning] [Decorations] CAPPING events from decorations provider vscode.git 2942
2023-10-19 11:49:31.276 [warning] [Decorations] CAPPING events from decorations provider vscode.git 2943
2023-10-19 11:49:36.451 [warning] [Decorations] CAPPING events from decorations provider vscode.git 2944
2023-10-19 11:49:41.607 [warning] [Decorations] CAPPING events from decorations provider vscode.git 2943
2023-10-19 11:49:46.771 [warning] [Decorations] CAPPING events from decorations provider vscode.git 2943
2023-10-19 11:49:51.931 [warning] [Decorations] CAPPING events from decorations provider vscode.git 2943
2023-10-19 11:49:57.094 [warning] [Decorations] CAPPING events from decorations provider vscode.git 2943
